[0.372s] Invoking command in '/home/furry/Desktop/gazebo_simulation/src/laser': PYTHONPATH=/home/furry/Desktop/gazebo_simulation/src/build/laser/prefix_override:/usr/lib/python3/dist-packages/colcon_core/task/python/colcon_distutils_commands:/home/furry/Desktop/gazebo_simulation/src/install/laser/lib/python3.10/site-packages:${PYTHONPATH} /usr/bin/python3 -W ignore:setup.py install is deprecated -W ignore:easy_install command is deprecated setup.py egg_info --egg-base ../build/laser build --build-base /home/furry/Desktop/gazebo_simulation/src/build/laser/build install --record /home/furry/Desktop/gazebo_simulation/src/build/laser/install.log --single-version-externally-managed install_data
[0.492s] running egg_info
[0.492s] creating ../build/laser/laser.egg-info
[0.492s] writing ../build/laser/laser.egg-info/PKG-INFO
[0.492s] writing dependency_links to ../build/laser/laser.egg-info/dependency_links.txt
[0.492s] writing entry points to ../build/laser/laser.egg-info/entry_points.txt
[0.492s] writing requirements to ../build/laser/laser.egg-info/requires.txt
[0.492s] writing top-level names to ../build/laser/laser.egg-info/top_level.txt
[0.492s] writing manifest file '../build/laser/laser.egg-info/SOURCES.txt'
[0.493s] reading manifest file '../build/laser/laser.egg-info/SOURCES.txt'
[0.494s] writing manifest file '../build/laser/laser.egg-info/SOURCES.txt'
[0.494s] running build
[0.494s] running build_py
[0.494s] creating /home/furry/Desktop/gazebo_simulation/src/build/laser/build
[0.494s] creating /home/furry/Desktop/gazebo_simulation/src/build/laser/build/lib
[0.494s] creating /home/furry/Desktop/gazebo_simulation/src/build/laser/build/lib/laser
[0.494s] copying laser/get.py -> /home/furry/Desktop/gazebo_simulation/src/build/laser/build/lib/laser
[0.494s] copying laser/laser.py -> /home/furry/Desktop/gazebo_simulation/src/build/laser/build/lib/laser
[0.494s] copying laser/__init__.py -> /home/furry/Desktop/gazebo_simulation/src/build/laser/build/lib/laser
[0.494s] running install
[0.494s] running install_lib
[0.494s] creating /home/furry/Desktop/gazebo_simulation/src/install/laser/lib/python3.10/site-packages/laser
[0.494s] copying /home/furry/Desktop/gazebo_simulation/src/build/laser/build/lib/laser/get.py -> /home/furry/Desktop/gazebo_simulation/src/install/laser/lib/python3.10/site-packages/laser
[0.494s] copying /home/furry/Desktop/gazebo_simulation/src/build/laser/build/lib/laser/laser.py -> /home/furry/Desktop/gazebo_simulation/src/install/laser/lib/python3.10/site-packages/laser
[0.494s] copying /home/furry/Desktop/gazebo_simulation/src/build/laser/build/lib/laser/__init__.py -> /home/furry/Desktop/gazebo_simulation/src/install/laser/lib/python3.10/site-packages/laser
[0.495s] byte-compiling /home/furry/Desktop/gazebo_simulation/src/install/laser/lib/python3.10/site-packages/laser/get.py to get.cpython-310.pyc
[0.495s] byte-compiling /home/furry/Desktop/gazebo_simulation/src/install/laser/lib/python3.10/site-packages/laser/laser.py to laser.cpython-310.pyc
[0.497s] byte-compiling /home/furry/Desktop/gazebo_simulation/src/install/laser/lib/python3.10/site-packages/laser/__init__.py to __init__.cpython-310.pyc
[0.497s] running install_data
[0.497s] creating /home/furry/Desktop/gazebo_simulation/src/install/laser/share/ament_index
[0.498s] creating /home/furry/Desktop/gazebo_simulation/src/install/laser/share/ament_index/resource_index
[0.498s] creating /home/furry/Desktop/gazebo_simulation/src/install/laser/share/ament_index/resource_index/packages
[0.498s] copying resource/laser -> /home/furry/Desktop/gazebo_simulation/src/install/laser/share/ament_index/resource_index/packages
[0.498s] copying package.xml -> /home/furry/Desktop/gazebo_simulation/src/install/laser/share/laser
[0.498s] running install_egg_info
[0.499s] Copying ../build/laser/laser.egg-info to /home/furry/Desktop/gazebo_simulation/src/install/laser/lib/python3.10/site-packages/laser-0.0.0-py3.10.egg-info
[0.499s] running install_scripts
[0.513s] writing list of installed files to '/home/furry/Desktop/gazebo_simulation/src/build/laser/install.log'
[0.529s] Invoked command in '/home/furry/Desktop/gazebo_simulation/src/laser' returned '0': PYTHONPATH=/home/furry/Desktop/gazebo_simulation/src/build/laser/prefix_override:/usr/lib/python3/dist-packages/colcon_core/task/python/colcon_distutils_commands:/home/furry/Desktop/gazebo_simulation/src/install/laser/lib/python3.10/site-packages:${PYTHONPATH} /usr/bin/python3 -W ignore:setup.py install is deprecated -W ignore:easy_install command is deprecated setup.py egg_info --egg-base ../build/laser build --build-base /home/furry/Desktop/gazebo_simulation/src/build/laser/build install --record /home/furry/Desktop/gazebo_simulation/src/build/laser/install.log --single-version-externally-managed install_data
