[0.381s] Invoking command in '/home/furry/Desktop/gazebo_simulation/build/laser': PYTHONPATH=/home/furry/Desktop/gazebo_simulation/build/laser/prefix_override:/usr/lib/python3/dist-packages/colcon_core/task/python/colcon_distutils_commands:/home/furry/Desktop/gazebo_simulation/install/laser/lib/python3.10/site-packages:${PYTHONPATH} /usr/bin/python3 -W ignore:setup.py install is deprecated -W ignore:easy_install command is deprecated setup.py develop --editable --build-directory /home/furry/Desktop/gazebo_simulation/build/laser/build --no-deps symlink_data --force
[0.524s] running develop
[0.601s] running egg_info
[0.601s] writing laser.egg-info/PKG-INFO
[0.601s] writing dependency_links to laser.egg-info/dependency_links.txt
[0.601s] writing entry points to laser.egg-info/entry_points.txt
[0.601s] writing requirements to laser.egg-info/requires.txt
[0.601s] writing top-level names to laser.egg-info/top_level.txt
[0.603s] reading manifest file 'laser.egg-info/SOURCES.txt'
[0.603s] writing manifest file 'laser.egg-info/SOURCES.txt'
[0.636s] running build_ext
[0.636s] Creating /home/furry/Desktop/gazebo_simulation/install/laser/lib/python3.10/site-packages/laser.egg-link (link to .)
[0.637s] Installing laser script to /home/furry/Desktop/gazebo_simulation/install/laser/lib/laser
[0.637s] Installing laser_position script to /home/furry/Desktop/gazebo_simulation/install/laser/lib/laser
[0.637s] 
[0.637s] Installed /home/furry/Desktop/gazebo_simulation/build/laser
[0.637s] running symlink_data
[0.637s] symbolically linking /home/furry/Desktop/gazebo_simulation/build/laser/resource/laser -> /home/furry/Desktop/gazebo_simulation/install/laser/share/ament_index/resource_index/packages
[0.638s] symbolically linking /home/furry/Desktop/gazebo_simulation/build/laser/package.xml -> /home/furry/Desktop/gazebo_simulation/install/laser/share/laser
[0.660s] Invoked command in '/home/furry/Desktop/gazebo_simulation/build/laser' returned '0': PYTHONPATH=/home/furry/Desktop/gazebo_simulation/build/laser/prefix_override:/usr/lib/python3/dist-packages/colcon_core/task/python/colcon_distutils_commands:/home/furry/Desktop/gazebo_simulation/install/laser/lib/python3.10/site-packages:${PYTHONPATH} /usr/bin/python3 -W ignore:setup.py install is deprecated -W ignore:easy_install command is deprecated setup.py develop --editable --build-directory /home/furry/Desktop/gazebo_simulation/build/laser/build --no-deps symlink_data --force
