[0.006s] Invoking command in '/home/furry/Desktop/gazebo_simulation/build/myrobot_controller': CMAKE_PREFIX_PATH=${CMAKE_PREFIX_PATH}:/opt/ros/humble /usr/bin/cmake /home/furry/Desktop/gazebo_simulation/src/myrobot_controller -DCMAKE_INSTALL_PREFIX=/home/furry/Desktop/gazebo_simulation/install/myrobot_controller
[0.045s] -- The C compiler identification is GNU 11.4.0
[0.083s] -- The CXX compiler identification is GNU 11.4.0
[0.088s] -- Detecting C compiler ABI info
[0.156s] -- Detecting C compiler ABI info - done
[0.162s] -- Check for working C compiler: /usr/bin/cc - skipped
[0.162s] -- Detecting C compile features
[0.162s] -- Detecting C compile features - done
[0.165s] -- Detecting CXX compiler ABI info
[0.232s] -- Detecting CXX compiler ABI info - done
[0.237s] -- Check for working CXX compiler: /usr/bin/c++ - skipped
[0.237s] -- Detecting CXX compile features
[0.237s] -- Detecting CXX compile features - done
[0.238s] -- Found ament_cmake: 1.3.11 (/opt/ros/humble/share/ament_cmake/cmake)
[0.330s] -- Found Python3: /usr/bin/python3 (found version "3.10.12") found components: Interpreter 
[0.377s] -- Found rclpy: 3.3.15 (/opt/ros/humble/share/rclpy/cmake)
[0.378s] -- Found std_msgs: 4.2.4 (/opt/ros/humble/share/std_msgs/cmake)
[0.410s] -- Found rosidl_generator_c: 3.1.6 (/opt/ros/humble/share/rosidl_generator_c/cmake)
[0.412s] -- Found rosidl_adapter: 3.1.6 (/opt/ros/humble/share/rosidl_adapter/cmake)
[0.416s] -- Found rosidl_generator_cpp: 3.1.6 (/opt/ros/humble/share/rosidl_generator_cpp/cmake)
[0.422s] -- Using all available rosidl_typesupport_c: rosidl_typesupport_fastrtps_c;rosidl_typesupport_introspection_c
[0.431s] -- Using all available rosidl_typesupport_cpp: rosidl_typesupport_fastrtps_cpp;rosidl_typesupport_introspection_cpp
[0.444s] -- Found geometry_msgs: 4.2.4 (/opt/ros/humble/share/geometry_msgs/cmake)
[0.452s] -- Found rclcpp: 16.0.11 (/opt/ros/humble/share/rclcpp/cmake)
[0.471s] -- Found rmw_implementation_cmake: 6.1.2 (/opt/ros/humble/share/rmw_implementation_cmake/cmake)
[0.473s] -- Found rmw_fastrtps_cpp: 6.2.7 (/opt/ros/humble/share/rmw_fastrtps_cpp/cmake)
[0.536s] -- Found OpenSSL: /usr/lib/x86_64-linux-gnu/libcrypto.so (found version "3.0.2")  
[0.555s] -- Found FastRTPS: /opt/ros/humble/include  
[0.582s] -- Using RMW implementation 'rmw_fastrtps_cpp' as default
[0.587s] -- Looking for pthread.h
[0.657s] -- Looking for pthread.h - found
[0.657s] -- Performing Test CMAKE_HAVE_LIBC_PTHREAD
[0.722s] -- Performing Test CMAKE_HAVE_LIBC_PTHREAD - Success
[0.723s] -- Found Threads: TRUE  
[0.808s] -- Found ament_lint_auto: 0.12.11 (/opt/ros/humble/share/ament_lint_auto/cmake)
[0.866s] -- Added test 'cppcheck' to perform static code analysis on C / C++ code
[0.867s] -- Configured cppcheck include dirs: /home/furry/Desktop/gazebo_simulation/src/myrobot_controller/include
[0.867s] -- Configured cppcheck exclude dirs and/or files: 
[0.867s] -- Added test 'flake8' to check Python code syntax and style conventions
[0.867s] -- Added test 'lint_cmake' to check CMake code style
[0.868s] -- Added test 'pep257' to check Python code against some of the docstring style conventions in PEP 257
[0.868s] -- Added test 'uncrustify' to check C / C++ code style
[0.868s] -- Configured uncrustify additional arguments: 
[0.868s] -- Added test 'xmllint' to check XML markup files
[0.869s] -- Configuring done
[0.874s] -- Generating done
[0.876s] -- Build files have been written to: /home/furry/Desktop/gazebo_simulation/build/myrobot_controller
[0.883s] Invoked command in '/home/furry/Desktop/gazebo_simulation/build/myrobot_controller' returned '0': CMAKE_PREFIX_PATH=${CMAKE_PREFIX_PATH}:/opt/ros/humble /usr/bin/cmake /home/furry/Desktop/gazebo_simulation/src/myrobot_controller -DCMAKE_INSTALL_PREFIX=/home/furry/Desktop/gazebo_simulation/install/myrobot_controller
[0.884s] Invoking command in '/home/furry/Desktop/gazebo_simulation/build/myrobot_controller': CMAKE_PREFIX_PATH=${CMAKE_PREFIX_PATH}:/opt/ros/humble /usr/bin/cmake --build /home/furry/Desktop/gazebo_simulation/build/myrobot_controller -- -j24 -l24
[0.923s] [ 50%] [32mBuilding CXX object CMakeFiles/simple_controller.dir/src/simple_controller.cpp.o[0m
[0.929s] [ 50%] Built target ament_cmake_python_copy_myrobot_controller
[1.051s] running egg_info
[1.051s] creating myrobot_controller.egg-info
[1.051s] writing myrobot_controller.egg-info/PKG-INFO
[1.051s] writing dependency_links to myrobot_controller.egg-info/dependency_links.txt
[1.051s] writing top-level names to myrobot_controller.egg-info/top_level.txt
[1.051s] writing manifest file 'myrobot_controller.egg-info/SOURCES.txt'
[1.052s] reading manifest file 'myrobot_controller.egg-info/SOURCES.txt'
[1.052s] writing manifest file 'myrobot_controller.egg-info/SOURCES.txt'
[1.069s] [ 50%] Built target ament_cmake_python_build_myrobot_controller_egg
[5.639s] [100%] [32m[1mLinking CXX executable simple_controller[0m
[5.852s] [100%] Built target simple_controller
[5.870s] Invoked command in '/home/furry/Desktop/gazebo_simulation/build/myrobot_controller' returned '0': CMAKE_PREFIX_PATH=${CMAKE_PREFIX_PATH}:/opt/ros/humble /usr/bin/cmake --build /home/furry/Desktop/gazebo_simulation/build/myrobot_controller -- -j24 -l24
[5.871s] Invoking command in '/home/furry/Desktop/gazebo_simulation/build/myrobot_controller': CMAKE_PREFIX_PATH=${CMAKE_PREFIX_PATH}:/opt/ros/humble /usr/bin/cmake --install /home/furry/Desktop/gazebo_simulation/build/myrobot_controller
[5.880s] -- Install configuration: ""
[5.881s] -- Installing: /home/furry/Desktop/gazebo_simulation/install/myrobot_controller/share/myrobot_controller/environment/pythonpath.sh
[5.881s] -- Installing: /home/furry/Desktop/gazebo_simulation/install/myrobot_controller/share/myrobot_controller/environment/pythonpath.dsv
[5.881s] -- Installing: /home/furry/Desktop/gazebo_simulation/install/myrobot_controller/local/lib/python3.10/dist-packages/myrobot_controller-0.0.0-py3.10.egg-info
[5.881s] -- Installing: /home/furry/Desktop/gazebo_simulation/install/myrobot_controller/local/lib/python3.10/dist-packages/myrobot_controller-0.0.0-py3.10.egg-info/PKG-INFO
[5.881s] -- Installing: /home/furry/Desktop/gazebo_simulation/install/myrobot_controller/local/lib/python3.10/dist-packages/myrobot_controller-0.0.0-py3.10.egg-info/dependency_links.txt
[5.881s] -- Installing: /home/furry/Desktop/gazebo_simulation/install/myrobot_controller/local/lib/python3.10/dist-packages/myrobot_controller-0.0.0-py3.10.egg-info/top_level.txt
[5.881s] -- Installing: /home/furry/Desktop/gazebo_simulation/install/myrobot_controller/local/lib/python3.10/dist-packages/myrobot_controller-0.0.0-py3.10.egg-info/SOURCES.txt
[5.881s] -- Installing: /home/furry/Desktop/gazebo_simulation/install/myrobot_controller/local/lib/python3.10/dist-packages/myrobot_controller
[5.881s] -- Installing: /home/furry/Desktop/gazebo_simulation/install/myrobot_controller/local/lib/python3.10/dist-packages/myrobot_controller/read_laser copy.py
[5.882s] -- Installing: /home/furry/Desktop/gazebo_simulation/install/myrobot_controller/local/lib/python3.10/dist-packages/myrobot_controller/simple_controller.py
[5.882s] -- Installing: /home/furry/Desktop/gazebo_simulation/install/myrobot_controller/local/lib/python3.10/dist-packages/myrobot_controller/read_laser.py
[5.882s] -- Installing: /home/furry/Desktop/gazebo_simulation/install/myrobot_controller/local/lib/python3.10/dist-packages/myrobot_controller/test_cmd.py
[5.882s] -- Installing: /home/furry/Desktop/gazebo_simulation/install/myrobot_controller/local/lib/python3.10/dist-packages/myrobot_controller/read_imu_yaw.py
[5.882s] -- Installing: /home/furry/Desktop/gazebo_simulation/install/myrobot_controller/local/lib/python3.10/dist-packages/myrobot_controller/__init__.py
[5.903s] Listing '/home/furry/Desktop/gazebo_simulation/install/myrobot_controller/local/lib/python3.10/dist-packages/myrobot_controller'...
[5.903s] Compiling '/home/furry/Desktop/gazebo_simulation/install/myrobot_controller/local/lib/python3.10/dist-packages/myrobot_controller/__init__.py'...
[5.903s] Compiling '/home/furry/Desktop/gazebo_simulation/install/myrobot_controller/local/lib/python3.10/dist-packages/myrobot_controller/read_imu_yaw.py'...
[5.904s] Compiling '/home/furry/Desktop/gazebo_simulation/install/myrobot_controller/local/lib/python3.10/dist-packages/myrobot_controller/read_laser copy.py'...
[5.904s] Compiling '/home/furry/Desktop/gazebo_simulation/install/myrobot_controller/local/lib/python3.10/dist-packages/myrobot_controller/read_laser.py'...
[5.904s] Compiling '/home/furry/Desktop/gazebo_simulation/install/myrobot_controller/local/lib/python3.10/dist-packages/myrobot_controller/simple_controller.py'...
[5.904s] Compiling '/home/furry/Desktop/gazebo_simulation/install/myrobot_controller/local/lib/python3.10/dist-packages/myrobot_controller/test_cmd.py'...
[5.906s] -- Installing: /home/furry/Desktop/gazebo_simulation/install/myrobot_controller/include/include
[5.906s] -- Installing: /home/furry/Desktop/gazebo_simulation/install/myrobot_controller/include/include/myrobot_controller
[5.906s] -- Installing: /home/furry/Desktop/gazebo_simulation/install/myrobot_controller/include/include/myrobot_controller/simple_controller.hpp
[5.906s] -- Installing: /home/furry/Desktop/gazebo_simulation/install/myrobot_controller/lib/myrobot_controller/simple_controller
[5.908s] -- Set runtime path of "/home/furry/Desktop/gazebo_simulation/install/myrobot_controller/lib/myrobot_controller/simple_controller" to ""
[5.908s] -- Installing: /home/furry/Desktop/gazebo_simulation/install/myrobot_controller/share/myrobot_controller/config
[5.908s] -- Installing: /home/furry/Desktop/gazebo_simulation/install/myrobot_controller/share/myrobot_controller/config/joy_teleop.yaml
[5.908s] -- Installing: /home/furry/Desktop/gazebo_simulation/install/myrobot_controller/share/myrobot_controller/config/joy_config.yaml
[5.908s] -- Installing: /home/furry/Desktop/gazebo_simulation/install/myrobot_controller/share/myrobot_controller/config/myrobot_controllers.yaml
[5.908s] -- Installing: /home/furry/Desktop/gazebo_simulation/install/myrobot_controller/share/myrobot_controller/launch
[5.908s] -- Installing: /home/furry/Desktop/gazebo_simulation/install/myrobot_controller/share/myrobot_controller/launch/joystick_teleop.launch.py
[5.908s] -- Installing: /home/furry/Desktop/gazebo_simulation/install/myrobot_controller/share/myrobot_controller/launch/controller.launch.py
[5.908s] -- Installing: /home/furry/Desktop/gazebo_simulation/install/myrobot_controller/lib/myrobot_controller/simple_controller.py
[5.908s] -- Installing: /home/furry/Desktop/gazebo_simulation/install/myrobot_controller/share/ament_index/resource_index/package_run_dependencies/myrobot_controller
[5.908s] -- Installing: /home/furry/Desktop/gazebo_simulation/install/myrobot_controller/share/ament_index/resource_index/parent_prefix_path/myrobot_controller
[5.908s] -- Installing: /home/furry/Desktop/gazebo_simulation/install/myrobot_controller/share/myrobot_controller/environment/ament_prefix_path.sh
[5.908s] -- Installing: /home/furry/Desktop/gazebo_simulation/install/myrobot_controller/share/myrobot_controller/environment/ament_prefix_path.dsv
[5.908s] -- Installing: /home/furry/Desktop/gazebo_simulation/install/myrobot_controller/share/myrobot_controller/environment/path.sh
[5.908s] -- Installing: /home/furry/Desktop/gazebo_simulation/install/myrobot_controller/share/myrobot_controller/environment/path.dsv
[5.908s] -- Installing: /home/furry/Desktop/gazebo_simulation/install/myrobot_controller/share/myrobot_controller/local_setup.bash
[5.908s] -- Installing: /home/furry/Desktop/gazebo_simulation/install/myrobot_controller/share/myrobot_controller/local_setup.sh
[5.908s] -- Installing: /home/furry/Desktop/gazebo_simulation/install/myrobot_controller/share/myrobot_controller/local_setup.zsh
[5.908s] -- Installing: /home/furry/Desktop/gazebo_simulation/install/myrobot_controller/share/myrobot_controller/local_setup.dsv
[5.908s] -- Installing: /home/furry/Desktop/gazebo_simulation/install/myrobot_controller/share/myrobot_controller/package.dsv
[5.908s] -- Installing: /home/furry/Desktop/gazebo_simulation/install/myrobot_controller/share/ament_index/resource_index/packages/myrobot_controller
[5.908s] -- Installing: /home/furry/Desktop/gazebo_simulation/install/myrobot_controller/share/myrobot_controller/cmake/myrobot_controllerConfig.cmake
[5.908s] -- Installing: /home/furry/Desktop/gazebo_simulation/install/myrobot_controller/share/myrobot_controller/cmake/myrobot_controllerConfig-version.cmake
[5.908s] -- Installing: /home/furry/Desktop/gazebo_simulation/install/myrobot_controller/share/myrobot_controller/package.xml
[5.910s] Invoked command in '/home/furry/Desktop/gazebo_simulation/build/myrobot_controller' returned '0': CMAKE_PREFIX_PATH=${CMAKE_PREFIX_PATH}:/opt/ros/humble /usr/bin/cmake --install /home/furry/Desktop/gazebo_simulation/build/myrobot_controller
