[0.005s] Invoking command in '/home/furry/Desktop/gazebo_simulation/build/my_robot_bringup': CMAKE_PREFIX_PATH=/home/furry/Desktop/gazebo_simulation/install/my_robot_description:/home/furry/Desktop/gazebo_simulation/install/myrobot_controller:/home/furry/Desktop/gazebo_simulation/install/my_robot_bringup:/home/furry/ws/gazebo_simulation/install/myrobot_controller:/home/furry/ws/gazebo_simulation/install/my_robot_bringup:/home/furry/ws/gazebo_simulation/install/my_robot_description:/opt/ros/humble /usr/bin/cmake /home/furry/Desktop/gazebo_simulation/src/my_robot_bringup -DCMAKE_INSTALL_PREFIX=/home/furry/Desktop/gazebo_simulation/install/my_robot_bringup
[0.052s] -- The C compiler identification is GNU 11.4.0
[0.091s] -- The CXX compiler identification is GNU 11.4.0
[0.096s] -- Detecting C compiler ABI info
[0.163s] -- Detecting C compiler ABI info - done
[0.169s] -- Check for working C compiler: /usr/bin/cc - skipped
[0.169s] -- Detecting C compile features
[0.169s] -- Detecting C compile features - done
[0.172s] -- Detecting CXX compiler ABI info
[0.244s] -- Detecting CXX compiler ABI info - done
[0.250s] -- Check for working CXX compiler: /usr/bin/c++ - skipped
[0.250s] -- Detecting CXX compile features
[0.250s] -- Detecting CXX compile features - done
[0.252s] -- Found ament_cmake: 1.3.11 (/opt/ros/humble/share/ament_cmake/cmake)
[0.354s] -- Found Python3: /usr/bin/python3 (found version "3.10.12") found components: Interpreter 
[0.409s] -- Found rclpy: 3.3.15 (/opt/ros/humble/share/rclpy/cmake)
[0.450s] -- Configuring done
[0.451s] -- Generating done
[0.451s] -- Build files have been written to: /home/furry/Desktop/gazebo_simulation/build/my_robot_bringup
[0.454s] Invoked command in '/home/furry/Desktop/gazebo_simulation/build/my_robot_bringup' returned '0': CMAKE_PREFIX_PATH=/home/furry/Desktop/gazebo_simulation/install/my_robot_description:/home/furry/Desktop/gazebo_simulation/install/myrobot_controller:/home/furry/Desktop/gazebo_simulation/install/my_robot_bringup:/home/furry/ws/gazebo_simulation/install/myrobot_controller:/home/furry/ws/gazebo_simulation/install/my_robot_bringup:/home/furry/ws/gazebo_simulation/install/my_robot_description:/opt/ros/humble /usr/bin/cmake /home/furry/Desktop/gazebo_simulation/src/my_robot_bringup -DCMAKE_INSTALL_PREFIX=/home/furry/Desktop/gazebo_simulation/install/my_robot_bringup
[0.455s] Invoking command in '/home/furry/Desktop/gazebo_simulation/build/my_robot_bringup': CMAKE_PREFIX_PATH=/home/furry/Desktop/gazebo_simulation/install/my_robot_description:/home/furry/Desktop/gazebo_simulation/install/myrobot_controller:/home/furry/Desktop/gazebo_simulation/install/my_robot_bringup:/home/furry/ws/gazebo_simulation/install/myrobot_controller:/home/furry/ws/gazebo_simulation/install/my_robot_bringup:/home/furry/ws/gazebo_simulation/install/my_robot_description:/opt/ros/humble /usr/bin/cmake --build /home/furry/Desktop/gazebo_simulation/build/my_robot_bringup -- -j24 -l24
[0.480s] Invoked command in '/home/furry/Desktop/gazebo_simulation/build/my_robot_bringup' returned '0': CMAKE_PREFIX_PATH=/home/furry/Desktop/gazebo_simulation/install/my_robot_description:/home/furry/Desktop/gazebo_simulation/install/myrobot_controller:/home/furry/Desktop/gazebo_simulation/install/my_robot_bringup:/home/furry/ws/gazebo_simulation/install/myrobot_controller:/home/furry/ws/gazebo_simulation/install/my_robot_bringup:/home/furry/ws/gazebo_simulation/install/my_robot_description:/opt/ros/humble /usr/bin/cmake --build /home/furry/Desktop/gazebo_simulation/build/my_robot_bringup -- -j24 -l24
[0.481s] Invoking command in '/home/furry/Desktop/gazebo_simulation/build/my_robot_bringup': CMAKE_PREFIX_PATH=/home/furry/Desktop/gazebo_simulation/install/my_robot_description:/home/furry/Desktop/gazebo_simulation/install/myrobot_controller:/home/furry/Desktop/gazebo_simulation/install/my_robot_bringup:/home/furry/ws/gazebo_simulation/install/myrobot_controller:/home/furry/ws/gazebo_simulation/install/my_robot_bringup:/home/furry/ws/gazebo_simulation/install/my_robot_description:/opt/ros/humble /usr/bin/cmake --install /home/furry/Desktop/gazebo_simulation/build/my_robot_bringup
[0.487s] -- Install configuration: ""
[0.487s] -- Installing: /home/furry/Desktop/gazebo_simulation/install/my_robot_bringup/share/my_robot_bringup/launch
[0.487s] -- Installing: /home/furry/Desktop/gazebo_simulation/install/my_robot_bringup/share/my_robot_bringup/launch/my_robot_gazebo.launch.xml
[0.487s] -- Installing: /home/furry/Desktop/gazebo_simulation/install/my_robot_bringup/share/my_robot_bringup/launch/my_robot.launch.py
[0.487s] -- Installing: /home/furry/Desktop/gazebo_simulation/install/my_robot_bringup/share/my_robot_bringup/launch/wheel_test.launch.py
[0.487s] -- Installing: /home/furry/Desktop/gazebo_simulation/install/my_robot_bringup/share/my_robot_bringup/rviz
[0.487s] -- Installing: /home/furry/Desktop/gazebo_simulation/install/my_robot_bringup/share/my_robot_bringup/rviz/urdf_config.rviz
[0.487s] -- Installing: /home/furry/Desktop/gazebo_simulation/install/my_robot_bringup/share/my_robot_bringup/src
[0.488s] -- Installing: /home/furry/Desktop/gazebo_simulation/install/my_robot_bringup/share/my_robot_bringup/src/robot_controller.py
[0.488s] -- Installing: /home/furry/Desktop/gazebo_simulation/install/my_robot_bringup/share/ament_index/resource_index/package_run_dependencies/my_robot_bringup
[0.488s] -- Installing: /home/furry/Desktop/gazebo_simulation/install/my_robot_bringup/share/ament_index/resource_index/parent_prefix_path/my_robot_bringup
[0.488s] -- Installing: /home/furry/Desktop/gazebo_simulation/install/my_robot_bringup/share/my_robot_bringup/environment/ament_prefix_path.sh
[0.488s] -- Installing: /home/furry/Desktop/gazebo_simulation/install/my_robot_bringup/share/my_robot_bringup/environment/ament_prefix_path.dsv
[0.488s] -- Installing: /home/furry/Desktop/gazebo_simulation/install/my_robot_bringup/share/my_robot_bringup/environment/path.sh
[0.488s] -- Installing: /home/furry/Desktop/gazebo_simulation/install/my_robot_bringup/share/my_robot_bringup/environment/path.dsv
[0.488s] -- Installing: /home/furry/Desktop/gazebo_simulation/install/my_robot_bringup/share/my_robot_bringup/local_setup.bash
[0.488s] -- Installing: /home/furry/Desktop/gazebo_simulation/install/my_robot_bringup/share/my_robot_bringup/local_setup.sh
[0.488s] -- Installing: /home/furry/Desktop/gazebo_simulation/install/my_robot_bringup/share/my_robot_bringup/local_setup.zsh
[0.488s] -- Installing: /home/furry/Desktop/gazebo_simulation/install/my_robot_bringup/share/my_robot_bringup/local_setup.dsv
[0.488s] -- Installing: /home/furry/Desktop/gazebo_simulation/install/my_robot_bringup/share/my_robot_bringup/package.dsv
[0.488s] -- Installing: /home/furry/Desktop/gazebo_simulation/install/my_robot_bringup/share/ament_index/resource_index/packages/my_robot_bringup
[0.488s] -- Installing: /home/furry/Desktop/gazebo_simulation/install/my_robot_bringup/share/my_robot_bringup/cmake/my_robot_bringupConfig.cmake
[0.488s] -- Installing: /home/furry/Desktop/gazebo_simulation/install/my_robot_bringup/share/my_robot_bringup/cmake/my_robot_bringupConfig-version.cmake
[0.488s] -- Installing: /home/furry/Desktop/gazebo_simulation/install/my_robot_bringup/share/my_robot_bringup/package.xml
[0.490s] Invoked command in '/home/furry/Desktop/gazebo_simulation/build/my_robot_bringup' returned '0': CMAKE_PREFIX_PATH=/home/furry/Desktop/gazebo_simulation/install/my_robot_description:/home/furry/Desktop/gazebo_simulation/install/myrobot_controller:/home/furry/Desktop/gazebo_simulation/install/my_robot_bringup:/home/furry/ws/gazebo_simulation/install/myrobot_controller:/home/furry/ws/gazebo_simulation/install/my_robot_bringup:/home/furry/ws/gazebo_simulation/install/my_robot_description:/opt/ros/humble /usr/bin/cmake --install /home/furry/Desktop/gazebo_simulation/build/my_robot_bringup
