[0.006s] Invoking command in '/home/furry/Desktop/gazebo_simulation/build/my_robot_bringup': CMAKE_PREFIX_PATH=/home/furry/Desktop/gazebo_simulation/install/my_robot_description:/home/furry/Desktop/gazebo_simulation/install/myrobot_controller:/home/furry/Desktop/gazebo_simulation/install/my_robot_bringup:/home/furry/Desktop/gazebo_simulation/install/laser:/opt/ros/humble /usr/bin/cmake /home/furry/Desktop/gazebo_simulation/src/my_robot_bringup -DAMENT_CMAKE_SYMLINK_INSTALL=1 -DCMAKE_INSTALL_PREFIX=/home/furry/Desktop/gazebo_simulation/install/my_robot_bringup
[0.045s] -- The C compiler identification is GNU 11.4.0
[0.087s] -- The CXX compiler identification is GNU 11.4.0
[0.092s] -- Detecting C compiler ABI info
[0.138s] -- Detecting C compiler ABI info - done
[0.142s] -- Check for working C compiler: /usr/bin/cc - skipped
[0.143s] -- Detecting C compile features
[0.143s] -- Detecting C compile features - done
[0.145s] -- Detecting CXX compiler ABI info
[0.200s] -- Detecting CXX compiler ABI info - done
[0.205s] -- Check for working CXX compiler: /usr/bin/c++ - skipped
[0.205s] -- Detecting CXX compile features
[0.205s] -- Detecting CXX compile features - done
[0.207s] -- Found ament_cmake: 1.3.11 (/opt/ros/humble/share/ament_cmake/cmake)
[0.316s] -- Found Python3: /usr/bin/python3 (found version "3.10.12") found components: Interpreter 
[0.360s] -- Override CMake install command with custom implementation using symlinks instead of copying resources
[0.375s] -- Found rclpy: 3.3.15 (/opt/ros/humble/share/rclpy/cmake)
[0.417s] -- Configuring done
[0.418s] -- Generating done
[0.419s] -- Build files have been written to: /home/furry/Desktop/gazebo_simulation/build/my_robot_bringup
[0.422s] Invoked command in '/home/furry/Desktop/gazebo_simulation/build/my_robot_bringup' returned '0': CMAKE_PREFIX_PATH=/home/furry/Desktop/gazebo_simulation/install/my_robot_description:/home/furry/Desktop/gazebo_simulation/install/myrobot_controller:/home/furry/Desktop/gazebo_simulation/install/my_robot_bringup:/home/furry/Desktop/gazebo_simulation/install/laser:/opt/ros/humble /usr/bin/cmake /home/furry/Desktop/gazebo_simulation/src/my_robot_bringup -DAMENT_CMAKE_SYMLINK_INSTALL=1 -DCMAKE_INSTALL_PREFIX=/home/furry/Desktop/gazebo_simulation/install/my_robot_bringup
[0.423s] Invoking command in '/home/furry/Desktop/gazebo_simulation/build/my_robot_bringup': CMAKE_PREFIX_PATH=/home/furry/Desktop/gazebo_simulation/install/my_robot_description:/home/furry/Desktop/gazebo_simulation/install/myrobot_controller:/home/furry/Desktop/gazebo_simulation/install/my_robot_bringup:/home/furry/Desktop/gazebo_simulation/install/laser:/opt/ros/humble /usr/bin/cmake --build /home/furry/Desktop/gazebo_simulation/build/my_robot_bringup -- -j24 -l24
[0.451s] Invoked command in '/home/furry/Desktop/gazebo_simulation/build/my_robot_bringup' returned '0': CMAKE_PREFIX_PATH=/home/furry/Desktop/gazebo_simulation/install/my_robot_description:/home/furry/Desktop/gazebo_simulation/install/myrobot_controller:/home/furry/Desktop/gazebo_simulation/install/my_robot_bringup:/home/furry/Desktop/gazebo_simulation/install/laser:/opt/ros/humble /usr/bin/cmake --build /home/furry/Desktop/gazebo_simulation/build/my_robot_bringup -- -j24 -l24
[0.452s] Invoking command in '/home/furry/Desktop/gazebo_simulation/build/my_robot_bringup': CMAKE_PREFIX_PATH=/home/furry/Desktop/gazebo_simulation/install/my_robot_description:/home/furry/Desktop/gazebo_simulation/install/myrobot_controller:/home/furry/Desktop/gazebo_simulation/install/my_robot_bringup:/home/furry/Desktop/gazebo_simulation/install/laser:/opt/ros/humble /usr/bin/cmake --install /home/furry/Desktop/gazebo_simulation/build/my_robot_bringup
[0.458s] -- Install configuration: ""
[0.458s] -- Execute custom install script
[0.458s] -- Symlinking: /home/furry/Desktop/gazebo_simulation/install/my_robot_bringup/share/my_robot_bringup/launch/my_robot.launch.py
[0.465s] -- Symlinking: /home/furry/Desktop/gazebo_simulation/install/my_robot_bringup/share/my_robot_bringup/launch/my_robot_gazebo.launch.xml
[0.471s] -- Symlinking: /home/furry/Desktop/gazebo_simulation/install/my_robot_bringup/share/my_robot_bringup/launch/wheel_test.launch.py
[0.477s] -- Symlinking: /home/furry/Desktop/gazebo_simulation/install/my_robot_bringup/share/my_robot_bringup/rviz/urdf_config.rviz
[0.484s] -- Symlinking: /home/furry/Desktop/gazebo_simulation/install/my_robot_bringup/share/my_robot_bringup/src/robot_controller.py
[0.490s] -- Symlinking: /home/furry/Desktop/gazebo_simulation/install/my_robot_bringup/share/ament_index/resource_index/package_run_dependencies/my_robot_bringup
[0.497s] -- Symlinking: /home/furry/Desktop/gazebo_simulation/install/my_robot_bringup/share/ament_index/resource_index/parent_prefix_path/my_robot_bringup
[0.503s] -- Symlinking: /home/furry/Desktop/gazebo_simulation/install/my_robot_bringup/share/my_robot_bringup/environment/ament_prefix_path.sh
[0.510s] -- Symlinking: /home/furry/Desktop/gazebo_simulation/install/my_robot_bringup/share/my_robot_bringup/environment/ament_prefix_path.dsv
[0.516s] -- Symlinking: /home/furry/Desktop/gazebo_simulation/install/my_robot_bringup/share/my_robot_bringup/environment/path.sh
[0.522s] -- Symlinking: /home/furry/Desktop/gazebo_simulation/install/my_robot_bringup/share/my_robot_bringup/environment/path.dsv
[0.528s] -- Symlinking: /home/furry/Desktop/gazebo_simulation/install/my_robot_bringup/share/my_robot_bringup/local_setup.bash
[0.533s] -- Symlinking: /home/furry/Desktop/gazebo_simulation/install/my_robot_bringup/share/my_robot_bringup/local_setup.sh
[0.539s] -- Symlinking: /home/furry/Desktop/gazebo_simulation/install/my_robot_bringup/share/my_robot_bringup/local_setup.zsh
[0.546s] -- Symlinking: /home/furry/Desktop/gazebo_simulation/install/my_robot_bringup/share/my_robot_bringup/local_setup.dsv
[0.554s] -- Symlinking: /home/furry/Desktop/gazebo_simulation/install/my_robot_bringup/share/my_robot_bringup/package.dsv
[0.563s] -- Symlinking: /home/furry/Desktop/gazebo_simulation/install/my_robot_bringup/share/ament_index/resource_index/packages/my_robot_bringup
[0.571s] -- Symlinking: /home/furry/Desktop/gazebo_simulation/install/my_robot_bringup/share/my_robot_bringup/cmake/my_robot_bringupConfig.cmake
[0.578s] -- Symlinking: /home/furry/Desktop/gazebo_simulation/install/my_robot_bringup/share/my_robot_bringup/cmake/my_robot_bringupConfig-version.cmake
[0.584s] -- Symlinking: /home/furry/Desktop/gazebo_simulation/install/my_robot_bringup/share/my_robot_bringup/package.xml
[0.592s] Invoked command in '/home/furry/Desktop/gazebo_simulation/build/my_robot_bringup' returned '0': CMAKE_PREFIX_PATH=/home/furry/Desktop/gazebo_simulation/install/my_robot_description:/home/furry/Desktop/gazebo_simulation/install/myrobot_controller:/home/furry/Desktop/gazebo_simulation/install/my_robot_bringup:/home/furry/Desktop/gazebo_simulation/install/laser:/opt/ros/humble /usr/bin/cmake --install /home/furry/Desktop/gazebo_simulation/build/my_robot_bringup
