[0.146s] Invoking command in '/home/furry/Desktop/gazebo_simulation/src/build/myrobot_controller': CMAKE_PREFIX_PATH=${CMAKE_PREFIX_PATH}:/opt/ros/humble /usr/bin/cmake /home/furry/Desktop/gazebo_simulation/src/myrobot_controller -DCMAKE_INSTALL_PREFIX=/home/furry/Desktop/gazebo_simulation/src/install/myrobot_controller
[0.187s] -- The C compiler identification is GNU 11.4.0
[0.224s] -- The CXX compiler identification is GNU 11.4.0
[0.229s] -- Detecting C compiler ABI info
[0.274s] -- Detecting C compiler ABI info - done
[0.278s] -- Check for working C compiler: /usr/bin/cc - skipped
[0.278s] -- Detecting C compile features
[0.278s] -- Detecting C compile features - done
[0.280s] -- Detecting CXX compiler ABI info
[0.344s] -- Detecting CXX compiler ABI info - done
[0.351s] -- Check for working CXX compiler: /usr/bin/c++ - skipped
[0.351s] -- Detecting CXX compile features
[0.352s] -- Detecting CXX compile features - done
[0.353s] -- Found ament_cmake: 1.3.11 (/opt/ros/humble/share/ament_cmake/cmake)
[0.447s] -- Found Python3: /usr/bin/python3 (found version "3.10.12") found components: Interpreter 
[0.500s] -- Found rclpy: 3.3.15 (/opt/ros/humble/share/rclpy/cmake)
[0.502s] -- Found std_msgs: 4.2.4 (/opt/ros/humble/share/std_msgs/cmake)
[0.532s] -- Found rosidl_generator_c: 3.1.6 (/opt/ros/humble/share/rosidl_generator_c/cmake)
[0.535s] -- Found rosidl_adapter: 3.1.6 (/opt/ros/humble/share/rosidl_adapter/cmake)
[0.543s] -- Found rosidl_generator_cpp: 3.1.6 (/opt/ros/humble/share/rosidl_generator_cpp/cmake)
[0.553s] -- Using all available rosidl_typesupport_c: rosidl_typesupport_fastrtps_c;rosidl_typesupport_introspection_c
[0.566s] -- Using all available rosidl_typesupport_cpp: rosidl_typesupport_fastrtps_cpp;rosidl_typesupport_introspection_cpp
[0.585s] -- Found geometry_msgs: 4.2.4 (/opt/ros/humble/share/geometry_msgs/cmake)
[0.595s] -- Found rclcpp: 16.0.11 (/opt/ros/humble/share/rclcpp/cmake)
[0.624s] -- Found rmw_implementation_cmake: 6.1.2 (/opt/ros/humble/share/rmw_implementation_cmake/cmake)
[0.627s] -- Found rmw_fastrtps_cpp: 6.2.7 (/opt/ros/humble/share/rmw_fastrtps_cpp/cmake)
[0.705s] -- Found OpenSSL: /usr/lib/x86_64-linux-gnu/libcrypto.so (found version "3.0.2")  
[0.730s] -- Found FastRTPS: /opt/ros/humble/include  
[0.757s] -- Using RMW implementation 'rmw_fastrtps_cpp' as default
[0.764s] -- Looking for pthread.h
[0.825s] -- Looking for pthread.h - found
[0.825s] -- Performing Test CMAKE_HAVE_LIBC_PTHREAD
[0.875s] -- Performing Test CMAKE_HAVE_LIBC_PTHREAD - Success
[0.876s] -- Found Threads: TRUE  
[0.972s] -- Found ament_lint_auto: 0.12.11 (/opt/ros/humble/share/ament_lint_auto/cmake)
[1.042s] -- Added test 'cppcheck' to perform static code analysis on C / C++ code
[1.042s] -- Configured cppcheck include dirs: /home/furry/Desktop/gazebo_simulation/src/myrobot_controller/include
[1.042s] -- Configured cppcheck exclude dirs and/or files: 
[1.043s] -- Added test 'flake8' to check Python code syntax and style conventions
[1.043s] -- Added test 'lint_cmake' to check CMake code style
[1.044s] -- Added test 'pep257' to check Python code against some of the docstring style conventions in PEP 257
[1.044s] -- Added test 'uncrustify' to check C / C++ code style
[1.044s] -- Configured uncrustify additional arguments: 
[1.045s] -- Added test 'xmllint' to check XML markup files
[1.046s] -- Configuring done
[1.052s] -- Generating done
[1.054s] -- Build files have been written to: /home/furry/Desktop/gazebo_simulation/src/build/myrobot_controller
[1.061s] Invoked command in '/home/furry/Desktop/gazebo_simulation/src/build/myrobot_controller' returned '0': CMAKE_PREFIX_PATH=${CMAKE_PREFIX_PATH}:/opt/ros/humble /usr/bin/cmake /home/furry/Desktop/gazebo_simulation/src/myrobot_controller -DCMAKE_INSTALL_PREFIX=/home/furry/Desktop/gazebo_simulation/src/install/myrobot_controller
[1.063s] Invoking command in '/home/furry/Desktop/gazebo_simulation/src/build/myrobot_controller': CMAKE_PREFIX_PATH=${CMAKE_PREFIX_PATH}:/opt/ros/humble /usr/bin/cmake --build /home/furry/Desktop/gazebo_simulation/src/build/myrobot_controller -- -j24 -l24
[1.102s] [ 50%] [32mBuilding CXX object CMakeFiles/simple_controller.dir/src/simple_controller.cpp.o[0m
[1.107s] [ 50%] Built target ament_cmake_python_copy_myrobot_controller
[1.242s] running egg_info
[1.242s] creating myrobot_controller.egg-info
[1.242s] writing myrobot_controller.egg-info/PKG-INFO
[1.243s] writing dependency_links to myrobot_controller.egg-info/dependency_links.txt
[1.243s] writing top-level names to myrobot_controller.egg-info/top_level.txt
[1.243s] writing manifest file 'myrobot_controller.egg-info/SOURCES.txt'
[1.244s] reading manifest file 'myrobot_controller.egg-info/SOURCES.txt'
[1.244s] writing manifest file 'myrobot_controller.egg-info/SOURCES.txt'
[1.264s] [ 50%] Built target ament_cmake_python_build_myrobot_controller_egg
[6.146s] [100%] [32m[1mLinking CXX executable simple_controller[0m
[6.410s] [100%] Built target simple_controller
[6.433s] Invoked command in '/home/furry/Desktop/gazebo_simulation/src/build/myrobot_controller' returned '0': CMAKE_PREFIX_PATH=${CMAKE_PREFIX_PATH}:/opt/ros/humble /usr/bin/cmake --build /home/furry/Desktop/gazebo_simulation/src/build/myrobot_controller -- -j24 -l24
[6.437s] Invoking command in '/home/furry/Desktop/gazebo_simulation/src/build/myrobot_controller': CMAKE_PREFIX_PATH=${CMAKE_PREFIX_PATH}:/opt/ros/humble /usr/bin/cmake --install /home/furry/Desktop/gazebo_simulation/src/build/myrobot_controller
[6.447s] -- Install configuration: ""
[6.447s] -- Installing: /home/furry/Desktop/gazebo_simulation/src/install/myrobot_controller/share/myrobot_controller/environment/pythonpath.sh
[6.448s] -- Installing: /home/furry/Desktop/gazebo_simulation/src/install/myrobot_controller/share/myrobot_controller/environment/pythonpath.dsv
[6.448s] -- Installing: /home/furry/Desktop/gazebo_simulation/src/install/myrobot_controller/local/lib/python3.10/dist-packages/myrobot_controller-0.0.0-py3.10.egg-info
[6.448s] -- Installing: /home/furry/Desktop/gazebo_simulation/src/install/myrobot_controller/local/lib/python3.10/dist-packages/myrobot_controller-0.0.0-py3.10.egg-info/PKG-INFO
[6.448s] -- Installing: /home/furry/Desktop/gazebo_simulation/src/install/myrobot_controller/local/lib/python3.10/dist-packages/myrobot_controller-0.0.0-py3.10.egg-info/dependency_links.txt
[6.448s] -- Installing: /home/furry/Desktop/gazebo_simulation/src/install/myrobot_controller/local/lib/python3.10/dist-packages/myrobot_controller-0.0.0-py3.10.egg-info/top_level.txt
[6.448s] -- Installing: /home/furry/Desktop/gazebo_simulation/src/install/myrobot_controller/local/lib/python3.10/dist-packages/myrobot_controller-0.0.0-py3.10.egg-info/SOURCES.txt
[6.448s] -- Installing: /home/furry/Desktop/gazebo_simulation/src/install/myrobot_controller/local/lib/python3.10/dist-packages/myrobot_controller
[6.448s] -- Installing: /home/furry/Desktop/gazebo_simulation/src/install/myrobot_controller/local/lib/python3.10/dist-packages/myrobot_controller/read_laser copy.py
[6.448s] -- Installing: /home/furry/Desktop/gazebo_simulation/src/install/myrobot_controller/local/lib/python3.10/dist-packages/myrobot_controller/simple_controller.py
[6.448s] -- Installing: /home/furry/Desktop/gazebo_simulation/src/install/myrobot_controller/local/lib/python3.10/dist-packages/myrobot_controller/read_laser.py
[6.448s] -- Installing: /home/furry/Desktop/gazebo_simulation/src/install/myrobot_controller/local/lib/python3.10/dist-packages/myrobot_controller/test_cmd.py
[6.449s] -- Installing: /home/furry/Desktop/gazebo_simulation/src/install/myrobot_controller/local/lib/python3.10/dist-packages/myrobot_controller/read_imu_yaw.py
[6.449s] -- Installing: /home/furry/Desktop/gazebo_simulation/src/install/myrobot_controller/local/lib/python3.10/dist-packages/myrobot_controller/__init__.py
[6.485s] Listing '/home/furry/Desktop/gazebo_simulation/src/install/myrobot_controller/local/lib/python3.10/dist-packages/myrobot_controller'...
[6.485s] Compiling '/home/furry/Desktop/gazebo_simulation/src/install/myrobot_controller/local/lib/python3.10/dist-packages/myrobot_controller/__init__.py'...
[6.485s] Compiling '/home/furry/Desktop/gazebo_simulation/src/install/myrobot_controller/local/lib/python3.10/dist-packages/myrobot_controller/read_imu_yaw.py'...
[6.485s] Compiling '/home/furry/Desktop/gazebo_simulation/src/install/myrobot_controller/local/lib/python3.10/dist-packages/myrobot_controller/read_laser copy.py'...
[6.485s] Compiling '/home/furry/Desktop/gazebo_simulation/src/install/myrobot_controller/local/lib/python3.10/dist-packages/myrobot_controller/read_laser.py'...
[6.485s] Compiling '/home/furry/Desktop/gazebo_simulation/src/install/myrobot_controller/local/lib/python3.10/dist-packages/myrobot_controller/simple_controller.py'...
[6.485s] Compiling '/home/furry/Desktop/gazebo_simulation/src/install/myrobot_controller/local/lib/python3.10/dist-packages/myrobot_controller/test_cmd.py'...
[6.487s] -- Installing: /home/furry/Desktop/gazebo_simulation/src/install/myrobot_controller/include/include
[6.487s] -- Installing: /home/furry/Desktop/gazebo_simulation/src/install/myrobot_controller/include/include/myrobot_controller
[6.487s] -- Installing: /home/furry/Desktop/gazebo_simulation/src/install/myrobot_controller/include/include/myrobot_controller/simple_controller.hpp
[6.487s] -- Installing: /home/furry/Desktop/gazebo_simulation/src/install/myrobot_controller/lib/myrobot_controller/simple_controller
[6.489s] -- Set runtime path of "/home/furry/Desktop/gazebo_simulation/src/install/myrobot_controller/lib/myrobot_controller/simple_controller" to ""
[6.489s] -- Installing: /home/furry/Desktop/gazebo_simulation/src/install/myrobot_controller/share/myrobot_controller/config
[6.489s] -- Installing: /home/furry/Desktop/gazebo_simulation/src/install/myrobot_controller/share/myrobot_controller/config/joy_teleop.yaml
[6.489s] -- Installing: /home/furry/Desktop/gazebo_simulation/src/install/myrobot_controller/share/myrobot_controller/config/joy_config.yaml
[6.489s] -- Installing: /home/furry/Desktop/gazebo_simulation/src/install/myrobot_controller/share/myrobot_controller/config/myrobot_controllers.yaml
[6.489s] -- Installing: /home/furry/Desktop/gazebo_simulation/src/install/myrobot_controller/share/myrobot_controller/launch
[6.489s] -- Installing: /home/furry/Desktop/gazebo_simulation/src/install/myrobot_controller/share/myrobot_controller/launch/joystick_teleop.launch.py
[6.489s] -- Installing: /home/furry/Desktop/gazebo_simulation/src/install/myrobot_controller/share/myrobot_controller/launch/controller.launch.py
[6.489s] -- Installing: /home/furry/Desktop/gazebo_simulation/src/install/myrobot_controller/lib/myrobot_controller/simple_controller.py
[6.489s] -- Installing: /home/furry/Desktop/gazebo_simulation/src/install/myrobot_controller/share/ament_index/resource_index/package_run_dependencies/myrobot_controller
[6.489s] -- Installing: /home/furry/Desktop/gazebo_simulation/src/install/myrobot_controller/share/ament_index/resource_index/parent_prefix_path/myrobot_controller
[6.489s] -- Installing: /home/furry/Desktop/gazebo_simulation/src/install/myrobot_controller/share/myrobot_controller/environment/ament_prefix_path.sh
[6.489s] -- Installing: /home/furry/Desktop/gazebo_simulation/src/install/myrobot_controller/share/myrobot_controller/environment/ament_prefix_path.dsv
[6.489s] -- Installing: /home/furry/Desktop/gazebo_simulation/src/install/myrobot_controller/share/myrobot_controller/environment/path.sh
[6.489s] -- Installing: /home/furry/Desktop/gazebo_simulation/src/install/myrobot_controller/share/myrobot_controller/environment/path.dsv
[6.489s] -- Installing: /home/furry/Desktop/gazebo_simulation/src/install/myrobot_controller/share/myrobot_controller/local_setup.bash
[6.489s] -- Installing: /home/furry/Desktop/gazebo_simulation/src/install/myrobot_controller/share/myrobot_controller/local_setup.sh
[6.489s] -- Installing: /home/furry/Desktop/gazebo_simulation/src/install/myrobot_controller/share/myrobot_controller/local_setup.zsh
[6.489s] -- Installing: /home/furry/Desktop/gazebo_simulation/src/install/myrobot_controller/share/myrobot_controller/local_setup.dsv
[6.490s] -- Installing: /home/furry/Desktop/gazebo_simulation/src/install/myrobot_controller/share/myrobot_controller/package.dsv
[6.490s] -- Installing: /home/furry/Desktop/gazebo_simulation/src/install/myrobot_controller/share/ament_index/resource_index/packages/myrobot_controller
[6.490s] -- Installing: /home/furry/Desktop/gazebo_simulation/src/install/myrobot_controller/share/myrobot_controller/cmake/myrobot_controllerConfig.cmake
[6.490s] -- Installing: /home/furry/Desktop/gazebo_simulation/src/install/myrobot_controller/share/myrobot_controller/cmake/myrobot_controllerConfig-version.cmake
[6.490s] -- Installing: /home/furry/Desktop/gazebo_simulation/src/install/myrobot_controller/share/myrobot_controller/package.xml
[6.491s] Invoked command in '/home/furry/Desktop/gazebo_simulation/src/build/myrobot_controller' returned '0': CMAKE_PREFIX_PATH=${CMAKE_PREFIX_PATH}:/opt/ros/humble /usr/bin/cmake --install /home/furry/Desktop/gazebo_simulation/src/build/myrobot_controller
