[0.136s] Invoking command in '/home/furry/Desktop/gazebo_simulation/src/build/myrobot_controller': CMAKE_PREFIX_PATH=${CMAKE_PREFIX_PATH}:/home/furry/Desktop/gazebo_simulation/src/install/laser:/opt/ros/humble /usr/bin/cmake --build /home/furry/Desktop/gazebo_simulation/src/build/myrobot_controller -- -j24 -l24
[0.178s] [  0%] Built target ament_cmake_python_copy_myrobot_controller
[0.179s] [100%] Built target simple_controller
[0.300s] running egg_info
[0.300s] writing myrobot_controller.egg-info/PKG-INFO
[0.300s] writing dependency_links to myrobot_controller.egg-info/dependency_links.txt
[0.300s] writing top-level names to myrobot_controller.egg-info/top_level.txt
[0.301s] reading manifest file 'myrobot_controller.egg-info/SOURCES.txt'
[0.302s] writing manifest file 'myrobot_controller.egg-info/SOURCES.txt'
[0.319s] [100%] Built target ament_cmake_python_build_myrobot_controller_egg
[0.327s] Invoked command in '/home/furry/Desktop/gazebo_simulation/src/build/myrobot_controller' returned '0': CMAKE_PREFIX_PATH=${CMAKE_PREFIX_PATH}:/home/furry/Desktop/gazebo_simulation/src/install/laser:/opt/ros/humble /usr/bin/cmake --build /home/furry/Desktop/gazebo_simulation/src/build/myrobot_controller -- -j24 -l24
[0.328s] Invoking command in '/home/furry/Desktop/gazebo_simulation/src/build/myrobot_controller': CMAKE_PREFIX_PATH=${CMAKE_PREFIX_PATH}:/home/furry/Desktop/gazebo_simulation/src/install/laser:/opt/ros/humble /usr/bin/cmake --install /home/furry/Desktop/gazebo_simulation/src/build/myrobot_controller
[0.333s] -- Install configuration: ""
[0.333s] -- Up-to-date: /home/furry/Desktop/gazebo_simulation/src/install/myrobot_controller/share/myrobot_controller/environment/pythonpath.sh
[0.333s] -- Up-to-date: /home/furry/Desktop/gazebo_simulation/src/install/myrobot_controller/share/myrobot_controller/environment/pythonpath.dsv
[0.333s] -- Up-to-date: /home/furry/Desktop/gazebo_simulation/src/install/myrobot_controller/local/lib/python3.10/dist-packages/myrobot_controller-0.0.0-py3.10.egg-info
[0.333s] -- Installing: /home/furry/Desktop/gazebo_simulation/src/install/myrobot_controller/local/lib/python3.10/dist-packages/myrobot_controller-0.0.0-py3.10.egg-info/PKG-INFO
[0.333s] -- Installing: /home/furry/Desktop/gazebo_simulation/src/install/myrobot_controller/local/lib/python3.10/dist-packages/myrobot_controller-0.0.0-py3.10.egg-info/dependency_links.txt
[0.333s] -- Installing: /home/furry/Desktop/gazebo_simulation/src/install/myrobot_controller/local/lib/python3.10/dist-packages/myrobot_controller-0.0.0-py3.10.egg-info/top_level.txt
[0.333s] -- Installing: /home/furry/Desktop/gazebo_simulation/src/install/myrobot_controller/local/lib/python3.10/dist-packages/myrobot_controller-0.0.0-py3.10.egg-info/SOURCES.txt
[0.333s] -- Up-to-date: /home/furry/Desktop/gazebo_simulation/src/install/myrobot_controller/local/lib/python3.10/dist-packages/myrobot_controller
[0.333s] -- Up-to-date: /home/furry/Desktop/gazebo_simulation/src/install/myrobot_controller/local/lib/python3.10/dist-packages/myrobot_controller/read_laser copy.py
[0.333s] -- Up-to-date: /home/furry/Desktop/gazebo_simulation/src/install/myrobot_controller/local/lib/python3.10/dist-packages/myrobot_controller/simple_controller.py
[0.333s] -- Up-to-date: /home/furry/Desktop/gazebo_simulation/src/install/myrobot_controller/local/lib/python3.10/dist-packages/myrobot_controller/read_laser.py
[0.333s] -- Up-to-date: /home/furry/Desktop/gazebo_simulation/src/install/myrobot_controller/local/lib/python3.10/dist-packages/myrobot_controller/test_cmd.py
[0.333s] -- Up-to-date: /home/furry/Desktop/gazebo_simulation/src/install/myrobot_controller/local/lib/python3.10/dist-packages/myrobot_controller/read_imu_yaw.py
[0.333s] -- Up-to-date: /home/furry/Desktop/gazebo_simulation/src/install/myrobot_controller/local/lib/python3.10/dist-packages/myrobot_controller/__init__.py
[0.353s] Listing '/home/furry/Desktop/gazebo_simulation/src/install/myrobot_controller/local/lib/python3.10/dist-packages/myrobot_controller'...
[0.356s] -- Up-to-date: /home/furry/Desktop/gazebo_simulation/src/install/myrobot_controller/include/include
[0.356s] -- Up-to-date: /home/furry/Desktop/gazebo_simulation/src/install/myrobot_controller/include/include/myrobot_controller
[0.356s] -- Up-to-date: /home/furry/Desktop/gazebo_simulation/src/install/myrobot_controller/include/include/myrobot_controller/simple_controller.hpp
[0.356s] -- Up-to-date: /home/furry/Desktop/gazebo_simulation/src/install/myrobot_controller/lib/myrobot_controller/simple_controller
[0.356s] -- Up-to-date: /home/furry/Desktop/gazebo_simulation/src/install/myrobot_controller/share/myrobot_controller/config
[0.356s] -- Up-to-date: /home/furry/Desktop/gazebo_simulation/src/install/myrobot_controller/share/myrobot_controller/config/joy_teleop.yaml
[0.356s] -- Up-to-date: /home/furry/Desktop/gazebo_simulation/src/install/myrobot_controller/share/myrobot_controller/config/joy_config.yaml
[0.356s] -- Up-to-date: /home/furry/Desktop/gazebo_simulation/src/install/myrobot_controller/share/myrobot_controller/config/myrobot_controllers.yaml
[0.356s] -- Up-to-date: /home/furry/Desktop/gazebo_simulation/src/install/myrobot_controller/share/myrobot_controller/launch
[0.356s] -- Up-to-date: /home/furry/Desktop/gazebo_simulation/src/install/myrobot_controller/share/myrobot_controller/launch/joystick_teleop.launch.py
[0.356s] -- Up-to-date: /home/furry/Desktop/gazebo_simulation/src/install/myrobot_controller/share/myrobot_controller/launch/controller.launch.py
[0.356s] -- Up-to-date: /home/furry/Desktop/gazebo_simulation/src/install/myrobot_controller/lib/myrobot_controller/simple_controller.py
[0.357s] -- Up-to-date: /home/furry/Desktop/gazebo_simulation/src/install/myrobot_controller/share/ament_index/resource_index/package_run_dependencies/myrobot_controller
[0.357s] -- Up-to-date: /home/furry/Desktop/gazebo_simulation/src/install/myrobot_controller/share/ament_index/resource_index/parent_prefix_path/myrobot_controller
[0.357s] -- Up-to-date: /home/furry/Desktop/gazebo_simulation/src/install/myrobot_controller/share/myrobot_controller/environment/ament_prefix_path.sh
[0.357s] -- Up-to-date: /home/furry/Desktop/gazebo_simulation/src/install/myrobot_controller/share/myrobot_controller/environment/ament_prefix_path.dsv
[0.357s] -- Up-to-date: /home/furry/Desktop/gazebo_simulation/src/install/myrobot_controller/share/myrobot_controller/environment/path.sh
[0.357s] -- Up-to-date: /home/furry/Desktop/gazebo_simulation/src/install/myrobot_controller/share/myrobot_controller/environment/path.dsv
[0.357s] -- Up-to-date: /home/furry/Desktop/gazebo_simulation/src/install/myrobot_controller/share/myrobot_controller/local_setup.bash
[0.357s] -- Up-to-date: /home/furry/Desktop/gazebo_simulation/src/install/myrobot_controller/share/myrobot_controller/local_setup.sh
[0.357s] -- Up-to-date: /home/furry/Desktop/gazebo_simulation/src/install/myrobot_controller/share/myrobot_controller/local_setup.zsh
[0.357s] -- Up-to-date: /home/furry/Desktop/gazebo_simulation/src/install/myrobot_controller/share/myrobot_controller/local_setup.dsv
[0.357s] -- Installing: /home/furry/Desktop/gazebo_simulation/src/install/myrobot_controller/share/myrobot_controller/package.dsv
[0.357s] -- Up-to-date: /home/furry/Desktop/gazebo_simulation/src/install/myrobot_controller/share/ament_index/resource_index/packages/myrobot_controller
[0.357s] -- Up-to-date: /home/furry/Desktop/gazebo_simulation/src/install/myrobot_controller/share/myrobot_controller/cmake/myrobot_controllerConfig.cmake
[0.357s] -- Up-to-date: /home/furry/Desktop/gazebo_simulation/src/install/myrobot_controller/share/myrobot_controller/cmake/myrobot_controllerConfig-version.cmake
[0.357s] -- Up-to-date: /home/furry/Desktop/gazebo_simulation/src/install/myrobot_controller/share/myrobot_controller/package.xml
[0.358s] Invoked command in '/home/furry/Desktop/gazebo_simulation/src/build/myrobot_controller' returned '0': CMAKE_PREFIX_PATH=${CMAKE_PREFIX_PATH}:/home/furry/Desktop/gazebo_simulation/src/install/laser:/opt/ros/humble /usr/bin/cmake --install /home/furry/Desktop/gazebo_simulation/src/build/myrobot_controller
