[0.362s] Invoking command in '/home/furry/Desktop/gazebo_simulation/build/laser': PYTHONPATH=/home/furry/Desktop/gazebo_simulation/build/laser/prefix_override:/usr/lib/python3/dist-packages/colcon_core/task/python/colcon_distutils_commands:/home/furry/Desktop/gazebo_simulation/install/laser/lib/python3.10/site-packages:${PYTHONPATH} /usr/bin/python3 -W ignore:setup.py install is deprecated -W ignore:easy_install command is deprecated setup.py develop --editable --build-directory /home/furry/Desktop/gazebo_simulation/build/laser/build --no-deps symlink_data
[0.505s] running develop
[0.583s] running egg_info
[0.583s] creating laser.egg-info
[0.583s] writing laser.egg-info/PKG-INFO
[0.583s] writing dependency_links to laser.egg-info/dependency_links.txt
[0.584s] writing entry points to laser.egg-info/entry_points.txt
[0.584s] writing requirements to laser.egg-info/requires.txt
[0.584s] writing top-level names to laser.egg-info/top_level.txt
[0.584s] writing manifest file 'laser.egg-info/SOURCES.txt'
[0.585s] reading manifest file 'laser.egg-info/SOURCES.txt'
[0.585s] writing manifest file 'laser.egg-info/SOURCES.txt'
[0.618s] running build_ext
[0.618s] Creating /home/furry/Desktop/gazebo_simulation/install/laser/lib/python3.10/site-packages/laser.egg-link (link to .)
[0.618s] Installing laser script to /home/furry/Desktop/gazebo_simulation/install/laser/lib/laser
[0.618s] Installing laser_position script to /home/furry/Desktop/gazebo_simulation/install/laser/lib/laser
[0.618s] 
[0.618s] Installed /home/furry/Desktop/gazebo_simulation/build/laser
[0.618s] running symlink_data
[0.640s] Invoked command in '/home/furry/Desktop/gazebo_simulation/build/laser' returned '0': PYTHONPATH=/home/furry/Desktop/gazebo_simulation/build/laser/prefix_override:/usr/lib/python3/dist-packages/colcon_core/task/python/colcon_distutils_commands:/home/furry/Desktop/gazebo_simulation/install/laser/lib/python3.10/site-packages:${PYTHONPATH} /usr/bin/python3 -W ignore:setup.py install is deprecated -W ignore:easy_install command is deprecated setup.py develop --editable --build-directory /home/furry/Desktop/gazebo_simulation/build/laser/build --no-deps symlink_data
