[0.005s] Invoking command in '/home/furry/Desktop/gazebo_simulation/src/build/my_robot_bringup': CMAKE_PREFIX_PATH=/home/furry/Desktop/gazebo_simulation/src/install/my_robot_description:/home/furry/Desktop/gazebo_simulation/src/install/myrobot_controller:/home/furry/Desktop/gazebo_simulation/src/install/my_robot_bringup:/home/furry/Desktop/gazebo_simulation/install/myrobot_controller:/home/furry/Desktop/gazebo_simulation/install/my_robot_bringup:/home/furry/Desktop/gazebo_simulation/install/my_robot_description:/home/furry/Desktop/gazebo_simulation/src/install/laser:/opt/ros/humble /usr/bin/cmake --build /home/furry/Desktop/gazebo_simulation/src/build/my_robot_bringup -- -j24 -l24
[0.030s] Invoked command in '/home/furry/Desktop/gazebo_simulation/src/build/my_robot_bringup' returned '0': CMAKE_PREFIX_PATH=/home/furry/Desktop/gazebo_simulation/src/install/my_robot_description:/home/furry/Desktop/gazebo_simulation/src/install/myrobot_controller:/home/furry/Desktop/gazebo_simulation/src/install/my_robot_bringup:/home/furry/Desktop/gazebo_simulation/install/myrobot_controller:/home/furry/Desktop/gazebo_simulation/install/my_robot_bringup:/home/furry/Desktop/gazebo_simulation/install/my_robot_description:/home/furry/Desktop/gazebo_simulation/src/install/laser:/opt/ros/humble /usr/bin/cmake --build /home/furry/Desktop/gazebo_simulation/src/build/my_robot_bringup -- -j24 -l24
[0.031s] Invoking command in '/home/furry/Desktop/gazebo_simulation/src/build/my_robot_bringup': CMAKE_PREFIX_PATH=/home/furry/Desktop/gazebo_simulation/src/install/my_robot_description:/home/furry/Desktop/gazebo_simulation/src/install/myrobot_controller:/home/furry/Desktop/gazebo_simulation/src/install/my_robot_bringup:/home/furry/Desktop/gazebo_simulation/install/myrobot_controller:/home/furry/Desktop/gazebo_simulation/install/my_robot_bringup:/home/furry/Desktop/gazebo_simulation/install/my_robot_description:/home/furry/Desktop/gazebo_simulation/src/install/laser:/opt/ros/humble /usr/bin/cmake --install /home/furry/Desktop/gazebo_simulation/src/build/my_robot_bringup
[0.036s] -- Install configuration: ""
[0.036s] -- Up-to-date: /home/furry/Desktop/gazebo_simulation/src/install/my_robot_bringup/share/my_robot_bringup/launch
[0.036s] -- Up-to-date: /home/furry/Desktop/gazebo_simulation/src/install/my_robot_bringup/share/my_robot_bringup/launch/my_robot_gazebo.launch.xml
[0.036s] -- Up-to-date: /home/furry/Desktop/gazebo_simulation/src/install/my_robot_bringup/share/my_robot_bringup/launch/my_robot.launch.py
[0.036s] -- Up-to-date: /home/furry/Desktop/gazebo_simulation/src/install/my_robot_bringup/share/my_robot_bringup/launch/wheel_test.launch.py
[0.036s] -- Up-to-date: /home/furry/Desktop/gazebo_simulation/src/install/my_robot_bringup/share/my_robot_bringup/rviz
[0.036s] -- Up-to-date: /home/furry/Desktop/gazebo_simulation/src/install/my_robot_bringup/share/my_robot_bringup/rviz/urdf_config.rviz
[0.036s] -- Up-to-date: /home/furry/Desktop/gazebo_simulation/src/install/my_robot_bringup/share/my_robot_bringup/src
[0.036s] -- Up-to-date: /home/furry/Desktop/gazebo_simulation/src/install/my_robot_bringup/share/my_robot_bringup/src/robot_controller.py
[0.037s] -- Up-to-date: /home/furry/Desktop/gazebo_simulation/src/install/my_robot_bringup/share/ament_index/resource_index/package_run_dependencies/my_robot_bringup
[0.037s] -- Up-to-date: /home/furry/Desktop/gazebo_simulation/src/install/my_robot_bringup/share/ament_index/resource_index/parent_prefix_path/my_robot_bringup
[0.037s] -- Up-to-date: /home/furry/Desktop/gazebo_simulation/src/install/my_robot_bringup/share/my_robot_bringup/environment/ament_prefix_path.sh
[0.037s] -- Up-to-date: /home/furry/Desktop/gazebo_simulation/src/install/my_robot_bringup/share/my_robot_bringup/environment/ament_prefix_path.dsv
[0.037s] -- Up-to-date: /home/furry/Desktop/gazebo_simulation/src/install/my_robot_bringup/share/my_robot_bringup/environment/path.sh
[0.037s] -- Up-to-date: /home/furry/Desktop/gazebo_simulation/src/install/my_robot_bringup/share/my_robot_bringup/environment/path.dsv
[0.037s] -- Up-to-date: /home/furry/Desktop/gazebo_simulation/src/install/my_robot_bringup/share/my_robot_bringup/local_setup.bash
[0.037s] -- Up-to-date: /home/furry/Desktop/gazebo_simulation/src/install/my_robot_bringup/share/my_robot_bringup/local_setup.sh
[0.037s] -- Up-to-date: /home/furry/Desktop/gazebo_simulation/src/install/my_robot_bringup/share/my_robot_bringup/local_setup.zsh
[0.037s] -- Up-to-date: /home/furry/Desktop/gazebo_simulation/src/install/my_robot_bringup/share/my_robot_bringup/local_setup.dsv
[0.037s] -- Installing: /home/furry/Desktop/gazebo_simulation/src/install/my_robot_bringup/share/my_robot_bringup/package.dsv
[0.037s] -- Up-to-date: /home/furry/Desktop/gazebo_simulation/src/install/my_robot_bringup/share/ament_index/resource_index/packages/my_robot_bringup
[0.037s] -- Up-to-date: /home/furry/Desktop/gazebo_simulation/src/install/my_robot_bringup/share/my_robot_bringup/cmake/my_robot_bringupConfig.cmake
[0.037s] -- Up-to-date: /home/furry/Desktop/gazebo_simulation/src/install/my_robot_bringup/share/my_robot_bringup/cmake/my_robot_bringupConfig-version.cmake
[0.037s] -- Up-to-date: /home/furry/Desktop/gazebo_simulation/src/install/my_robot_bringup/share/my_robot_bringup/package.xml
[0.038s] Invoked command in '/home/furry/Desktop/gazebo_simulation/src/build/my_robot_bringup' returned '0': CMAKE_PREFIX_PATH=/home/furry/Desktop/gazebo_simulation/src/install/my_robot_description:/home/furry/Desktop/gazebo_simulation/src/install/myrobot_controller:/home/furry/Desktop/gazebo_simulation/src/install/my_robot_bringup:/home/furry/Desktop/gazebo_simulation/install/myrobot_controller:/home/furry/Desktop/gazebo_simulation/install/my_robot_bringup:/home/furry/Desktop/gazebo_simulation/install/my_robot_description:/home/furry/Desktop/gazebo_simulation/src/install/laser:/opt/ros/humble /usr/bin/cmake --install /home/furry/Desktop/gazebo_simulation/src/build/my_robot_bringup
