[0.060s] DEBUG:colcon:Command line arguments: ['/usr/bin/colcon', 'build', '--symlink-install']
[0.060s] DEBUG:colcon:Parsed command line arguments: Namespace(log_base=None, log_level=None, verb_name='build', build_base='build', install_base='install', merge_install=False, symlink_install=True, test_result_base=None, continue_on_error=False, executor='parallel', parallel_workers=24, event_handlers=None, ignore_user_meta=False, metas=['./colcon.meta'], base_paths=['.'], packages_ignore=None, packages_ignore_regex=None, paths=None, packages_up_to=None, packages_up_to_regex=None, packages_above=None, packages_above_and_dependencies=None, packages_above_depth=None, packages_select_by_dep=None, packages_skip_by_dep=None, packages_skip_up_to=None, packages_select_build_failed=False, packages_skip_build_finished=False, packages_select_test_failures=False, packages_skip_test_passed=False, packages_select=None, packages_skip=None, packages_select_regex=None, packages_skip_regex=None, packages_start=None, packages_end=None, allow_overriding=[], cmake_args=None, cmake_target=None, cmake_target_skip_unavailable=False, cmake_clean_cache=False, cmake_clean_first=False, cmake_force_configure=False, ament_cmake_args=None, catkin_cmake_args=None, catkin_skip_building_tests=False, verb_parser=<colcon_defaults.argument_parser.defaults.DefaultArgumentsDecorator object at 0x79e94b92b8e0>, verb_extension=<colcon_core.verb.build.BuildVerb object at 0x79e94ba613f0>, main=<bound method BuildVerb.main of <colcon_core.verb.build.BuildVerb object at 0x79e94ba613f0>>)
[0.143s] Level 1:colcon.colcon_core.package_discovery:discover_packages(colcon_meta) check parameters
[0.143s] Level 1:colcon.colcon_core.package_discovery:discover_packages(recursive) check parameters
[0.143s] Level 1:colcon.colcon_core.package_discovery:discover_packages(ignore) check parameters
[0.143s] Level 1:colcon.colcon_core.package_discovery:discover_packages(path) check parameters
[0.143s] Level 1:colcon.colcon_core.package_discovery:discover_packages(colcon_meta) discover
[0.143s] Level 1:colcon.colcon_core.package_discovery:discover_packages(recursive) discover
[0.143s] INFO:colcon.colcon_core.package_discovery:Crawling recursively for packages in '/home/furry/Desktop/gazebo_simulation'
[0.143s] Level 1:colcon.colcon_core.package_identification:_identify(.) by extensions ['ignore', 'ignore_ament_install']
[0.143s] Level 1:colcon.colcon_core.package_identification:_identify(.) by extension 'ignore'
[0.143s] Level 1:colcon.colcon_core.package_identification:_identify(.) by extension 'ignore_ament_install'
[0.143s] Level 1:colcon.colcon_core.package_identification:_identify(.) by extensions ['colcon_pkg']
[0.143s] Level 1:colcon.colcon_core.package_identification:_identify(.) by extension 'colcon_pkg'
[0.143s] Level 1:colcon.colcon_core.package_identification:_identify(.) by extensions ['colcon_meta']
[0.143s] Level 1:colcon.colcon_core.package_identification:_identify(.) by extension 'colcon_meta'
[0.143s] Level 1:colcon.colcon_core.package_identification:_identify(.) by extensions ['ros']
[0.143s] Level 1:colcon.colcon_core.package_identification:_identify(.) by extension 'ros'
[0.151s] Level 1:colcon.colcon_core.package_identification:_identify(.) by extensions ['cmake', 'python']
[0.151s] Level 1:colcon.colcon_core.package_identification:_identify(.) by extension 'cmake'
[0.151s] Level 1:colcon.colcon_core.package_identification:_identify(.) by extension 'python'
[0.151s] Level 1:colcon.colcon_core.package_identification:_identify(.) by extensions ['python_setup_py']
[0.151s] Level 1:colcon.colcon_core.package_identification:_identify(.) by extension 'python_setup_py'
[0.151s] Level 1:colcon.colcon_core.package_identification:_identify(build) by extensions ['ignore', 'ignore_ament_install']
[0.151s] Level 1:colcon.colcon_core.package_identification:_identify(build) by extension 'ignore'
[0.151s] Level 1:colcon.colcon_core.package_identification:_identify(build) ignored
[0.151s] Level 1:colcon.colcon_core.package_identification:_identify(install) by extensions ['ignore', 'ignore_ament_install']
[0.151s] Level 1:colcon.colcon_core.package_identification:_identify(install) by extension 'ignore'
[0.151s] Level 1:colcon.colcon_core.package_identification:_identify(install) ignored
[0.151s] Level 1:colcon.colcon_core.package_identification:_identify(log) by extensions ['ignore', 'ignore_ament_install']
[0.151s] Level 1:colcon.colcon_core.package_identification:_identify(log) by extension 'ignore'
[0.151s] Level 1:colcon.colcon_core.package_identification:_identify(log) ignored
[0.151s] Level 1:colcon.colcon_core.package_identification:_identify(src) by extensions ['ignore', 'ignore_ament_install']
[0.151s] Level 1:colcon.colcon_core.package_identification:_identify(src) by extension 'ignore'
[0.151s] Level 1:colcon.colcon_core.package_identification:_identify(src) by extension 'ignore_ament_install'
[0.151s] Level 1:colcon.colcon_core.package_identification:_identify(src) by extensions ['colcon_pkg']
[0.151s] Level 1:colcon.colcon_core.package_identification:_identify(src) by extension 'colcon_pkg'
[0.152s] Level 1:colcon.colcon_core.package_identification:_identify(src) by extensions ['colcon_meta']
[0.152s] Level 1:colcon.colcon_core.package_identification:_identify(src) by extension 'colcon_meta'
[0.152s] Level 1:colcon.colcon_core.package_identification:_identify(src) by extensions ['ros']
[0.152s] Level 1:colcon.colcon_core.package_identification:_identify(src) by extension 'ros'
[0.152s] Level 1:colcon.colcon_core.package_identification:_identify(src) by extensions ['cmake', 'python']
[0.152s] Level 1:colcon.colcon_core.package_identification:_identify(src) by extension 'cmake'
[0.152s] Level 1:colcon.colcon_core.package_identification:_identify(src) by extension 'python'
[0.152s] Level 1:colcon.colcon_core.package_identification:_identify(src) by extensions ['python_setup_py']
[0.152s] Level 1:colcon.colcon_core.package_identification:_identify(src) by extension 'python_setup_py'
[0.152s] Level 1:colcon.colcon_core.package_identification:_identify(src/build) by extensions ['ignore', 'ignore_ament_install']
[0.152s] Level 1:colcon.colcon_core.package_identification:_identify(src/build) by extension 'ignore'
[0.152s] Level 1:colcon.colcon_core.package_identification:_identify(src/build) ignored
[0.152s] Level 1:colcon.colcon_core.package_identification:_identify(src/install) by extensions ['ignore', 'ignore_ament_install']
[0.152s] Level 1:colcon.colcon_core.package_identification:_identify(src/install) by extension 'ignore'
[0.152s] Level 1:colcon.colcon_core.package_identification:_identify(src/install) ignored
[0.152s] Level 1:colcon.colcon_core.package_identification:_identify(src/laser) by extensions ['ignore', 'ignore_ament_install']
[0.152s] Level 1:colcon.colcon_core.package_identification:_identify(src/laser) by extension 'ignore'
[0.152s] Level 1:colcon.colcon_core.package_identification:_identify(src/laser) by extension 'ignore_ament_install'
[0.152s] Level 1:colcon.colcon_core.package_identification:_identify(src/laser) by extensions ['colcon_pkg']
[0.152s] Level 1:colcon.colcon_core.package_identification:_identify(src/laser) by extension 'colcon_pkg'
[0.152s] Level 1:colcon.colcon_core.package_identification:_identify(src/laser) by extensions ['colcon_meta']
[0.152s] Level 1:colcon.colcon_core.package_identification:_identify(src/laser) by extension 'colcon_meta'
[0.152s] Level 1:colcon.colcon_core.package_identification:_identify(src/laser) by extensions ['ros']
[0.152s] Level 1:colcon.colcon_core.package_identification:_identify(src/laser) by extension 'ros'
[0.153s] DEBUG:colcon.colcon_core.package_identification:Package 'src/laser' with type 'ros.ament_python' and name 'laser'
[0.154s] Level 1:colcon.colcon_core.package_identification:_identify(src/log) by extensions ['ignore', 'ignore_ament_install']
[0.154s] Level 1:colcon.colcon_core.package_identification:_identify(src/log) by extension 'ignore'
[0.154s] Level 1:colcon.colcon_core.package_identification:_identify(src/log) ignored
[0.154s] Level 1:colcon.colcon_core.package_identification:_identify(src/my_robot_bringup) by extensions ['ignore', 'ignore_ament_install']
[0.154s] Level 1:colcon.colcon_core.package_identification:_identify(src/my_robot_bringup) by extension 'ignore'
[0.154s] Level 1:colcon.colcon_core.package_identification:_identify(src/my_robot_bringup) by extension 'ignore_ament_install'
[0.154s] Level 1:colcon.colcon_core.package_identification:_identify(src/my_robot_bringup) by extensions ['colcon_pkg']
[0.154s] Level 1:colcon.colcon_core.package_identification:_identify(src/my_robot_bringup) by extension 'colcon_pkg'
[0.154s] Level 1:colcon.colcon_core.package_identification:_identify(src/my_robot_bringup) by extensions ['colcon_meta']
[0.154s] Level 1:colcon.colcon_core.package_identification:_identify(src/my_robot_bringup) by extension 'colcon_meta'
[0.154s] Level 1:colcon.colcon_core.package_identification:_identify(src/my_robot_bringup) by extensions ['ros']
[0.154s] Level 1:colcon.colcon_core.package_identification:_identify(src/my_robot_bringup) by extension 'ros'
[0.154s] DEBUG:colcon.colcon_core.package_identification:Package 'src/my_robot_bringup' with type 'ros.ament_cmake' and name 'my_robot_bringup'
[0.154s] Level 1:colcon.colcon_core.package_identification:_identify(src/my_robot_description) by extensions ['ignore', 'ignore_ament_install']
[0.154s] Level 1:colcon.colcon_core.package_identification:_identify(src/my_robot_description) by extension 'ignore'
[0.154s] Level 1:colcon.colcon_core.package_identification:_identify(src/my_robot_description) by extension 'ignore_ament_install'
[0.154s] Level 1:colcon.colcon_core.package_identification:_identify(src/my_robot_description) by extensions ['colcon_pkg']
[0.154s] Level 1:colcon.colcon_core.package_identification:_identify(src/my_robot_description) by extension 'colcon_pkg'
[0.154s] Level 1:colcon.colcon_core.package_identification:_identify(src/my_robot_description) by extensions ['colcon_meta']
[0.154s] Level 1:colcon.colcon_core.package_identification:_identify(src/my_robot_description) by extension 'colcon_meta'
[0.154s] Level 1:colcon.colcon_core.package_identification:_identify(src/my_robot_description) by extensions ['ros']
[0.154s] Level 1:colcon.colcon_core.package_identification:_identify(src/my_robot_description) by extension 'ros'
[0.155s] DEBUG:colcon.colcon_core.package_identification:Package 'src/my_robot_description' with type 'ros.ament_cmake' and name 'my_robot_description'
[0.155s] Level 1:colcon.colcon_core.package_identification:_identify(src/myrobot_controller) by extensions ['ignore', 'ignore_ament_install']
[0.155s] Level 1:colcon.colcon_core.package_identification:_identify(src/myrobot_controller) by extension 'ignore'
[0.155s] Level 1:colcon.colcon_core.package_identification:_identify(src/myrobot_controller) by extension 'ignore_ament_install'
[0.155s] Level 1:colcon.colcon_core.package_identification:_identify(src/myrobot_controller) by extensions ['colcon_pkg']
[0.155s] Level 1:colcon.colcon_core.package_identification:_identify(src/myrobot_controller) by extension 'colcon_pkg'
[0.155s] Level 1:colcon.colcon_core.package_identification:_identify(src/myrobot_controller) by extensions ['colcon_meta']
[0.155s] Level 1:colcon.colcon_core.package_identification:_identify(src/myrobot_controller) by extension 'colcon_meta'
[0.155s] Level 1:colcon.colcon_core.package_identification:_identify(src/myrobot_controller) by extensions ['ros']
[0.155s] Level 1:colcon.colcon_core.package_identification:_identify(src/myrobot_controller) by extension 'ros'
[0.156s] DEBUG:colcon.colcon_core.package_identification:Package 'src/myrobot_controller' with type 'ros.ament_cmake' and name 'myrobot_controller'
[0.156s] Level 1:colcon.colcon_core.package_discovery:discover_packages(recursive) using defaults
[0.156s] Level 1:colcon.colcon_core.package_discovery:discover_packages(ignore) discover
[0.156s] Level 1:colcon.colcon_core.package_discovery:discover_packages(ignore) using defaults
[0.156s] Level 1:colcon.colcon_core.package_discovery:discover_packages(path) discover
[0.156s] Level 1:colcon.colcon_core.package_discovery:discover_packages(path) using defaults
[0.168s] Level 1:colcon.colcon_core.package_discovery:discover_packages(prefix_path) check parameters
[0.168s] Level 1:colcon.colcon_core.package_discovery:discover_packages(prefix_path) discover
[0.169s] DEBUG:colcon.colcon_installed_package_information.package_discovery:Found 4 installed packages in /home/furry/Desktop/gazebo_simulation/install
[0.169s] DEBUG:colcon.colcon_installed_package_information.package_discovery:Found 282 installed packages in /opt/ros/humble
[0.176s] Level 1:colcon.colcon_core.package_discovery:discover_packages(prefix_path) using defaults
[0.195s] Level 5:colcon.colcon_core.verb:set package 'laser' build argument 'cmake_args' from command line to 'None'
[0.195s] Level 5:colcon.colcon_core.verb:set package 'laser' build argument 'cmake_target' from command line to 'None'
[0.195s] Level 5:colcon.colcon_core.verb:set package 'laser' build argument 'cmake_target_skip_unavailable' from command line to 'False'
[0.195s] Level 5:colcon.colcon_core.verb:set package 'laser' build argument 'cmake_clean_cache' from command line to 'False'
[0.195s] Level 5:colcon.colcon_core.verb:set package 'laser' build argument 'cmake_clean_first' from command line to 'False'
[0.195s] Level 5:colcon.colcon_core.verb:set package 'laser' build argument 'cmake_force_configure' from command line to 'False'
[0.195s] Level 5:colcon.colcon_core.verb:set package 'laser' build argument 'ament_cmake_args' from command line to 'None'
[0.195s] Level 5:colcon.colcon_core.verb:set package 'laser' build argument 'catkin_cmake_args' from command line to 'None'
[0.195s] Level 5:colcon.colcon_core.verb:set package 'laser' build argument 'catkin_skip_building_tests' from command line to 'False'
[0.195s] DEBUG:colcon.colcon_core.verb:Building package 'laser' with the following arguments: {'ament_cmake_args': None, 'build_base': '/home/furry/Desktop/gazebo_simulation/build/laser', 'catkin_cmake_args': None, 'catkin_skip_building_tests': False, 'cmake_args': None, 'cmake_clean_cache': False, 'cmake_clean_first': False, 'cmake_force_configure': False, 'cmake_target': None, 'cmake_target_skip_unavailable': False, 'install_base': '/home/furry/Desktop/gazebo_simulation/install/laser', 'merge_install': False, 'path': '/home/furry/Desktop/gazebo_simulation/src/laser', 'symlink_install': True, 'test_result_base': None}
[0.195s] Level 5:colcon.colcon_core.verb:set package 'my_robot_description' build argument 'cmake_args' from command line to 'None'
[0.195s] Level 5:colcon.colcon_core.verb:set package 'my_robot_description' build argument 'cmake_target' from command line to 'None'
[0.195s] Level 5:colcon.colcon_core.verb:set package 'my_robot_description' build argument 'cmake_target_skip_unavailable' from command line to 'False'
[0.195s] Level 5:colcon.colcon_core.verb:set package 'my_robot_description' build argument 'cmake_clean_cache' from command line to 'False'
[0.195s] Level 5:colcon.colcon_core.verb:set package 'my_robot_description' build argument 'cmake_clean_first' from command line to 'False'
[0.195s] Level 5:colcon.colcon_core.verb:set package 'my_robot_description' build argument 'cmake_force_configure' from command line to 'False'
[0.195s] Level 5:colcon.colcon_core.verb:set package 'my_robot_description' build argument 'ament_cmake_args' from command line to 'None'
[0.195s] Level 5:colcon.colcon_core.verb:set package 'my_robot_description' build argument 'catkin_cmake_args' from command line to 'None'
[0.195s] Level 5:colcon.colcon_core.verb:set package 'my_robot_description' build argument 'catkin_skip_building_tests' from command line to 'False'
[0.195s] DEBUG:colcon.colcon_core.verb:Building package 'my_robot_description' with the following arguments: {'ament_cmake_args': None, 'build_base': '/home/furry/Desktop/gazebo_simulation/build/my_robot_description', 'catkin_cmake_args': None, 'catkin_skip_building_tests': False, 'cmake_args': None, 'cmake_clean_cache': False, 'cmake_clean_first': False, 'cmake_force_configure': False, 'cmake_target': None, 'cmake_target_skip_unavailable': False, 'install_base': '/home/furry/Desktop/gazebo_simulation/install/my_robot_description', 'merge_install': False, 'path': '/home/furry/Desktop/gazebo_simulation/src/my_robot_description', 'symlink_install': True, 'test_result_base': None}
[0.195s] Level 5:colcon.colcon_core.verb:set package 'myrobot_controller' build argument 'cmake_args' from command line to 'None'
[0.195s] Level 5:colcon.colcon_core.verb:set package 'myrobot_controller' build argument 'cmake_target' from command line to 'None'
[0.196s] Level 5:colcon.colcon_core.verb:set package 'myrobot_controller' build argument 'cmake_target_skip_unavailable' from command line to 'False'
[0.196s] Level 5:colcon.colcon_core.verb:set package 'myrobot_controller' build argument 'cmake_clean_cache' from command line to 'False'
[0.196s] Level 5:colcon.colcon_core.verb:set package 'myrobot_controller' build argument 'cmake_clean_first' from command line to 'False'
[0.196s] Level 5:colcon.colcon_core.verb:set package 'myrobot_controller' build argument 'cmake_force_configure' from command line to 'False'
[0.196s] Level 5:colcon.colcon_core.verb:set package 'myrobot_controller' build argument 'ament_cmake_args' from command line to 'None'
[0.196s] Level 5:colcon.colcon_core.verb:set package 'myrobot_controller' build argument 'catkin_cmake_args' from command line to 'None'
[0.196s] Level 5:colcon.colcon_core.verb:set package 'myrobot_controller' build argument 'catkin_skip_building_tests' from command line to 'False'
[0.196s] DEBUG:colcon.colcon_core.verb:Building package 'myrobot_controller' with the following arguments: {'ament_cmake_args': None, 'build_base': '/home/furry/Desktop/gazebo_simulation/build/myrobot_controller', 'catkin_cmake_args': None, 'catkin_skip_building_tests': False, 'cmake_args': None, 'cmake_clean_cache': False, 'cmake_clean_first': False, 'cmake_force_configure': False, 'cmake_target': None, 'cmake_target_skip_unavailable': False, 'install_base': '/home/furry/Desktop/gazebo_simulation/install/myrobot_controller', 'merge_install': False, 'path': '/home/furry/Desktop/gazebo_simulation/src/myrobot_controller', 'symlink_install': True, 'test_result_base': None}
[0.196s] Level 5:colcon.colcon_core.verb:set package 'my_robot_bringup' build argument 'cmake_args' from command line to 'None'
[0.196s] Level 5:colcon.colcon_core.verb:set package 'my_robot_bringup' build argument 'cmake_target' from command line to 'None'
[0.196s] Level 5:colcon.colcon_core.verb:set package 'my_robot_bringup' build argument 'cmake_target_skip_unavailable' from command line to 'False'
[0.196s] Level 5:colcon.colcon_core.verb:set package 'my_robot_bringup' build argument 'cmake_clean_cache' from command line to 'False'
[0.196s] Level 5:colcon.colcon_core.verb:set package 'my_robot_bringup' build argument 'cmake_clean_first' from command line to 'False'
[0.196s] Level 5:colcon.colcon_core.verb:set package 'my_robot_bringup' build argument 'cmake_force_configure' from command line to 'False'
[0.196s] Level 5:colcon.colcon_core.verb:set package 'my_robot_bringup' build argument 'ament_cmake_args' from command line to 'None'
[0.196s] Level 5:colcon.colcon_core.verb:set package 'my_robot_bringup' build argument 'catkin_cmake_args' from command line to 'None'
[0.196s] Level 5:colcon.colcon_core.verb:set package 'my_robot_bringup' build argument 'catkin_skip_building_tests' from command line to 'False'
[0.196s] DEBUG:colcon.colcon_core.verb:Building package 'my_robot_bringup' with the following arguments: {'ament_cmake_args': None, 'build_base': '/home/furry/Desktop/gazebo_simulation/build/my_robot_bringup', 'catkin_cmake_args': None, 'catkin_skip_building_tests': False, 'cmake_args': None, 'cmake_clean_cache': False, 'cmake_clean_first': False, 'cmake_force_configure': False, 'cmake_target': None, 'cmake_target_skip_unavailable': False, 'install_base': '/home/furry/Desktop/gazebo_simulation/install/my_robot_bringup', 'merge_install': False, 'path': '/home/furry/Desktop/gazebo_simulation/src/my_robot_bringup', 'symlink_install': True, 'test_result_base': None}
[0.196s] INFO:colcon.colcon_core.executor:Executing jobs using 'parallel' executor
[0.197s] DEBUG:colcon.colcon_parallel_executor.executor.parallel:run_until_complete
[0.197s] INFO:colcon.colcon_ros.task.ament_cmake.build:Building ROS package in '/home/furry/Desktop/gazebo_simulation/src/my_robot_description' with build type 'ament_cmake'
[0.197s] INFO:colcon.colcon_cmake.task.cmake.build:Building CMake package in '/home/furry/Desktop/gazebo_simulation/src/my_robot_description'
[0.198s] INFO:colcon.colcon_core.plugin_system:Skipping extension 'colcon_core.shell.bat': Not used on non-Windows systems
[0.198s] INFO:colcon.colcon_core.shell:Skip shell extension 'powershell' for command environment: Not usable outside of PowerShell
[0.198s] DEBUG:colcon.colcon_core.shell:Skip shell extension 'dsv' for command environment
[0.200s] INFO:colcon.colcon_ros.task.ament_python.build:Building ROS package in '/home/furry/Desktop/gazebo_simulation/src/laser' with build type 'ament_python'
[0.200s] Level 1:colcon.colcon_core.shell:create_environment_hook('laser', 'ament_prefix_path')
[0.200s] INFO:colcon.colcon_core.shell:Creating environment hook '/home/furry/Desktop/gazebo_simulation/install/laser/share/laser/hook/ament_prefix_path.ps1'
[0.201s] INFO:colcon.colcon_core.shell:Creating environment descriptor '/home/furry/Desktop/gazebo_simulation/install/laser/share/laser/hook/ament_prefix_path.dsv'
[0.201s] INFO:colcon.colcon_core.shell:Creating environment hook '/home/furry/Desktop/gazebo_simulation/install/laser/share/laser/hook/ament_prefix_path.sh'
[0.201s] INFO:colcon.colcon_core.shell:Skip shell extension 'powershell' for command environment: Not usable outside of PowerShell
[0.201s] DEBUG:colcon.colcon_core.shell:Skip shell extension 'dsv' for command environment
[0.203s] INFO:colcon.colcon_ros.task.ament_cmake.build:Building ROS package in '/home/furry/Desktop/gazebo_simulation/src/myrobot_controller' with build type 'ament_cmake'
[0.203s] INFO:colcon.colcon_cmake.task.cmake.build:Building CMake package in '/home/furry/Desktop/gazebo_simulation/src/myrobot_controller'
[0.203s] INFO:colcon.colcon_core.shell:Skip shell extension 'powershell' for command environment: Not usable outside of PowerShell
[0.203s] DEBUG:colcon.colcon_core.shell:Skip shell extension 'dsv' for command environment
[0.208s] DEBUG:colcon.colcon_core.event_handler.log_command:Invoking command in '/home/furry/Desktop/gazebo_simulation/build/my_robot_description': CMAKE_PREFIX_PATH=${CMAKE_PREFIX_PATH}:/home/furry/Desktop/gazebo_simulation/install/laser:/opt/ros/humble /usr/bin/cmake /home/furry/Desktop/gazebo_simulation/src/my_robot_description -DAMENT_CMAKE_SYMLINK_INSTALL=1 -DCMAKE_INSTALL_PREFIX=/home/furry/Desktop/gazebo_simulation/install/my_robot_description
[0.361s] INFO:colcon.colcon_core.task.python.build:Building Python package in '/home/furry/Desktop/gazebo_simulation/src/laser'
[0.361s] INFO:colcon.colcon_core.shell:Skip shell extension 'powershell' for command environment: Not usable outside of PowerShell
[0.361s] DEBUG:colcon.colcon_core.shell:Skip shell extension 'dsv' for command environment
[0.368s] DEBUG:colcon.colcon_core.event_handler.log_command:Invoking command in '/home/furry/Desktop/gazebo_simulation/build/myrobot_controller': CMAKE_PREFIX_PATH=${CMAKE_PREFIX_PATH}:/home/furry/Desktop/gazebo_simulation/install/laser:/opt/ros/humble /usr/bin/cmake /home/furry/Desktop/gazebo_simulation/src/myrobot_controller -DAMENT_CMAKE_SYMLINK_INSTALL=1 -DCMAKE_INSTALL_PREFIX=/home/furry/Desktop/gazebo_simulation/install/myrobot_controller
[0.368s] DEBUG:colcon.colcon_core.event_handler.log_command:Invoked command in '/home/furry/Desktop/gazebo_simulation/build/my_robot_description' returned '0': CMAKE_PREFIX_PATH=${CMAKE_PREFIX_PATH}:/home/furry/Desktop/gazebo_simulation/install/laser:/opt/ros/humble /usr/bin/cmake /home/furry/Desktop/gazebo_simulation/src/my_robot_description -DAMENT_CMAKE_SYMLINK_INSTALL=1 -DCMAKE_INSTALL_PREFIX=/home/furry/Desktop/gazebo_simulation/install/my_robot_description
[0.368s] DEBUG:colcon.colcon_core.event_handler.log_command:Invoking command in '/home/furry/Desktop/gazebo_simulation/build/my_robot_description': CMAKE_PREFIX_PATH=${CMAKE_PREFIX_PATH}:/home/furry/Desktop/gazebo_simulation/install/laser:/opt/ros/humble /usr/bin/cmake --build /home/furry/Desktop/gazebo_simulation/build/my_robot_description -- -j24 -l24
[0.392s] DEBUG:colcon.colcon_core.event_handler.log_command:Invoked command in '/home/furry/Desktop/gazebo_simulation/build/my_robot_description' returned '0': CMAKE_PREFIX_PATH=${CMAKE_PREFIX_PATH}:/home/furry/Desktop/gazebo_simulation/install/laser:/opt/ros/humble /usr/bin/cmake --build /home/furry/Desktop/gazebo_simulation/build/my_robot_description -- -j24 -l24
[0.398s] DEBUG:colcon.colcon_core.event_handler.log_command:Invoking command in '/home/furry/Desktop/gazebo_simulation/build/my_robot_description': CMAKE_PREFIX_PATH=${CMAKE_PREFIX_PATH}:/home/furry/Desktop/gazebo_simulation/install/laser:/opt/ros/humble /usr/bin/cmake --install /home/furry/Desktop/gazebo_simulation/build/my_robot_description
[0.580s] DEBUG:colcon.colcon_core.task.python.build:While undoing a previous installation files outside the Python library path are being ignored: /home/furry/Desktop/gazebo_simulation/install/laser/share/ament_index/resource_index/packages/laser
[0.580s] DEBUG:colcon.colcon_core.task.python.build:While undoing a previous installation files outside the Python library path are being ignored: /home/furry/Desktop/gazebo_simulation/install/laser/share/laser/package.xml
[0.580s] DEBUG:colcon.colcon_core.task.python.build:While undoing a previous installation files outside the Python library path are being ignored: /home/furry/Desktop/gazebo_simulation/install/laser/lib/laser/laser
[0.580s] DEBUG:colcon.colcon_core.task.python.build:While undoing a previous installation files outside the Python library path are being ignored: /home/furry/Desktop/gazebo_simulation/install/laser/lib/laser/laser_position
[0.582s] DEBUG:colcon.colcon_core.event_handler.log_command:Invoking command in '/home/furry/Desktop/gazebo_simulation/build/laser': PYTHONPATH=/home/furry/Desktop/gazebo_simulation/build/laser/prefix_override:/usr/lib/python3/dist-packages/colcon_core/task/python/colcon_distutils_commands:/home/furry/Desktop/gazebo_simulation/install/laser/lib/python3.10/site-packages:${PYTHONPATH} /usr/bin/python3 -W ignore:setup.py install is deprecated -W ignore:easy_install command is deprecated setup.py develop --editable --build-directory /home/furry/Desktop/gazebo_simulation/build/laser/build --no-deps symlink_data --force
[0.725s] DEBUG:colcon.colcon_core.event_handler.log_command:Invoked command in '/home/furry/Desktop/gazebo_simulation/build/myrobot_controller' returned '0': CMAKE_PREFIX_PATH=${CMAKE_PREFIX_PATH}:/home/furry/Desktop/gazebo_simulation/install/laser:/opt/ros/humble /usr/bin/cmake /home/furry/Desktop/gazebo_simulation/src/myrobot_controller -DAMENT_CMAKE_SYMLINK_INSTALL=1 -DCMAKE_INSTALL_PREFIX=/home/furry/Desktop/gazebo_simulation/install/myrobot_controller
[0.726s] DEBUG:colcon.colcon_core.event_handler.log_command:Invoking command in '/home/furry/Desktop/gazebo_simulation/build/myrobot_controller': CMAKE_PREFIX_PATH=${CMAKE_PREFIX_PATH}:/home/furry/Desktop/gazebo_simulation/install/laser:/opt/ros/humble /usr/bin/cmake --build /home/furry/Desktop/gazebo_simulation/build/myrobot_controller -- -j24 -l24
[0.825s] Level 1:colcon.colcon_core.environment:create_environment_scripts_only(my_robot_description)
[0.825s] DEBUG:colcon.colcon_core.event_handler.log_command:Invoked command in '/home/furry/Desktop/gazebo_simulation/build/my_robot_description' returned '0': CMAKE_PREFIX_PATH=${CMAKE_PREFIX_PATH}:/home/furry/Desktop/gazebo_simulation/install/laser:/opt/ros/humble /usr/bin/cmake --install /home/furry/Desktop/gazebo_simulation/build/my_robot_description
[0.828s] Level 1:colcon.colcon_core.environment:checking '/home/furry/Desktop/gazebo_simulation/install/my_robot_description' for CMake module files
[0.828s] Level 1:colcon.colcon_core.environment:checking '/home/furry/Desktop/gazebo_simulation/install/my_robot_description' for CMake config files
[0.829s] Level 1:colcon.colcon_core.shell:create_environment_hook('my_robot_description', 'cmake_prefix_path')
[0.829s] INFO:colcon.colcon_core.shell:Creating environment hook '/home/furry/Desktop/gazebo_simulation/install/my_robot_description/share/my_robot_description/hook/cmake_prefix_path.ps1'
[0.830s] INFO:colcon.colcon_core.shell:Creating environment descriptor '/home/furry/Desktop/gazebo_simulation/install/my_robot_description/share/my_robot_description/hook/cmake_prefix_path.dsv'
[0.830s] INFO:colcon.colcon_core.shell:Creating environment hook '/home/furry/Desktop/gazebo_simulation/install/my_robot_description/share/my_robot_description/hook/cmake_prefix_path.sh'
[0.831s] Level 1:colcon.colcon_core.environment:checking '/home/furry/Desktop/gazebo_simulation/install/my_robot_description/bin'
[0.831s] Level 1:colcon.colcon_core.environment:checking '/home/furry/Desktop/gazebo_simulation/install/my_robot_description/lib/pkgconfig/my_robot_description.pc'
[0.831s] Level 1:colcon.colcon_core.environment:checking '/home/furry/Desktop/gazebo_simulation/install/my_robot_description/lib/python3.10/site-packages'
[0.831s] Level 1:colcon.colcon_core.environment:checking '/home/furry/Desktop/gazebo_simulation/install/my_robot_description/bin'
[0.832s] INFO:colcon.colcon_core.shell:Creating package script '/home/furry/Desktop/gazebo_simulation/install/my_robot_description/share/my_robot_description/package.ps1'
[0.833s] INFO:colcon.colcon_core.shell:Creating package descriptor '/home/furry/Desktop/gazebo_simulation/install/my_robot_description/share/my_robot_description/package.dsv'
[0.833s] INFO:colcon.colcon_core.shell:Creating package script '/home/furry/Desktop/gazebo_simulation/install/my_robot_description/share/my_robot_description/package.sh'
[0.834s] INFO:colcon.colcon_core.shell:Creating package script '/home/furry/Desktop/gazebo_simulation/install/my_robot_description/share/my_robot_description/package.bash'
[0.835s] INFO:colcon.colcon_core.shell:Creating package script '/home/furry/Desktop/gazebo_simulation/install/my_robot_description/share/my_robot_description/package.zsh'
[0.836s] Level 1:colcon.colcon_core.environment:create_file_with_runtime_dependencies(/home/furry/Desktop/gazebo_simulation/install/my_robot_description/share/colcon-core/packages/my_robot_description)
[0.836s] Level 1:colcon.colcon_core.environment:create_environment_scripts_only(my_robot_description)
[0.836s] Level 1:colcon.colcon_core.environment:checking '/home/furry/Desktop/gazebo_simulation/install/my_robot_description' for CMake module files
[0.837s] Level 1:colcon.colcon_core.environment:checking '/home/furry/Desktop/gazebo_simulation/install/my_robot_description' for CMake config files
[0.837s] Level 1:colcon.colcon_core.shell:create_environment_hook('my_robot_description', 'cmake_prefix_path')
[0.837s] INFO:colcon.colcon_core.shell:Creating environment hook '/home/furry/Desktop/gazebo_simulation/install/my_robot_description/share/my_robot_description/hook/cmake_prefix_path.ps1'
[0.838s] INFO:colcon.colcon_core.shell:Creating environment descriptor '/home/furry/Desktop/gazebo_simulation/install/my_robot_description/share/my_robot_description/hook/cmake_prefix_path.dsv'
[0.838s] INFO:colcon.colcon_core.shell:Creating environment hook '/home/furry/Desktop/gazebo_simulation/install/my_robot_description/share/my_robot_description/hook/cmake_prefix_path.sh'
[0.839s] Level 1:colcon.colcon_core.environment:checking '/home/furry/Desktop/gazebo_simulation/install/my_robot_description/bin'
[0.839s] Level 1:colcon.colcon_core.environment:checking '/home/furry/Desktop/gazebo_simulation/install/my_robot_description/lib/pkgconfig/my_robot_description.pc'
[0.839s] Level 1:colcon.colcon_core.environment:checking '/home/furry/Desktop/gazebo_simulation/install/my_robot_description/lib/python3.10/site-packages'
[0.839s] Level 1:colcon.colcon_core.environment:checking '/home/furry/Desktop/gazebo_simulation/install/my_robot_description/bin'
[0.839s] INFO:colcon.colcon_core.shell:Creating package script '/home/furry/Desktop/gazebo_simulation/install/my_robot_description/share/my_robot_description/package.ps1'
[0.839s] INFO:colcon.colcon_core.shell:Creating package descriptor '/home/furry/Desktop/gazebo_simulation/install/my_robot_description/share/my_robot_description/package.dsv'
[0.840s] INFO:colcon.colcon_core.shell:Creating package script '/home/furry/Desktop/gazebo_simulation/install/my_robot_description/share/my_robot_description/package.sh'
[0.840s] INFO:colcon.colcon_core.shell:Creating package script '/home/furry/Desktop/gazebo_simulation/install/my_robot_description/share/my_robot_description/package.bash'
[0.840s] INFO:colcon.colcon_core.shell:Creating package script '/home/furry/Desktop/gazebo_simulation/install/my_robot_description/share/my_robot_description/package.zsh'
[0.840s] Level 1:colcon.colcon_core.environment:create_file_with_runtime_dependencies(/home/furry/Desktop/gazebo_simulation/install/my_robot_description/share/colcon-core/packages/my_robot_description)
[0.840s] INFO:colcon.colcon_ros.task.ament_cmake.build:Building ROS package in '/home/furry/Desktop/gazebo_simulation/src/my_robot_bringup' with build type 'ament_cmake'
[0.841s] INFO:colcon.colcon_cmake.task.cmake.build:Building CMake package in '/home/furry/Desktop/gazebo_simulation/src/my_robot_bringup'
[0.841s] INFO:colcon.colcon_core.shell:Skip shell extension 'powershell' for command environment: Not usable outside of PowerShell
[0.841s] DEBUG:colcon.colcon_core.shell:Skip shell extension 'dsv' for command environment
[0.847s] DEBUG:colcon.colcon_core.event_handler.log_command:Invoking command in '/home/furry/Desktop/gazebo_simulation/build/my_robot_bringup': CMAKE_PREFIX_PATH=/home/furry/Desktop/gazebo_simulation/install/my_robot_description:/home/furry/Desktop/gazebo_simulation/install/myrobot_controller:/home/furry/Desktop/gazebo_simulation/install/my_robot_bringup:/home/furry/Desktop/gazebo_simulation/install/laser:/opt/ros/humble /usr/bin/cmake /home/furry/Desktop/gazebo_simulation/src/my_robot_bringup -DAMENT_CMAKE_SYMLINK_INSTALL=1 -DCMAKE_INSTALL_PREFIX=/home/furry/Desktop/gazebo_simulation/install/my_robot_bringup
[0.860s] Level 1:colcon.colcon_core.shell:create_environment_hook('laser', 'pythonpath_develop')
[0.860s] INFO:colcon.colcon_core.shell:Creating environment hook '/home/furry/Desktop/gazebo_simulation/build/laser/share/laser/hook/pythonpath_develop.ps1'
[0.861s] DEBUG:colcon.colcon_core.event_handler.log_command:Invoked command in '/home/furry/Desktop/gazebo_simulation/build/laser' returned '0': PYTHONPATH=/home/furry/Desktop/gazebo_simulation/build/laser/prefix_override:/usr/lib/python3/dist-packages/colcon_core/task/python/colcon_distutils_commands:/home/furry/Desktop/gazebo_simulation/install/laser/lib/python3.10/site-packages:${PYTHONPATH} /usr/bin/python3 -W ignore:setup.py install is deprecated -W ignore:easy_install command is deprecated setup.py develop --editable --build-directory /home/furry/Desktop/gazebo_simulation/build/laser/build --no-deps symlink_data --force
[0.861s] INFO:colcon.colcon_core.shell:Creating environment descriptor '/home/furry/Desktop/gazebo_simulation/build/laser/share/laser/hook/pythonpath_develop.dsv'
[0.862s] INFO:colcon.colcon_core.shell:Creating environment hook '/home/furry/Desktop/gazebo_simulation/build/laser/share/laser/hook/pythonpath_develop.sh'
[0.862s] Level 1:colcon.colcon_core.environment:checking '/home/furry/Desktop/gazebo_simulation/install/laser' for CMake module files
[0.863s] Level 1:colcon.colcon_core.environment:checking '/home/furry/Desktop/gazebo_simulation/install/laser' for CMake config files
[0.863s] Level 1:colcon.colcon_core.environment:checking '/home/furry/Desktop/gazebo_simulation/install/laser/lib'
[0.864s] Level 1:colcon.colcon_core.environment:checking '/home/furry/Desktop/gazebo_simulation/install/laser/bin'
[0.864s] Level 1:colcon.colcon_core.environment:checking '/home/furry/Desktop/gazebo_simulation/install/laser/lib/pkgconfig/laser.pc'
[0.864s] Level 1:colcon.colcon_core.environment:checking '/home/furry/Desktop/gazebo_simulation/install/laser/lib/python3.10/site-packages'
[0.864s] Level 1:colcon.colcon_core.shell:create_environment_hook('laser', 'pythonpath')
[0.864s] INFO:colcon.colcon_core.shell:Creating environment hook '/home/furry/Desktop/gazebo_simulation/install/laser/share/laser/hook/pythonpath.ps1'
[0.864s] INFO:colcon.colcon_core.shell:Creating environment descriptor '/home/furry/Desktop/gazebo_simulation/install/laser/share/laser/hook/pythonpath.dsv'
[0.865s] INFO:colcon.colcon_core.shell:Creating environment hook '/home/furry/Desktop/gazebo_simulation/install/laser/share/laser/hook/pythonpath.sh'
[0.865s] Level 1:colcon.colcon_core.environment:checking '/home/furry/Desktop/gazebo_simulation/install/laser/bin'
[0.865s] Level 1:colcon.colcon_core.environment:create_environment_scripts_only(laser)
[0.865s] INFO:colcon.colcon_core.shell:Creating package script '/home/furry/Desktop/gazebo_simulation/install/laser/share/laser/package.ps1'
[0.866s] INFO:colcon.colcon_core.shell:Creating package descriptor '/home/furry/Desktop/gazebo_simulation/install/laser/share/laser/package.dsv'
[0.866s] INFO:colcon.colcon_core.shell:Creating package script '/home/furry/Desktop/gazebo_simulation/install/laser/share/laser/package.sh'
[0.867s] INFO:colcon.colcon_core.shell:Creating package script '/home/furry/Desktop/gazebo_simulation/install/laser/share/laser/package.bash'
[0.867s] INFO:colcon.colcon_core.shell:Creating package script '/home/furry/Desktop/gazebo_simulation/install/laser/share/laser/package.zsh'
[0.867s] Level 1:colcon.colcon_core.environment:create_file_with_runtime_dependencies(/home/furry/Desktop/gazebo_simulation/install/laser/share/colcon-core/packages/laser)
[1.004s] DEBUG:colcon.colcon_core.event_handler.log_command:Invoked command in '/home/furry/Desktop/gazebo_simulation/build/my_robot_bringup' returned '0': CMAKE_PREFIX_PATH=/home/furry/Desktop/gazebo_simulation/install/my_robot_description:/home/furry/Desktop/gazebo_simulation/install/myrobot_controller:/home/furry/Desktop/gazebo_simulation/install/my_robot_bringup:/home/furry/Desktop/gazebo_simulation/install/laser:/opt/ros/humble /usr/bin/cmake /home/furry/Desktop/gazebo_simulation/src/my_robot_bringup -DAMENT_CMAKE_SYMLINK_INSTALL=1 -DCMAKE_INSTALL_PREFIX=/home/furry/Desktop/gazebo_simulation/install/my_robot_bringup
[1.004s] DEBUG:colcon.colcon_core.event_handler.log_command:Invoking command in '/home/furry/Desktop/gazebo_simulation/build/my_robot_bringup': CMAKE_PREFIX_PATH=/home/furry/Desktop/gazebo_simulation/install/my_robot_description:/home/furry/Desktop/gazebo_simulation/install/myrobot_controller:/home/furry/Desktop/gazebo_simulation/install/my_robot_bringup:/home/furry/Desktop/gazebo_simulation/install/laser:/opt/ros/humble /usr/bin/cmake --build /home/furry/Desktop/gazebo_simulation/build/my_robot_bringup -- -j24 -l24
[1.027s] DEBUG:colcon.colcon_core.event_handler.log_command:Invoked command in '/home/furry/Desktop/gazebo_simulation/build/myrobot_controller' returned '2': CMAKE_PREFIX_PATH=${CMAKE_PREFIX_PATH}:/home/furry/Desktop/gazebo_simulation/install/laser:/opt/ros/humble /usr/bin/cmake --build /home/furry/Desktop/gazebo_simulation/build/myrobot_controller -- -j24 -l24
[1.028s] Level 1:colcon.colcon_core.environment:create_environment_scripts_only(myrobot_controller)
[1.028s] Level 1:colcon.colcon_core.environment:checking '/home/furry/Desktop/gazebo_simulation/install/myrobot_controller' for CMake module files
[1.028s] Level 1:colcon.colcon_core.environment:checking '/home/furry/Desktop/gazebo_simulation/install/myrobot_controller' for CMake config files
[1.028s] Level 1:colcon.colcon_core.shell:create_environment_hook('myrobot_controller', 'cmake_prefix_path')
[1.028s] INFO:colcon.colcon_core.shell:Creating environment hook '/home/furry/Desktop/gazebo_simulation/install/myrobot_controller/share/myrobot_controller/hook/cmake_prefix_path.ps1'
[1.029s] INFO:colcon.colcon_core.shell:Creating environment descriptor '/home/furry/Desktop/gazebo_simulation/install/myrobot_controller/share/myrobot_controller/hook/cmake_prefix_path.dsv'
[1.029s] INFO:colcon.colcon_core.shell:Creating environment hook '/home/furry/Desktop/gazebo_simulation/install/myrobot_controller/share/myrobot_controller/hook/cmake_prefix_path.sh'
[1.030s] Level 1:colcon.colcon_core.environment:checking '/home/furry/Desktop/gazebo_simulation/install/myrobot_controller/lib'
[1.030s] Level 1:colcon.colcon_core.environment:checking '/home/furry/Desktop/gazebo_simulation/install/myrobot_controller/bin'
[1.030s] Level 1:colcon.colcon_core.environment:checking '/home/furry/Desktop/gazebo_simulation/install/myrobot_controller/lib/pkgconfig/myrobot_controller.pc'
[1.030s] Level 1:colcon.colcon_core.environment:checking '/home/furry/Desktop/gazebo_simulation/install/myrobot_controller/lib/python3.10/site-packages'
[1.030s] Level 1:colcon.colcon_core.environment:checking '/home/furry/Desktop/gazebo_simulation/install/myrobot_controller/bin'
[1.031s] INFO:colcon.colcon_core.shell:Creating package script '/home/furry/Desktop/gazebo_simulation/install/myrobot_controller/share/myrobot_controller/package.ps1'
[1.031s] INFO:colcon.colcon_core.shell:Creating package descriptor '/home/furry/Desktop/gazebo_simulation/install/myrobot_controller/share/myrobot_controller/package.dsv'
[1.032s] INFO:colcon.colcon_core.shell:Creating package script '/home/furry/Desktop/gazebo_simulation/install/myrobot_controller/share/myrobot_controller/package.sh'
[1.032s] INFO:colcon.colcon_core.shell:Creating package script '/home/furry/Desktop/gazebo_simulation/install/myrobot_controller/share/myrobot_controller/package.bash'
[1.033s] INFO:colcon.colcon_core.shell:Creating package script '/home/furry/Desktop/gazebo_simulation/install/myrobot_controller/share/myrobot_controller/package.zsh'
[1.033s] Level 1:colcon.colcon_core.environment:create_file_with_runtime_dependencies(/home/furry/Desktop/gazebo_simulation/install/myrobot_controller/share/colcon-core/packages/myrobot_controller)
[1.044s] DEBUG:colcon.colcon_parallel_executor.executor.parallel:closing loop
[1.044s] DEBUG:colcon.colcon_parallel_executor.executor.parallel:loop closed
[1.045s] DEBUG:colcon.colcon_parallel_executor.executor.parallel:run_until_complete finished with '2'
[1.045s] DEBUG:colcon.colcon_core.event_reactor:joining thread
[1.048s] INFO:colcon.colcon_core.plugin_system:Skipping extension 'colcon_notification.desktop_notification.terminal_notifier': Not used on non-Darwin systems
[1.048s] INFO:colcon.colcon_core.plugin_system:Skipping extension 'colcon_notification.desktop_notification.win32': Not used on non-Windows systems
[1.048s] INFO:colcon.colcon_notification.desktop_notification:Sending desktop notification using 'notify2'
[1.056s] DEBUG:colcon.colcon_core.event_reactor:joined thread
[1.057s] INFO:colcon.colcon_core.shell:Creating prefix script '/home/furry/Desktop/gazebo_simulation/install/local_setup.ps1'
[1.058s] INFO:colcon.colcon_core.shell:Creating prefix util module '/home/furry/Desktop/gazebo_simulation/install/_local_setup_util_ps1.py'
[1.059s] INFO:colcon.colcon_core.shell:Creating prefix chain script '/home/furry/Desktop/gazebo_simulation/install/setup.ps1'
[1.060s] INFO:colcon.colcon_core.shell:Creating prefix script '/home/furry/Desktop/gazebo_simulation/install/local_setup.sh'
[1.061s] INFO:colcon.colcon_core.shell:Creating prefix util module '/home/furry/Desktop/gazebo_simulation/install/_local_setup_util_sh.py'
[1.061s] INFO:colcon.colcon_core.shell:Creating prefix chain script '/home/furry/Desktop/gazebo_simulation/install/setup.sh'
[1.062s] INFO:colcon.colcon_core.shell:Creating prefix script '/home/furry/Desktop/gazebo_simulation/install/local_setup.bash'
[1.063s] INFO:colcon.colcon_core.shell:Creating prefix chain script '/home/furry/Desktop/gazebo_simulation/install/setup.bash'
[1.064s] INFO:colcon.colcon_core.shell:Creating prefix script '/home/furry/Desktop/gazebo_simulation/install/local_setup.zsh'
[1.064s] INFO:colcon.colcon_core.shell:Creating prefix chain script '/home/furry/Desktop/gazebo_simulation/install/setup.zsh'
