[0.061s] DEBUG:colcon:Command line arguments: ['/usr/bin/colcon', 'build']
[0.061s] DEBUG:colcon:Parsed command line arguments: Namespace(log_base=None, log_level=None, verb_name='build', build_base='build', install_base='install', merge_install=False, symlink_install=False, test_result_base=None, continue_on_error=False, executor='parallel', parallel_workers=24, event_handlers=None, ignore_user_meta=False, metas=['./colcon.meta'], base_paths=['.'], packages_ignore=None, packages_ignore_regex=None, paths=None, packages_up_to=None, packages_up_to_regex=None, packages_above=None, packages_above_and_dependencies=None, packages_above_depth=None, packages_select_by_dep=None, packages_skip_by_dep=None, packages_skip_up_to=None, packages_select_build_failed=False, packages_skip_build_finished=False, packages_select_test_failures=False, packages_skip_test_passed=False, packages_select=None, packages_skip=None, packages_select_regex=None, packages_skip_regex=None, packages_start=None, packages_end=None, allow_overriding=[], cmake_args=None, cmake_target=None, cmake_target_skip_unavailable=False, cmake_clean_cache=False, cmake_clean_first=False, cmake_force_configure=False, ament_cmake_args=None, catkin_cmake_args=None, catkin_skip_building_tests=False, verb_parser=<colcon_defaults.argument_parser.defaults.DefaultArgumentsDecorator object at 0x7a4aa662f580>, verb_extension=<colcon_core.verb.build.BuildVerb object at 0x7a4aa6765090>, main=<bound method BuildVerb.main of <colcon_core.verb.build.BuildVerb object at 0x7a4aa6765090>>)
[0.173s] Level 1:colcon.colcon_core.package_discovery:discover_packages(colcon_meta) check parameters
[0.173s] Level 1:colcon.colcon_core.package_discovery:discover_packages(recursive) check parameters
[0.173s] Level 1:colcon.colcon_core.package_discovery:discover_packages(ignore) check parameters
[0.173s] Level 1:colcon.colcon_core.package_discovery:discover_packages(path) check parameters
[0.173s] Level 1:colcon.colcon_core.package_discovery:discover_packages(colcon_meta) discover
[0.173s] Level 1:colcon.colcon_core.package_discovery:discover_packages(recursive) discover
[0.173s] INFO:colcon.colcon_core.package_discovery:Crawling recursively for packages in '/home/furry/Desktop/gazebo_simulation/src'
[0.173s] Level 1:colcon.colcon_core.package_identification:_identify(.) by extensions ['ignore', 'ignore_ament_install']
[0.173s] Level 1:colcon.colcon_core.package_identification:_identify(.) by extension 'ignore'
[0.173s] Level 1:colcon.colcon_core.package_identification:_identify(.) by extension 'ignore_ament_install'
[0.173s] Level 1:colcon.colcon_core.package_identification:_identify(.) by extensions ['colcon_pkg']
[0.173s] Level 1:colcon.colcon_core.package_identification:_identify(.) by extension 'colcon_pkg'
[0.174s] Level 1:colcon.colcon_core.package_identification:_identify(.) by extensions ['colcon_meta']
[0.174s] Level 1:colcon.colcon_core.package_identification:_identify(.) by extension 'colcon_meta'
[0.174s] Level 1:colcon.colcon_core.package_identification:_identify(.) by extensions ['ros']
[0.174s] Level 1:colcon.colcon_core.package_identification:_identify(.) by extension 'ros'
[0.179s] Level 1:colcon.colcon_core.package_identification:_identify(.) by extensions ['cmake', 'python']
[0.179s] Level 1:colcon.colcon_core.package_identification:_identify(.) by extension 'cmake'
[0.179s] Level 1:colcon.colcon_core.package_identification:_identify(.) by extension 'python'
[0.180s] Level 1:colcon.colcon_core.package_identification:_identify(.) by extensions ['python_setup_py']
[0.180s] Level 1:colcon.colcon_core.package_identification:_identify(.) by extension 'python_setup_py'
[0.180s] Level 1:colcon.colcon_core.package_identification:_identify(build) by extensions ['ignore', 'ignore_ament_install']
[0.180s] Level 1:colcon.colcon_core.package_identification:_identify(build) by extension 'ignore'
[0.180s] Level 1:colcon.colcon_core.package_identification:_identify(build) ignored
[0.180s] Level 1:colcon.colcon_core.package_identification:_identify(install) by extensions ['ignore', 'ignore_ament_install']
[0.180s] Level 1:colcon.colcon_core.package_identification:_identify(install) by extension 'ignore'
[0.180s] Level 1:colcon.colcon_core.package_identification:_identify(install) ignored
[0.180s] Level 1:colcon.colcon_core.package_identification:_identify(laser) by extensions ['ignore', 'ignore_ament_install']
[0.180s] Level 1:colcon.colcon_core.package_identification:_identify(laser) by extension 'ignore'
[0.180s] Level 1:colcon.colcon_core.package_identification:_identify(laser) by extension 'ignore_ament_install'
[0.180s] Level 1:colcon.colcon_core.package_identification:_identify(laser) by extensions ['colcon_pkg']
[0.180s] Level 1:colcon.colcon_core.package_identification:_identify(laser) by extension 'colcon_pkg'
[0.180s] Level 1:colcon.colcon_core.package_identification:_identify(laser) by extensions ['colcon_meta']
[0.180s] Level 1:colcon.colcon_core.package_identification:_identify(laser) by extension 'colcon_meta'
[0.180s] Level 1:colcon.colcon_core.package_identification:_identify(laser) by extensions ['ros']
[0.180s] Level 1:colcon.colcon_core.package_identification:_identify(laser) by extension 'ros'
[0.181s] DEBUG:colcon.colcon_core.package_identification:Package 'laser' with type 'ros.ament_python' and name 'laser'
[0.181s] Level 1:colcon.colcon_core.package_identification:_identify(log) by extensions ['ignore', 'ignore_ament_install']
[0.181s] Level 1:colcon.colcon_core.package_identification:_identify(log) by extension 'ignore'
[0.181s] Level 1:colcon.colcon_core.package_identification:_identify(log) ignored
[0.181s] Level 1:colcon.colcon_core.package_identification:_identify(my_robot_bringup) by extensions ['ignore', 'ignore_ament_install']
[0.181s] Level 1:colcon.colcon_core.package_identification:_identify(my_robot_bringup) by extension 'ignore'
[0.181s] Level 1:colcon.colcon_core.package_identification:_identify(my_robot_bringup) by extension 'ignore_ament_install'
[0.181s] Level 1:colcon.colcon_core.package_identification:_identify(my_robot_bringup) by extensions ['colcon_pkg']
[0.181s] Level 1:colcon.colcon_core.package_identification:_identify(my_robot_bringup) by extension 'colcon_pkg'
[0.181s] Level 1:colcon.colcon_core.package_identification:_identify(my_robot_bringup) by extensions ['colcon_meta']
[0.181s] Level 1:colcon.colcon_core.package_identification:_identify(my_robot_bringup) by extension 'colcon_meta'
[0.181s] Level 1:colcon.colcon_core.package_identification:_identify(my_robot_bringup) by extensions ['ros']
[0.181s] Level 1:colcon.colcon_core.package_identification:_identify(my_robot_bringup) by extension 'ros'
[0.182s] DEBUG:colcon.colcon_core.package_identification:Package 'my_robot_bringup' with type 'ros.ament_cmake' and name 'my_robot_bringup'
[0.182s] Level 1:colcon.colcon_core.package_identification:_identify(my_robot_description) by extensions ['ignore', 'ignore_ament_install']
[0.182s] Level 1:colcon.colcon_core.package_identification:_identify(my_robot_description) by extension 'ignore'
[0.182s] Level 1:colcon.colcon_core.package_identification:_identify(my_robot_description) by extension 'ignore_ament_install'
[0.182s] Level 1:colcon.colcon_core.package_identification:_identify(my_robot_description) by extensions ['colcon_pkg']
[0.182s] Level 1:colcon.colcon_core.package_identification:_identify(my_robot_description) by extension 'colcon_pkg'
[0.182s] Level 1:colcon.colcon_core.package_identification:_identify(my_robot_description) by extensions ['colcon_meta']
[0.182s] Level 1:colcon.colcon_core.package_identification:_identify(my_robot_description) by extension 'colcon_meta'
[0.182s] Level 1:colcon.colcon_core.package_identification:_identify(my_robot_description) by extensions ['ros']
[0.182s] Level 1:colcon.colcon_core.package_identification:_identify(my_robot_description) by extension 'ros'
[0.182s] DEBUG:colcon.colcon_core.package_identification:Package 'my_robot_description' with type 'ros.ament_cmake' and name 'my_robot_description'
[0.182s] Level 1:colcon.colcon_core.package_identification:_identify(myrobot_controller) by extensions ['ignore', 'ignore_ament_install']
[0.182s] Level 1:colcon.colcon_core.package_identification:_identify(myrobot_controller) by extension 'ignore'
[0.182s] Level 1:colcon.colcon_core.package_identification:_identify(myrobot_controller) by extension 'ignore_ament_install'
[0.182s] Level 1:colcon.colcon_core.package_identification:_identify(myrobot_controller) by extensions ['colcon_pkg']
[0.182s] Level 1:colcon.colcon_core.package_identification:_identify(myrobot_controller) by extension 'colcon_pkg'
[0.182s] Level 1:colcon.colcon_core.package_identification:_identify(myrobot_controller) by extensions ['colcon_meta']
[0.182s] Level 1:colcon.colcon_core.package_identification:_identify(myrobot_controller) by extension 'colcon_meta'
[0.182s] Level 1:colcon.colcon_core.package_identification:_identify(myrobot_controller) by extensions ['ros']
[0.182s] Level 1:colcon.colcon_core.package_identification:_identify(myrobot_controller) by extension 'ros'
[0.183s] DEBUG:colcon.colcon_core.package_identification:Package 'myrobot_controller' with type 'ros.ament_cmake' and name 'myrobot_controller'
[0.183s] Level 1:colcon.colcon_core.package_discovery:discover_packages(recursive) using defaults
[0.183s] Level 1:colcon.colcon_core.package_discovery:discover_packages(ignore) discover
[0.183s] Level 1:colcon.colcon_core.package_discovery:discover_packages(ignore) using defaults
[0.183s] Level 1:colcon.colcon_core.package_discovery:discover_packages(path) discover
[0.183s] Level 1:colcon.colcon_core.package_discovery:discover_packages(path) using defaults
[0.195s] Level 1:colcon.colcon_core.package_discovery:discover_packages(prefix_path) check parameters
[0.195s] Level 1:colcon.colcon_core.package_discovery:discover_packages(prefix_path) discover
[0.196s] DEBUG:colcon.colcon_installed_package_information.package_discovery:Found 3 installed packages in /home/furry/Desktop/gazebo_simulation/install
[0.197s] DEBUG:colcon.colcon_installed_package_information.package_discovery:Found 282 installed packages in /opt/ros/humble
[0.202s] Level 1:colcon.colcon_core.package_discovery:discover_packages(prefix_path) using defaults
[0.220s] Level 5:colcon.colcon_core.verb:set package 'laser' build argument 'cmake_args' from command line to 'None'
[0.220s] Level 5:colcon.colcon_core.verb:set package 'laser' build argument 'cmake_target' from command line to 'None'
[0.220s] Level 5:colcon.colcon_core.verb:set package 'laser' build argument 'cmake_target_skip_unavailable' from command line to 'False'
[0.220s] Level 5:colcon.colcon_core.verb:set package 'laser' build argument 'cmake_clean_cache' from command line to 'False'
[0.220s] Level 5:colcon.colcon_core.verb:set package 'laser' build argument 'cmake_clean_first' from command line to 'False'
[0.220s] Level 5:colcon.colcon_core.verb:set package 'laser' build argument 'cmake_force_configure' from command line to 'False'
[0.220s] Level 5:colcon.colcon_core.verb:set package 'laser' build argument 'ament_cmake_args' from command line to 'None'
[0.220s] Level 5:colcon.colcon_core.verb:set package 'laser' build argument 'catkin_cmake_args' from command line to 'None'
[0.220s] Level 5:colcon.colcon_core.verb:set package 'laser' build argument 'catkin_skip_building_tests' from command line to 'False'
[0.220s] DEBUG:colcon.colcon_core.verb:Building package 'laser' with the following arguments: {'ament_cmake_args': None, 'build_base': '/home/furry/Desktop/gazebo_simulation/src/build/laser', 'catkin_cmake_args': None, 'catkin_skip_building_tests': False, 'cmake_args': None, 'cmake_clean_cache': False, 'cmake_clean_first': False, 'cmake_force_configure': False, 'cmake_target': None, 'cmake_target_skip_unavailable': False, 'install_base': '/home/furry/Desktop/gazebo_simulation/src/install/laser', 'merge_install': False, 'path': '/home/furry/Desktop/gazebo_simulation/src/laser', 'symlink_install': False, 'test_result_base': None}
[0.220s] Level 5:colcon.colcon_core.verb:set package 'my_robot_description' build argument 'cmake_args' from command line to 'None'
[0.220s] Level 5:colcon.colcon_core.verb:set package 'my_robot_description' build argument 'cmake_target' from command line to 'None'
[0.220s] Level 5:colcon.colcon_core.verb:set package 'my_robot_description' build argument 'cmake_target_skip_unavailable' from command line to 'False'
[0.220s] Level 5:colcon.colcon_core.verb:set package 'my_robot_description' build argument 'cmake_clean_cache' from command line to 'False'
[0.220s] Level 5:colcon.colcon_core.verb:set package 'my_robot_description' build argument 'cmake_clean_first' from command line to 'False'
[0.220s] Level 5:colcon.colcon_core.verb:set package 'my_robot_description' build argument 'cmake_force_configure' from command line to 'False'
[0.220s] Level 5:colcon.colcon_core.verb:set package 'my_robot_description' build argument 'ament_cmake_args' from command line to 'None'
[0.220s] Level 5:colcon.colcon_core.verb:set package 'my_robot_description' build argument 'catkin_cmake_args' from command line to 'None'
[0.220s] Level 5:colcon.colcon_core.verb:set package 'my_robot_description' build argument 'catkin_skip_building_tests' from command line to 'False'
[0.220s] DEBUG:colcon.colcon_core.verb:Building package 'my_robot_description' with the following arguments: {'ament_cmake_args': None, 'build_base': '/home/furry/Desktop/gazebo_simulation/src/build/my_robot_description', 'catkin_cmake_args': None, 'catkin_skip_building_tests': False, 'cmake_args': None, 'cmake_clean_cache': False, 'cmake_clean_first': False, 'cmake_force_configure': False, 'cmake_target': None, 'cmake_target_skip_unavailable': False, 'install_base': '/home/furry/Desktop/gazebo_simulation/src/install/my_robot_description', 'merge_install': False, 'path': '/home/furry/Desktop/gazebo_simulation/src/my_robot_description', 'symlink_install': False, 'test_result_base': None}
[0.220s] Level 5:colcon.colcon_core.verb:set package 'myrobot_controller' build argument 'cmake_args' from command line to 'None'
[0.220s] Level 5:colcon.colcon_core.verb:set package 'myrobot_controller' build argument 'cmake_target' from command line to 'None'
[0.220s] Level 5:colcon.colcon_core.verb:set package 'myrobot_controller' build argument 'cmake_target_skip_unavailable' from command line to 'False'
[0.220s] Level 5:colcon.colcon_core.verb:set package 'myrobot_controller' build argument 'cmake_clean_cache' from command line to 'False'
[0.220s] Level 5:colcon.colcon_core.verb:set package 'myrobot_controller' build argument 'cmake_clean_first' from command line to 'False'
[0.220s] Level 5:colcon.colcon_core.verb:set package 'myrobot_controller' build argument 'cmake_force_configure' from command line to 'False'
[0.220s] Level 5:colcon.colcon_core.verb:set package 'myrobot_controller' build argument 'ament_cmake_args' from command line to 'None'
[0.220s] Level 5:colcon.colcon_core.verb:set package 'myrobot_controller' build argument 'catkin_cmake_args' from command line to 'None'
[0.220s] Level 5:colcon.colcon_core.verb:set package 'myrobot_controller' build argument 'catkin_skip_building_tests' from command line to 'False'
[0.220s] DEBUG:colcon.colcon_core.verb:Building package 'myrobot_controller' with the following arguments: {'ament_cmake_args': None, 'build_base': '/home/furry/Desktop/gazebo_simulation/src/build/myrobot_controller', 'catkin_cmake_args': None, 'catkin_skip_building_tests': False, 'cmake_args': None, 'cmake_clean_cache': False, 'cmake_clean_first': False, 'cmake_force_configure': False, 'cmake_target': None, 'cmake_target_skip_unavailable': False, 'install_base': '/home/furry/Desktop/gazebo_simulation/src/install/myrobot_controller', 'merge_install': False, 'path': '/home/furry/Desktop/gazebo_simulation/src/myrobot_controller', 'symlink_install': False, 'test_result_base': None}
[0.221s] Level 5:colcon.colcon_core.verb:set package 'my_robot_bringup' build argument 'cmake_args' from command line to 'None'
[0.221s] Level 5:colcon.colcon_core.verb:set package 'my_robot_bringup' build argument 'cmake_target' from command line to 'None'
[0.221s] Level 5:colcon.colcon_core.verb:set package 'my_robot_bringup' build argument 'cmake_target_skip_unavailable' from command line to 'False'
[0.221s] Level 5:colcon.colcon_core.verb:set package 'my_robot_bringup' build argument 'cmake_clean_cache' from command line to 'False'
[0.221s] Level 5:colcon.colcon_core.verb:set package 'my_robot_bringup' build argument 'cmake_clean_first' from command line to 'False'
[0.221s] Level 5:colcon.colcon_core.verb:set package 'my_robot_bringup' build argument 'cmake_force_configure' from command line to 'False'
[0.221s] Level 5:colcon.colcon_core.verb:set package 'my_robot_bringup' build argument 'ament_cmake_args' from command line to 'None'
[0.221s] Level 5:colcon.colcon_core.verb:set package 'my_robot_bringup' build argument 'catkin_cmake_args' from command line to 'None'
[0.221s] Level 5:colcon.colcon_core.verb:set package 'my_robot_bringup' build argument 'catkin_skip_building_tests' from command line to 'False'
[0.221s] DEBUG:colcon.colcon_core.verb:Building package 'my_robot_bringup' with the following arguments: {'ament_cmake_args': None, 'build_base': '/home/furry/Desktop/gazebo_simulation/src/build/my_robot_bringup', 'catkin_cmake_args': None, 'catkin_skip_building_tests': False, 'cmake_args': None, 'cmake_clean_cache': False, 'cmake_clean_first': False, 'cmake_force_configure': False, 'cmake_target': None, 'cmake_target_skip_unavailable': False, 'install_base': '/home/furry/Desktop/gazebo_simulation/src/install/my_robot_bringup', 'merge_install': False, 'path': '/home/furry/Desktop/gazebo_simulation/src/my_robot_bringup', 'symlink_install': False, 'test_result_base': None}
[0.221s] INFO:colcon.colcon_core.executor:Executing jobs using 'parallel' executor
[0.221s] DEBUG:colcon.colcon_parallel_executor.executor.parallel:run_until_complete
[0.221s] INFO:colcon.colcon_ros.task.ament_cmake.build:Building ROS package in '/home/furry/Desktop/gazebo_simulation/src/my_robot_description' with build type 'ament_cmake'
[0.221s] INFO:colcon.colcon_cmake.task.cmake.build:Building CMake package in '/home/furry/Desktop/gazebo_simulation/src/my_robot_description'
[0.223s] INFO:colcon.colcon_core.plugin_system:Skipping extension 'colcon_core.shell.bat': Not used on non-Windows systems
[0.224s] INFO:colcon.colcon_core.shell:Skip shell extension 'powershell' for command environment: Not usable outside of PowerShell
[0.224s] DEBUG:colcon.colcon_core.shell:Skip shell extension 'dsv' for command environment
[0.225s] INFO:colcon.colcon_ros.task.ament_python.build:Building ROS package in '/home/furry/Desktop/gazebo_simulation/src/laser' with build type 'ament_python'
[0.225s] Level 1:colcon.colcon_core.shell:create_environment_hook('laser', 'ament_prefix_path')
[0.226s] INFO:colcon.colcon_core.shell:Creating environment hook '/home/furry/Desktop/gazebo_simulation/src/install/laser/share/laser/hook/ament_prefix_path.ps1'
[0.226s] INFO:colcon.colcon_core.shell:Creating environment descriptor '/home/furry/Desktop/gazebo_simulation/src/install/laser/share/laser/hook/ament_prefix_path.dsv'
[0.226s] INFO:colcon.colcon_core.shell:Creating environment hook '/home/furry/Desktop/gazebo_simulation/src/install/laser/share/laser/hook/ament_prefix_path.sh'
[0.227s] INFO:colcon.colcon_core.shell:Skip shell extension 'powershell' for command environment: Not usable outside of PowerShell
[0.227s] DEBUG:colcon.colcon_core.shell:Skip shell extension 'dsv' for command environment
[0.228s] INFO:colcon.colcon_ros.task.ament_cmake.build:Building ROS package in '/home/furry/Desktop/gazebo_simulation/src/myrobot_controller' with build type 'ament_cmake'
[0.228s] INFO:colcon.colcon_cmake.task.cmake.build:Building CMake package in '/home/furry/Desktop/gazebo_simulation/src/myrobot_controller'
[0.228s] INFO:colcon.colcon_core.shell:Skip shell extension 'powershell' for command environment: Not usable outside of PowerShell
[0.228s] DEBUG:colcon.colcon_core.shell:Skip shell extension 'dsv' for command environment
[0.233s] DEBUG:colcon.colcon_core.event_handler.log_command:Invoking command in '/home/furry/Desktop/gazebo_simulation/src/build/my_robot_description': CMAKE_PREFIX_PATH=${CMAKE_PREFIX_PATH}:/opt/ros/humble /usr/bin/cmake /home/furry/Desktop/gazebo_simulation/src/my_robot_description -DCMAKE_INSTALL_PREFIX=/home/furry/Desktop/gazebo_simulation/src/install/my_robot_description
[0.370s] INFO:colcon.colcon_core.task.python.build:Building Python package in '/home/furry/Desktop/gazebo_simulation/src/laser'
[0.370s] INFO:colcon.colcon_core.shell:Skip shell extension 'powershell' for command environment: Not usable outside of PowerShell
[0.370s] DEBUG:colcon.colcon_core.shell:Skip shell extension 'dsv' for command environment
[0.375s] DEBUG:colcon.colcon_core.event_handler.log_command:Invoking command in '/home/furry/Desktop/gazebo_simulation/src/build/myrobot_controller': CMAKE_PREFIX_PATH=${CMAKE_PREFIX_PATH}:/opt/ros/humble /usr/bin/cmake /home/furry/Desktop/gazebo_simulation/src/myrobot_controller -DCMAKE_INSTALL_PREFIX=/home/furry/Desktop/gazebo_simulation/src/install/myrobot_controller
[0.598s] DEBUG:colcon.colcon_core.event_handler.log_command:Invoking command in '/home/furry/Desktop/gazebo_simulation/src/laser': PYTHONPATH=/home/furry/Desktop/gazebo_simulation/src/build/laser/prefix_override:/usr/lib/python3/dist-packages/colcon_core/task/python/colcon_distutils_commands:/home/furry/Desktop/gazebo_simulation/src/install/laser/lib/python3.10/site-packages:${PYTHONPATH} /usr/bin/python3 -W ignore:setup.py install is deprecated -W ignore:easy_install command is deprecated setup.py egg_info --egg-base ../build/laser build --build-base /home/furry/Desktop/gazebo_simulation/src/build/laser/build install --record /home/furry/Desktop/gazebo_simulation/src/build/laser/install.log --single-version-externally-managed install_data
[0.707s] DEBUG:colcon.colcon_core.event_handler.log_command:Invoked command in '/home/furry/Desktop/gazebo_simulation/src/build/my_robot_description' returned '0': CMAKE_PREFIX_PATH=${CMAKE_PREFIX_PATH}:/opt/ros/humble /usr/bin/cmake /home/furry/Desktop/gazebo_simulation/src/my_robot_description -DCMAKE_INSTALL_PREFIX=/home/furry/Desktop/gazebo_simulation/src/install/my_robot_description
[0.708s] DEBUG:colcon.colcon_core.event_handler.log_command:Invoking command in '/home/furry/Desktop/gazebo_simulation/src/build/my_robot_description': CMAKE_PREFIX_PATH=${CMAKE_PREFIX_PATH}:/opt/ros/humble /usr/bin/cmake --build /home/furry/Desktop/gazebo_simulation/src/build/my_robot_description -- -j24 -l24
[0.739s] DEBUG:colcon.colcon_core.event_handler.log_command:Invoked command in '/home/furry/Desktop/gazebo_simulation/src/build/my_robot_description' returned '0': CMAKE_PREFIX_PATH=${CMAKE_PREFIX_PATH}:/opt/ros/humble /usr/bin/cmake --build /home/furry/Desktop/gazebo_simulation/src/build/my_robot_description -- -j24 -l24
[0.745s] DEBUG:colcon.colcon_core.event_handler.log_command:Invoking command in '/home/furry/Desktop/gazebo_simulation/src/build/my_robot_description': CMAKE_PREFIX_PATH=${CMAKE_PREFIX_PATH}:/opt/ros/humble /usr/bin/cmake --install /home/furry/Desktop/gazebo_simulation/src/build/my_robot_description
[0.755s] DEBUG:colcon.colcon_core.event_handler.log_command:Invoked command in '/home/furry/Desktop/gazebo_simulation/src/laser' returned '0': PYTHONPATH=/home/furry/Desktop/gazebo_simulation/src/build/laser/prefix_override:/usr/lib/python3/dist-packages/colcon_core/task/python/colcon_distutils_commands:/home/furry/Desktop/gazebo_simulation/src/install/laser/lib/python3.10/site-packages:${PYTHONPATH} /usr/bin/python3 -W ignore:setup.py install is deprecated -W ignore:easy_install command is deprecated setup.py egg_info --egg-base ../build/laser build --build-base /home/furry/Desktop/gazebo_simulation/src/build/laser/build install --record /home/furry/Desktop/gazebo_simulation/src/build/laser/install.log --single-version-externally-managed install_data
[0.758s] Level 1:colcon.colcon_core.environment:checking '/home/furry/Desktop/gazebo_simulation/src/install/laser' for CMake module files
[0.758s] Level 1:colcon.colcon_core.environment:checking '/home/furry/Desktop/gazebo_simulation/src/install/laser' for CMake config files
[0.758s] Level 1:colcon.colcon_core.environment:checking '/home/furry/Desktop/gazebo_simulation/src/install/laser/lib'
[0.759s] Level 1:colcon.colcon_core.environment:checking '/home/furry/Desktop/gazebo_simulation/src/install/laser/bin'
[0.759s] Level 1:colcon.colcon_core.environment:checking '/home/furry/Desktop/gazebo_simulation/src/install/laser/lib/pkgconfig/laser.pc'
[0.759s] Level 1:colcon.colcon_core.environment:checking '/home/furry/Desktop/gazebo_simulation/src/install/laser/lib/python3.10/site-packages'
[0.759s] Level 1:colcon.colcon_core.shell:create_environment_hook('laser', 'pythonpath')
[0.759s] INFO:colcon.colcon_core.shell:Creating environment hook '/home/furry/Desktop/gazebo_simulation/src/install/laser/share/laser/hook/pythonpath.ps1'
[0.759s] INFO:colcon.colcon_core.shell:Creating environment descriptor '/home/furry/Desktop/gazebo_simulation/src/install/laser/share/laser/hook/pythonpath.dsv'
[0.759s] INFO:colcon.colcon_core.shell:Creating environment hook '/home/furry/Desktop/gazebo_simulation/src/install/laser/share/laser/hook/pythonpath.sh'
[0.760s] Level 1:colcon.colcon_core.environment:checking '/home/furry/Desktop/gazebo_simulation/src/install/laser/bin'
[0.760s] Level 1:colcon.colcon_core.environment:create_environment_scripts_only(laser)
[0.760s] INFO:colcon.colcon_core.shell:Creating package script '/home/furry/Desktop/gazebo_simulation/src/install/laser/share/laser/package.ps1'
[0.761s] INFO:colcon.colcon_core.shell:Creating package descriptor '/home/furry/Desktop/gazebo_simulation/src/install/laser/share/laser/package.dsv'
[0.761s] INFO:colcon.colcon_core.shell:Creating package script '/home/furry/Desktop/gazebo_simulation/src/install/laser/share/laser/package.sh'
[0.762s] INFO:colcon.colcon_core.shell:Creating package script '/home/furry/Desktop/gazebo_simulation/src/install/laser/share/laser/package.bash'
[0.763s] INFO:colcon.colcon_core.shell:Creating package script '/home/furry/Desktop/gazebo_simulation/src/install/laser/share/laser/package.zsh'
[0.764s] Level 1:colcon.colcon_core.environment:create_file_with_runtime_dependencies(/home/furry/Desktop/gazebo_simulation/src/install/laser/share/colcon-core/packages/laser)
[0.765s] Level 1:colcon.colcon_core.environment:create_environment_scripts_only(my_robot_description)
[0.765s] Level 1:colcon.colcon_core.environment:checking '/home/furry/Desktop/gazebo_simulation/src/install/my_robot_description' for CMake module files
[0.765s] DEBUG:colcon.colcon_core.event_handler.log_command:Invoked command in '/home/furry/Desktop/gazebo_simulation/src/build/my_robot_description' returned '0': CMAKE_PREFIX_PATH=${CMAKE_PREFIX_PATH}:/opt/ros/humble /usr/bin/cmake --install /home/furry/Desktop/gazebo_simulation/src/build/my_robot_description
[0.765s] Level 1:colcon.colcon_core.environment:checking '/home/furry/Desktop/gazebo_simulation/src/install/my_robot_description' for CMake config files
[0.765s] Level 1:colcon.colcon_core.shell:create_environment_hook('my_robot_description', 'cmake_prefix_path')
[0.765s] INFO:colcon.colcon_core.shell:Creating environment hook '/home/furry/Desktop/gazebo_simulation/src/install/my_robot_description/share/my_robot_description/hook/cmake_prefix_path.ps1'
[0.766s] INFO:colcon.colcon_core.shell:Creating environment descriptor '/home/furry/Desktop/gazebo_simulation/src/install/my_robot_description/share/my_robot_description/hook/cmake_prefix_path.dsv'
[0.766s] INFO:colcon.colcon_core.shell:Creating environment hook '/home/furry/Desktop/gazebo_simulation/src/install/my_robot_description/share/my_robot_description/hook/cmake_prefix_path.sh'
[0.766s] Level 1:colcon.colcon_core.environment:checking '/home/furry/Desktop/gazebo_simulation/src/install/my_robot_description/bin'
[0.766s] Level 1:colcon.colcon_core.environment:checking '/home/furry/Desktop/gazebo_simulation/src/install/my_robot_description/lib/pkgconfig/my_robot_description.pc'
[0.766s] Level 1:colcon.colcon_core.environment:checking '/home/furry/Desktop/gazebo_simulation/src/install/my_robot_description/lib/python3.10/site-packages'
[0.766s] Level 1:colcon.colcon_core.environment:checking '/home/furry/Desktop/gazebo_simulation/src/install/my_robot_description/bin'
[0.767s] INFO:colcon.colcon_core.shell:Creating package script '/home/furry/Desktop/gazebo_simulation/src/install/my_robot_description/share/my_robot_description/package.ps1'
[0.767s] INFO:colcon.colcon_core.shell:Creating package descriptor '/home/furry/Desktop/gazebo_simulation/src/install/my_robot_description/share/my_robot_description/package.dsv'
[0.767s] INFO:colcon.colcon_core.shell:Creating package script '/home/furry/Desktop/gazebo_simulation/src/install/my_robot_description/share/my_robot_description/package.sh'
[0.767s] INFO:colcon.colcon_core.shell:Creating package script '/home/furry/Desktop/gazebo_simulation/src/install/my_robot_description/share/my_robot_description/package.bash'
[0.767s] INFO:colcon.colcon_core.shell:Creating package script '/home/furry/Desktop/gazebo_simulation/src/install/my_robot_description/share/my_robot_description/package.zsh'
[0.767s] Level 1:colcon.colcon_core.environment:create_file_with_runtime_dependencies(/home/furry/Desktop/gazebo_simulation/src/install/my_robot_description/share/colcon-core/packages/my_robot_description)
[0.768s] Level 1:colcon.colcon_core.environment:create_environment_scripts_only(my_robot_description)
[0.768s] Level 1:colcon.colcon_core.environment:checking '/home/furry/Desktop/gazebo_simulation/src/install/my_robot_description' for CMake module files
[0.768s] Level 1:colcon.colcon_core.environment:checking '/home/furry/Desktop/gazebo_simulation/src/install/my_robot_description' for CMake config files
[0.768s] Level 1:colcon.colcon_core.shell:create_environment_hook('my_robot_description', 'cmake_prefix_path')
[0.768s] INFO:colcon.colcon_core.shell:Creating environment hook '/home/furry/Desktop/gazebo_simulation/src/install/my_robot_description/share/my_robot_description/hook/cmake_prefix_path.ps1'
[0.768s] INFO:colcon.colcon_core.shell:Creating environment descriptor '/home/furry/Desktop/gazebo_simulation/src/install/my_robot_description/share/my_robot_description/hook/cmake_prefix_path.dsv'
[0.769s] INFO:colcon.colcon_core.shell:Creating environment hook '/home/furry/Desktop/gazebo_simulation/src/install/my_robot_description/share/my_robot_description/hook/cmake_prefix_path.sh'
[0.769s] Level 1:colcon.colcon_core.environment:checking '/home/furry/Desktop/gazebo_simulation/src/install/my_robot_description/bin'
[0.769s] Level 1:colcon.colcon_core.environment:checking '/home/furry/Desktop/gazebo_simulation/src/install/my_robot_description/lib/pkgconfig/my_robot_description.pc'
[0.769s] Level 1:colcon.colcon_core.environment:checking '/home/furry/Desktop/gazebo_simulation/src/install/my_robot_description/lib/python3.10/site-packages'
[0.769s] Level 1:colcon.colcon_core.environment:checking '/home/furry/Desktop/gazebo_simulation/src/install/my_robot_description/bin'
[0.769s] INFO:colcon.colcon_core.shell:Creating package script '/home/furry/Desktop/gazebo_simulation/src/install/my_robot_description/share/my_robot_description/package.ps1'
[0.770s] INFO:colcon.colcon_core.shell:Creating package descriptor '/home/furry/Desktop/gazebo_simulation/src/install/my_robot_description/share/my_robot_description/package.dsv'
[0.770s] INFO:colcon.colcon_core.shell:Creating package script '/home/furry/Desktop/gazebo_simulation/src/install/my_robot_description/share/my_robot_description/package.sh'
[0.770s] INFO:colcon.colcon_core.shell:Creating package script '/home/furry/Desktop/gazebo_simulation/src/install/my_robot_description/share/my_robot_description/package.bash'
[0.770s] INFO:colcon.colcon_core.shell:Creating package script '/home/furry/Desktop/gazebo_simulation/src/install/my_robot_description/share/my_robot_description/package.zsh'
[0.770s] Level 1:colcon.colcon_core.environment:create_file_with_runtime_dependencies(/home/furry/Desktop/gazebo_simulation/src/install/my_robot_description/share/colcon-core/packages/my_robot_description)
[0.770s] INFO:colcon.colcon_ros.task.ament_cmake.build:Building ROS package in '/home/furry/Desktop/gazebo_simulation/src/my_robot_bringup' with build type 'ament_cmake'
[0.771s] INFO:colcon.colcon_cmake.task.cmake.build:Building CMake package in '/home/furry/Desktop/gazebo_simulation/src/my_robot_bringup'
[0.771s] INFO:colcon.colcon_core.shell:Skip shell extension 'powershell' for command environment: Not usable outside of PowerShell
[0.771s] DEBUG:colcon.colcon_core.shell:Skip shell extension 'dsv' for command environment
[0.776s] DEBUG:colcon.colcon_core.event_handler.log_command:Invoking command in '/home/furry/Desktop/gazebo_simulation/src/build/my_robot_bringup': AMENT_PREFIX_PATH=/home/furry/Desktop/gazebo_simulation/src/install/my_robot_description:${AMENT_PREFIX_PATH} CMAKE_PREFIX_PATH=/home/furry/Desktop/gazebo_simulation/src/install/my_robot_description:/home/furry/Desktop/gazebo_simulation/install/myrobot_controller:/home/furry/Desktop/gazebo_simulation/install/my_robot_bringup:/home/furry/Desktop/gazebo_simulation/install/my_robot_description:/opt/ros/humble /usr/bin/cmake /home/furry/Desktop/gazebo_simulation/src/my_robot_bringup -DCMAKE_INSTALL_PREFIX=/home/furry/Desktop/gazebo_simulation/src/install/my_robot_bringup
[1.188s] DEBUG:colcon.colcon_core.event_handler.log_command:Invoked command in '/home/furry/Desktop/gazebo_simulation/src/build/my_robot_bringup' returned '0': AMENT_PREFIX_PATH=/home/furry/Desktop/gazebo_simulation/src/install/my_robot_description:${AMENT_PREFIX_PATH} CMAKE_PREFIX_PATH=/home/furry/Desktop/gazebo_simulation/src/install/my_robot_description:/home/furry/Desktop/gazebo_simulation/install/myrobot_controller:/home/furry/Desktop/gazebo_simulation/install/my_robot_bringup:/home/furry/Desktop/gazebo_simulation/install/my_robot_description:/opt/ros/humble /usr/bin/cmake /home/furry/Desktop/gazebo_simulation/src/my_robot_bringup -DCMAKE_INSTALL_PREFIX=/home/furry/Desktop/gazebo_simulation/src/install/my_robot_bringup
[1.188s] DEBUG:colcon.colcon_core.event_handler.log_command:Invoking command in '/home/furry/Desktop/gazebo_simulation/src/build/my_robot_bringup': AMENT_PREFIX_PATH=/home/furry/Desktop/gazebo_simulation/src/install/my_robot_description:${AMENT_PREFIX_PATH} CMAKE_PREFIX_PATH=/home/furry/Desktop/gazebo_simulation/src/install/my_robot_description:/home/furry/Desktop/gazebo_simulation/install/myrobot_controller:/home/furry/Desktop/gazebo_simulation/install/my_robot_bringup:/home/furry/Desktop/gazebo_simulation/install/my_robot_description:/opt/ros/humble /usr/bin/cmake --build /home/furry/Desktop/gazebo_simulation/src/build/my_robot_bringup -- -j24 -l24
[1.214s] DEBUG:colcon.colcon_core.event_handler.log_command:Invoked command in '/home/furry/Desktop/gazebo_simulation/src/build/my_robot_bringup' returned '0': AMENT_PREFIX_PATH=/home/furry/Desktop/gazebo_simulation/src/install/my_robot_description:${AMENT_PREFIX_PATH} CMAKE_PREFIX_PATH=/home/furry/Desktop/gazebo_simulation/src/install/my_robot_description:/home/furry/Desktop/gazebo_simulation/install/myrobot_controller:/home/furry/Desktop/gazebo_simulation/install/my_robot_bringup:/home/furry/Desktop/gazebo_simulation/install/my_robot_description:/opt/ros/humble /usr/bin/cmake --build /home/furry/Desktop/gazebo_simulation/src/build/my_robot_bringup -- -j24 -l24
[1.215s] DEBUG:colcon.colcon_core.event_handler.log_command:Invoking command in '/home/furry/Desktop/gazebo_simulation/src/build/my_robot_bringup': AMENT_PREFIX_PATH=/home/furry/Desktop/gazebo_simulation/src/install/my_robot_description:${AMENT_PREFIX_PATH} CMAKE_PREFIX_PATH=/home/furry/Desktop/gazebo_simulation/src/install/my_robot_description:/home/furry/Desktop/gazebo_simulation/install/myrobot_controller:/home/furry/Desktop/gazebo_simulation/install/my_robot_bringup:/home/furry/Desktop/gazebo_simulation/install/my_robot_description:/opt/ros/humble /usr/bin/cmake --install /home/furry/Desktop/gazebo_simulation/src/build/my_robot_bringup
[1.224s] Level 1:colcon.colcon_core.environment:create_environment_scripts_only(my_robot_bringup)
[1.224s] DEBUG:colcon.colcon_core.event_handler.log_command:Invoked command in '/home/furry/Desktop/gazebo_simulation/src/build/my_robot_bringup' returned '0': AMENT_PREFIX_PATH=/home/furry/Desktop/gazebo_simulation/src/install/my_robot_description:${AMENT_PREFIX_PATH} CMAKE_PREFIX_PATH=/home/furry/Desktop/gazebo_simulation/src/install/my_robot_description:/home/furry/Desktop/gazebo_simulation/install/myrobot_controller:/home/furry/Desktop/gazebo_simulation/install/my_robot_bringup:/home/furry/Desktop/gazebo_simulation/install/my_robot_description:/opt/ros/humble /usr/bin/cmake --install /home/furry/Desktop/gazebo_simulation/src/build/my_robot_bringup
[1.224s] Level 1:colcon.colcon_core.environment:checking '/home/furry/Desktop/gazebo_simulation/src/install/my_robot_bringup' for CMake module files
[1.225s] Level 1:colcon.colcon_core.environment:checking '/home/furry/Desktop/gazebo_simulation/src/install/my_robot_bringup' for CMake config files
[1.225s] Level 1:colcon.colcon_core.shell:create_environment_hook('my_robot_bringup', 'cmake_prefix_path')
[1.225s] INFO:colcon.colcon_core.shell:Creating environment hook '/home/furry/Desktop/gazebo_simulation/src/install/my_robot_bringup/share/my_robot_bringup/hook/cmake_prefix_path.ps1'
[1.226s] INFO:colcon.colcon_core.shell:Creating environment descriptor '/home/furry/Desktop/gazebo_simulation/src/install/my_robot_bringup/share/my_robot_bringup/hook/cmake_prefix_path.dsv'
[1.226s] INFO:colcon.colcon_core.shell:Creating environment hook '/home/furry/Desktop/gazebo_simulation/src/install/my_robot_bringup/share/my_robot_bringup/hook/cmake_prefix_path.sh'
[1.227s] Level 1:colcon.colcon_core.environment:checking '/home/furry/Desktop/gazebo_simulation/src/install/my_robot_bringup/bin'
[1.227s] Level 1:colcon.colcon_core.environment:checking '/home/furry/Desktop/gazebo_simulation/src/install/my_robot_bringup/lib/pkgconfig/my_robot_bringup.pc'
[1.227s] Level 1:colcon.colcon_core.environment:checking '/home/furry/Desktop/gazebo_simulation/src/install/my_robot_bringup/lib/python3.10/site-packages'
[1.227s] Level 1:colcon.colcon_core.environment:checking '/home/furry/Desktop/gazebo_simulation/src/install/my_robot_bringup/bin'
[1.228s] INFO:colcon.colcon_core.shell:Creating package script '/home/furry/Desktop/gazebo_simulation/src/install/my_robot_bringup/share/my_robot_bringup/package.ps1'
[1.228s] INFO:colcon.colcon_core.shell:Creating package descriptor '/home/furry/Desktop/gazebo_simulation/src/install/my_robot_bringup/share/my_robot_bringup/package.dsv'
[1.229s] INFO:colcon.colcon_core.shell:Creating package script '/home/furry/Desktop/gazebo_simulation/src/install/my_robot_bringup/share/my_robot_bringup/package.sh'
[1.229s] INFO:colcon.colcon_core.shell:Creating package script '/home/furry/Desktop/gazebo_simulation/src/install/my_robot_bringup/share/my_robot_bringup/package.bash'
[1.230s] INFO:colcon.colcon_core.shell:Creating package script '/home/furry/Desktop/gazebo_simulation/src/install/my_robot_bringup/share/my_robot_bringup/package.zsh'
[1.230s] Level 1:colcon.colcon_core.environment:create_file_with_runtime_dependencies(/home/furry/Desktop/gazebo_simulation/src/install/my_robot_bringup/share/colcon-core/packages/my_robot_bringup)
[1.231s] Level 1:colcon.colcon_core.environment:create_environment_scripts_only(my_robot_bringup)
[1.231s] Level 1:colcon.colcon_core.environment:checking '/home/furry/Desktop/gazebo_simulation/src/install/my_robot_bringup' for CMake module files
[1.232s] Level 1:colcon.colcon_core.environment:checking '/home/furry/Desktop/gazebo_simulation/src/install/my_robot_bringup' for CMake config files
[1.232s] Level 1:colcon.colcon_core.shell:create_environment_hook('my_robot_bringup', 'cmake_prefix_path')
[1.232s] INFO:colcon.colcon_core.shell:Creating environment hook '/home/furry/Desktop/gazebo_simulation/src/install/my_robot_bringup/share/my_robot_bringup/hook/cmake_prefix_path.ps1'
[1.233s] INFO:colcon.colcon_core.shell:Creating environment descriptor '/home/furry/Desktop/gazebo_simulation/src/install/my_robot_bringup/share/my_robot_bringup/hook/cmake_prefix_path.dsv'
[1.234s] INFO:colcon.colcon_core.shell:Creating environment hook '/home/furry/Desktop/gazebo_simulation/src/install/my_robot_bringup/share/my_robot_bringup/hook/cmake_prefix_path.sh'
[1.234s] Level 1:colcon.colcon_core.environment:checking '/home/furry/Desktop/gazebo_simulation/src/install/my_robot_bringup/bin'
[1.235s] Level 1:colcon.colcon_core.environment:checking '/home/furry/Desktop/gazebo_simulation/src/install/my_robot_bringup/lib/pkgconfig/my_robot_bringup.pc'
[1.235s] Level 1:colcon.colcon_core.environment:checking '/home/furry/Desktop/gazebo_simulation/src/install/my_robot_bringup/lib/python3.10/site-packages'
[1.235s] Level 1:colcon.colcon_core.environment:checking '/home/furry/Desktop/gazebo_simulation/src/install/my_robot_bringup/bin'
[1.235s] INFO:colcon.colcon_core.shell:Creating package script '/home/furry/Desktop/gazebo_simulation/src/install/my_robot_bringup/share/my_robot_bringup/package.ps1'
[1.236s] INFO:colcon.colcon_core.shell:Creating package descriptor '/home/furry/Desktop/gazebo_simulation/src/install/my_robot_bringup/share/my_robot_bringup/package.dsv'
[1.237s] INFO:colcon.colcon_core.shell:Creating package script '/home/furry/Desktop/gazebo_simulation/src/install/my_robot_bringup/share/my_robot_bringup/package.sh'
[1.237s] INFO:colcon.colcon_core.shell:Creating package script '/home/furry/Desktop/gazebo_simulation/src/install/my_robot_bringup/share/my_robot_bringup/package.bash'
[1.238s] INFO:colcon.colcon_core.shell:Creating package script '/home/furry/Desktop/gazebo_simulation/src/install/my_robot_bringup/share/my_robot_bringup/package.zsh'
[1.239s] Level 1:colcon.colcon_core.environment:create_file_with_runtime_dependencies(/home/furry/Desktop/gazebo_simulation/src/install/my_robot_bringup/share/colcon-core/packages/my_robot_bringup)
[1.290s] DEBUG:colcon.colcon_core.event_handler.log_command:Invoked command in '/home/furry/Desktop/gazebo_simulation/src/build/myrobot_controller' returned '0': CMAKE_PREFIX_PATH=${CMAKE_PREFIX_PATH}:/opt/ros/humble /usr/bin/cmake /home/furry/Desktop/gazebo_simulation/src/myrobot_controller -DCMAKE_INSTALL_PREFIX=/home/furry/Desktop/gazebo_simulation/src/install/myrobot_controller
[1.291s] DEBUG:colcon.colcon_core.event_handler.log_command:Invoking command in '/home/furry/Desktop/gazebo_simulation/src/build/myrobot_controller': CMAKE_PREFIX_PATH=${CMAKE_PREFIX_PATH}:/opt/ros/humble /usr/bin/cmake --build /home/furry/Desktop/gazebo_simulation/src/build/myrobot_controller -- -j24 -l24
[6.662s] DEBUG:colcon.colcon_core.event_handler.log_command:Invoked command in '/home/furry/Desktop/gazebo_simulation/src/build/myrobot_controller' returned '0': CMAKE_PREFIX_PATH=${CMAKE_PREFIX_PATH}:/opt/ros/humble /usr/bin/cmake --build /home/furry/Desktop/gazebo_simulation/src/build/myrobot_controller -- -j24 -l24
[6.666s] DEBUG:colcon.colcon_core.event_handler.log_command:Invoking command in '/home/furry/Desktop/gazebo_simulation/src/build/myrobot_controller': CMAKE_PREFIX_PATH=${CMAKE_PREFIX_PATH}:/opt/ros/humble /usr/bin/cmake --install /home/furry/Desktop/gazebo_simulation/src/build/myrobot_controller
[6.719s] Level 1:colcon.colcon_core.environment:create_environment_scripts_only(myrobot_controller)
[6.720s] Level 1:colcon.colcon_core.environment:checking '/home/furry/Desktop/gazebo_simulation/src/install/myrobot_controller' for CMake module files
[6.720s] DEBUG:colcon.colcon_core.event_handler.log_command:Invoked command in '/home/furry/Desktop/gazebo_simulation/src/build/myrobot_controller' returned '0': CMAKE_PREFIX_PATH=${CMAKE_PREFIX_PATH}:/opt/ros/humble /usr/bin/cmake --install /home/furry/Desktop/gazebo_simulation/src/build/myrobot_controller
[6.720s] Level 1:colcon.colcon_core.environment:checking '/home/furry/Desktop/gazebo_simulation/src/install/myrobot_controller' for CMake config files
[6.721s] Level 1:colcon.colcon_core.shell:create_environment_hook('myrobot_controller', 'cmake_prefix_path')
[6.721s] INFO:colcon.colcon_core.shell:Creating environment hook '/home/furry/Desktop/gazebo_simulation/src/install/myrobot_controller/share/myrobot_controller/hook/cmake_prefix_path.ps1'
[6.721s] INFO:colcon.colcon_core.shell:Creating environment descriptor '/home/furry/Desktop/gazebo_simulation/src/install/myrobot_controller/share/myrobot_controller/hook/cmake_prefix_path.dsv'
[6.722s] INFO:colcon.colcon_core.shell:Creating environment hook '/home/furry/Desktop/gazebo_simulation/src/install/myrobot_controller/share/myrobot_controller/hook/cmake_prefix_path.sh'
[6.722s] Level 1:colcon.colcon_core.environment:checking '/home/furry/Desktop/gazebo_simulation/src/install/myrobot_controller/lib'
[6.722s] Level 1:colcon.colcon_core.environment:checking '/home/furry/Desktop/gazebo_simulation/src/install/myrobot_controller/bin'
[6.722s] Level 1:colcon.colcon_core.environment:checking '/home/furry/Desktop/gazebo_simulation/src/install/myrobot_controller/lib/pkgconfig/myrobot_controller.pc'
[6.722s] Level 1:colcon.colcon_core.environment:checking '/home/furry/Desktop/gazebo_simulation/src/install/myrobot_controller/lib/python3.10/site-packages'
[6.723s] Level 1:colcon.colcon_core.environment:checking '/home/furry/Desktop/gazebo_simulation/src/install/myrobot_controller/bin'
[6.723s] INFO:colcon.colcon_core.shell:Creating package script '/home/furry/Desktop/gazebo_simulation/src/install/myrobot_controller/share/myrobot_controller/package.ps1'
[6.723s] INFO:colcon.colcon_core.shell:Creating package descriptor '/home/furry/Desktop/gazebo_simulation/src/install/myrobot_controller/share/myrobot_controller/package.dsv'
[6.724s] INFO:colcon.colcon_core.shell:Creating package script '/home/furry/Desktop/gazebo_simulation/src/install/myrobot_controller/share/myrobot_controller/package.sh'
[6.724s] INFO:colcon.colcon_core.shell:Creating package script '/home/furry/Desktop/gazebo_simulation/src/install/myrobot_controller/share/myrobot_controller/package.bash'
[6.724s] INFO:colcon.colcon_core.shell:Creating package script '/home/furry/Desktop/gazebo_simulation/src/install/myrobot_controller/share/myrobot_controller/package.zsh'
[6.725s] Level 1:colcon.colcon_core.environment:create_file_with_runtime_dependencies(/home/furry/Desktop/gazebo_simulation/src/install/myrobot_controller/share/colcon-core/packages/myrobot_controller)
[6.725s] Level 1:colcon.colcon_core.environment:create_environment_scripts_only(myrobot_controller)
[6.725s] Level 1:colcon.colcon_core.environment:checking '/home/furry/Desktop/gazebo_simulation/src/install/myrobot_controller' for CMake module files
[6.726s] Level 1:colcon.colcon_core.environment:checking '/home/furry/Desktop/gazebo_simulation/src/install/myrobot_controller' for CMake config files
[6.726s] Level 1:colcon.colcon_core.shell:create_environment_hook('myrobot_controller', 'cmake_prefix_path')
[6.726s] INFO:colcon.colcon_core.shell:Creating environment hook '/home/furry/Desktop/gazebo_simulation/src/install/myrobot_controller/share/myrobot_controller/hook/cmake_prefix_path.ps1'
[6.727s] INFO:colcon.colcon_core.shell:Creating environment descriptor '/home/furry/Desktop/gazebo_simulation/src/install/myrobot_controller/share/myrobot_controller/hook/cmake_prefix_path.dsv'
[6.727s] INFO:colcon.colcon_core.shell:Creating environment hook '/home/furry/Desktop/gazebo_simulation/src/install/myrobot_controller/share/myrobot_controller/hook/cmake_prefix_path.sh'
[6.727s] Level 1:colcon.colcon_core.environment:checking '/home/furry/Desktop/gazebo_simulation/src/install/myrobot_controller/lib'
[6.728s] Level 1:colcon.colcon_core.environment:checking '/home/furry/Desktop/gazebo_simulation/src/install/myrobot_controller/bin'
[6.728s] Level 1:colcon.colcon_core.environment:checking '/home/furry/Desktop/gazebo_simulation/src/install/myrobot_controller/lib/pkgconfig/myrobot_controller.pc'
[6.728s] Level 1:colcon.colcon_core.environment:checking '/home/furry/Desktop/gazebo_simulation/src/install/myrobot_controller/lib/python3.10/site-packages'
[6.728s] Level 1:colcon.colcon_core.environment:checking '/home/furry/Desktop/gazebo_simulation/src/install/myrobot_controller/bin'
[6.729s] INFO:colcon.colcon_core.shell:Creating package script '/home/furry/Desktop/gazebo_simulation/src/install/myrobot_controller/share/myrobot_controller/package.ps1'
[6.729s] INFO:colcon.colcon_core.shell:Creating package descriptor '/home/furry/Desktop/gazebo_simulation/src/install/myrobot_controller/share/myrobot_controller/package.dsv'
[6.730s] INFO:colcon.colcon_core.shell:Creating package script '/home/furry/Desktop/gazebo_simulation/src/install/myrobot_controller/share/myrobot_controller/package.sh'
[6.730s] INFO:colcon.colcon_core.shell:Creating package script '/home/furry/Desktop/gazebo_simulation/src/install/myrobot_controller/share/myrobot_controller/package.bash'
[6.731s] INFO:colcon.colcon_core.shell:Creating package script '/home/furry/Desktop/gazebo_simulation/src/install/myrobot_controller/share/myrobot_controller/package.zsh'
[6.731s] Level 1:colcon.colcon_core.environment:create_file_with_runtime_dependencies(/home/furry/Desktop/gazebo_simulation/src/install/myrobot_controller/share/colcon-core/packages/myrobot_controller)
[6.731s] DEBUG:colcon.colcon_parallel_executor.executor.parallel:closing loop
[6.731s] DEBUG:colcon.colcon_parallel_executor.executor.parallel:loop closed
[6.731s] DEBUG:colcon.colcon_parallel_executor.executor.parallel:run_until_complete finished with '0'
[6.732s] DEBUG:colcon.colcon_core.event_reactor:joining thread
[6.735s] INFO:colcon.colcon_core.plugin_system:Skipping extension 'colcon_notification.desktop_notification.terminal_notifier': Not used on non-Darwin systems
[6.735s] INFO:colcon.colcon_core.plugin_system:Skipping extension 'colcon_notification.desktop_notification.win32': Not used on non-Windows systems
[6.735s] INFO:colcon.colcon_notification.desktop_notification:Sending desktop notification using 'notify2'
[6.746s] DEBUG:colcon.colcon_core.event_reactor:joined thread
[6.747s] INFO:colcon.colcon_core.shell:Creating prefix script '/home/furry/Desktop/gazebo_simulation/src/install/local_setup.ps1'
[6.748s] INFO:colcon.colcon_core.shell:Creating prefix util module '/home/furry/Desktop/gazebo_simulation/src/install/_local_setup_util_ps1.py'
[6.749s] INFO:colcon.colcon_core.shell:Creating prefix chain script '/home/furry/Desktop/gazebo_simulation/src/install/setup.ps1'
[6.750s] INFO:colcon.colcon_core.shell:Creating prefix script '/home/furry/Desktop/gazebo_simulation/src/install/local_setup.sh'
[6.751s] INFO:colcon.colcon_core.shell:Creating prefix util module '/home/furry/Desktop/gazebo_simulation/src/install/_local_setup_util_sh.py'
[6.751s] INFO:colcon.colcon_core.shell:Creating prefix chain script '/home/furry/Desktop/gazebo_simulation/src/install/setup.sh'
[6.753s] INFO:colcon.colcon_core.shell:Creating prefix script '/home/furry/Desktop/gazebo_simulation/src/install/local_setup.bash'
[6.754s] INFO:colcon.colcon_core.shell:Creating prefix chain script '/home/furry/Desktop/gazebo_simulation/src/install/setup.bash'
[6.755s] INFO:colcon.colcon_core.shell:Creating prefix script '/home/furry/Desktop/gazebo_simulation/src/install/local_setup.zsh'
[6.755s] INFO:colcon.colcon_core.shell:Creating prefix chain script '/home/furry/Desktop/gazebo_simulation/src/install/setup.zsh'
