[0.060s] DEBUG:colcon:Command line arguments: ['/usr/bin/colcon', 'build']
[0.060s] DEBUG:colcon:Parsed command line arguments: Namespace(log_base=None, log_level=None, verb_name='build', build_base='build', install_base='install', merge_install=False, symlink_install=False, test_result_base=None, continue_on_error=False, executor='parallel', parallel_workers=24, event_handlers=None, ignore_user_meta=False, metas=['./colcon.meta'], base_paths=['.'], packages_ignore=None, packages_ignore_regex=None, paths=None, packages_up_to=None, packages_up_to_regex=None, packages_above=None, packages_above_and_dependencies=None, packages_above_depth=None, packages_select_by_dep=None, packages_skip_by_dep=None, packages_skip_up_to=None, packages_select_build_failed=False, packages_skip_build_finished=False, packages_select_test_failures=False, packages_skip_test_passed=False, packages_select=None, packages_skip=None, packages_select_regex=None, packages_skip_regex=None, packages_start=None, packages_end=None, allow_overriding=[], cmake_args=None, cmake_target=None, cmake_target_skip_unavailable=False, cmake_clean_cache=False, cmake_clean_first=False, cmake_force_configure=False, ament_cmake_args=None, catkin_cmake_args=None, catkin_skip_building_tests=False, verb_parser=<colcon_defaults.argument_parser.defaults.DefaultArgumentsDecorator object at 0x7178bec33580>, verb_extension=<colcon_core.verb.build.BuildVerb object at 0x7178bed69090>, main=<bound method BuildVerb.main of <colcon_core.verb.build.BuildVerb object at 0x7178bed69090>>)
[0.136s] Level 1:colcon.colcon_core.package_discovery:discover_packages(colcon_meta) check parameters
[0.136s] Level 1:colcon.colcon_core.package_discovery:discover_packages(recursive) check parameters
[0.136s] Level 1:colcon.colcon_core.package_discovery:discover_packages(ignore) check parameters
[0.136s] Level 1:colcon.colcon_core.package_discovery:discover_packages(path) check parameters
[0.136s] Level 1:colcon.colcon_core.package_discovery:discover_packages(colcon_meta) discover
[0.136s] Level 1:colcon.colcon_core.package_discovery:discover_packages(recursive) discover
[0.136s] INFO:colcon.colcon_core.package_discovery:Crawling recursively for packages in '/home/furry/Desktop/gazebo_simulation/src'
[0.136s] Level 1:colcon.colcon_core.package_identification:_identify(.) by extensions ['ignore', 'ignore_ament_install']
[0.136s] Level 1:colcon.colcon_core.package_identification:_identify(.) by extension 'ignore'
[0.136s] Level 1:colcon.colcon_core.package_identification:_identify(.) by extension 'ignore_ament_install'
[0.136s] Level 1:colcon.colcon_core.package_identification:_identify(.) by extensions ['colcon_pkg']
[0.136s] Level 1:colcon.colcon_core.package_identification:_identify(.) by extension 'colcon_pkg'
[0.136s] Level 1:colcon.colcon_core.package_identification:_identify(.) by extensions ['colcon_meta']
[0.136s] Level 1:colcon.colcon_core.package_identification:_identify(.) by extension 'colcon_meta'
[0.136s] Level 1:colcon.colcon_core.package_identification:_identify(.) by extensions ['ros']
[0.136s] Level 1:colcon.colcon_core.package_identification:_identify(.) by extension 'ros'
[0.143s] Level 1:colcon.colcon_core.package_identification:_identify(.) by extensions ['cmake', 'python']
[0.143s] Level 1:colcon.colcon_core.package_identification:_identify(.) by extension 'cmake'
[0.143s] Level 1:colcon.colcon_core.package_identification:_identify(.) by extension 'python'
[0.143s] Level 1:colcon.colcon_core.package_identification:_identify(.) by extensions ['python_setup_py']
[0.143s] Level 1:colcon.colcon_core.package_identification:_identify(.) by extension 'python_setup_py'
[0.143s] Level 1:colcon.colcon_core.package_identification:_identify(build) by extensions ['ignore', 'ignore_ament_install']
[0.143s] Level 1:colcon.colcon_core.package_identification:_identify(build) by extension 'ignore'
[0.143s] Level 1:colcon.colcon_core.package_identification:_identify(build) ignored
[0.143s] Level 1:colcon.colcon_core.package_identification:_identify(install) by extensions ['ignore', 'ignore_ament_install']
[0.143s] Level 1:colcon.colcon_core.package_identification:_identify(install) by extension 'ignore'
[0.143s] Level 1:colcon.colcon_core.package_identification:_identify(install) ignored
[0.143s] Level 1:colcon.colcon_core.package_identification:_identify(laser) by extensions ['ignore', 'ignore_ament_install']
[0.143s] Level 1:colcon.colcon_core.package_identification:_identify(laser) by extension 'ignore'
[0.143s] Level 1:colcon.colcon_core.package_identification:_identify(laser) by extension 'ignore_ament_install'
[0.143s] Level 1:colcon.colcon_core.package_identification:_identify(laser) by extensions ['colcon_pkg']
[0.144s] Level 1:colcon.colcon_core.package_identification:_identify(laser) by extension 'colcon_pkg'
[0.144s] Level 1:colcon.colcon_core.package_identification:_identify(laser) by extensions ['colcon_meta']
[0.144s] Level 1:colcon.colcon_core.package_identification:_identify(laser) by extension 'colcon_meta'
[0.144s] Level 1:colcon.colcon_core.package_identification:_identify(laser) by extensions ['ros']
[0.144s] Level 1:colcon.colcon_core.package_identification:_identify(laser) by extension 'ros'
[0.145s] DEBUG:colcon.colcon_core.package_identification:Package 'laser' with type 'ros.ament_python' and name 'laser'
[0.145s] Level 1:colcon.colcon_core.package_identification:_identify(log) by extensions ['ignore', 'ignore_ament_install']
[0.145s] Level 1:colcon.colcon_core.package_identification:_identify(log) by extension 'ignore'
[0.145s] Level 1:colcon.colcon_core.package_identification:_identify(log) ignored
[0.145s] Level 1:colcon.colcon_core.package_identification:_identify(my_robot_bringup) by extensions ['ignore', 'ignore_ament_install']
[0.145s] Level 1:colcon.colcon_core.package_identification:_identify(my_robot_bringup) by extension 'ignore'
[0.145s] Level 1:colcon.colcon_core.package_identification:_identify(my_robot_bringup) by extension 'ignore_ament_install'
[0.145s] Level 1:colcon.colcon_core.package_identification:_identify(my_robot_bringup) by extensions ['colcon_pkg']
[0.145s] Level 1:colcon.colcon_core.package_identification:_identify(my_robot_bringup) by extension 'colcon_pkg'
[0.145s] Level 1:colcon.colcon_core.package_identification:_identify(my_robot_bringup) by extensions ['colcon_meta']
[0.145s] Level 1:colcon.colcon_core.package_identification:_identify(my_robot_bringup) by extension 'colcon_meta'
[0.145s] Level 1:colcon.colcon_core.package_identification:_identify(my_robot_bringup) by extensions ['ros']
[0.145s] Level 1:colcon.colcon_core.package_identification:_identify(my_robot_bringup) by extension 'ros'
[0.146s] DEBUG:colcon.colcon_core.package_identification:Package 'my_robot_bringup' with type 'ros.ament_cmake' and name 'my_robot_bringup'
[0.146s] Level 1:colcon.colcon_core.package_identification:_identify(my_robot_description) by extensions ['ignore', 'ignore_ament_install']
[0.146s] Level 1:colcon.colcon_core.package_identification:_identify(my_robot_description) by extension 'ignore'
[0.146s] Level 1:colcon.colcon_core.package_identification:_identify(my_robot_description) by extension 'ignore_ament_install'
[0.146s] Level 1:colcon.colcon_core.package_identification:_identify(my_robot_description) by extensions ['colcon_pkg']
[0.146s] Level 1:colcon.colcon_core.package_identification:_identify(my_robot_description) by extension 'colcon_pkg'
[0.146s] Level 1:colcon.colcon_core.package_identification:_identify(my_robot_description) by extensions ['colcon_meta']
[0.146s] Level 1:colcon.colcon_core.package_identification:_identify(my_robot_description) by extension 'colcon_meta'
[0.146s] Level 1:colcon.colcon_core.package_identification:_identify(my_robot_description) by extensions ['ros']
[0.146s] Level 1:colcon.colcon_core.package_identification:_identify(my_robot_description) by extension 'ros'
[0.146s] DEBUG:colcon.colcon_core.package_identification:Package 'my_robot_description' with type 'ros.ament_cmake' and name 'my_robot_description'
[0.146s] Level 1:colcon.colcon_core.package_identification:_identify(myrobot_controller) by extensions ['ignore', 'ignore_ament_install']
[0.146s] Level 1:colcon.colcon_core.package_identification:_identify(myrobot_controller) by extension 'ignore'
[0.146s] Level 1:colcon.colcon_core.package_identification:_identify(myrobot_controller) by extension 'ignore_ament_install'
[0.146s] Level 1:colcon.colcon_core.package_identification:_identify(myrobot_controller) by extensions ['colcon_pkg']
[0.146s] Level 1:colcon.colcon_core.package_identification:_identify(myrobot_controller) by extension 'colcon_pkg'
[0.146s] Level 1:colcon.colcon_core.package_identification:_identify(myrobot_controller) by extensions ['colcon_meta']
[0.146s] Level 1:colcon.colcon_core.package_identification:_identify(myrobot_controller) by extension 'colcon_meta'
[0.146s] Level 1:colcon.colcon_core.package_identification:_identify(myrobot_controller) by extensions ['ros']
[0.146s] Level 1:colcon.colcon_core.package_identification:_identify(myrobot_controller) by extension 'ros'
[0.147s] DEBUG:colcon.colcon_core.package_identification:Package 'myrobot_controller' with type 'ros.ament_cmake' and name 'myrobot_controller'
[0.147s] Level 1:colcon.colcon_core.package_discovery:discover_packages(recursive) using defaults
[0.147s] Level 1:colcon.colcon_core.package_discovery:discover_packages(ignore) discover
[0.147s] Level 1:colcon.colcon_core.package_discovery:discover_packages(ignore) using defaults
[0.147s] Level 1:colcon.colcon_core.package_discovery:discover_packages(path) discover
[0.147s] Level 1:colcon.colcon_core.package_discovery:discover_packages(path) using defaults
[0.158s] Level 1:colcon.colcon_core.package_discovery:discover_packages(prefix_path) check parameters
[0.158s] Level 1:colcon.colcon_core.package_discovery:discover_packages(prefix_path) discover
[0.159s] DEBUG:colcon.colcon_installed_package_information.package_discovery:Found 3 installed packages in /home/furry/Desktop/gazebo_simulation/install
[0.159s] DEBUG:colcon.colcon_installed_package_information.package_discovery:Found 282 installed packages in /opt/ros/humble
[0.166s] Level 1:colcon.colcon_core.package_discovery:discover_packages(prefix_path) using defaults
[0.184s] Level 5:colcon.colcon_core.verb:set package 'laser' build argument 'cmake_args' from command line to 'None'
[0.184s] Level 5:colcon.colcon_core.verb:set package 'laser' build argument 'cmake_target' from command line to 'None'
[0.184s] Level 5:colcon.colcon_core.verb:set package 'laser' build argument 'cmake_target_skip_unavailable' from command line to 'False'
[0.184s] Level 5:colcon.colcon_core.verb:set package 'laser' build argument 'cmake_clean_cache' from command line to 'False'
[0.184s] Level 5:colcon.colcon_core.verb:set package 'laser' build argument 'cmake_clean_first' from command line to 'False'
[0.184s] Level 5:colcon.colcon_core.verb:set package 'laser' build argument 'cmake_force_configure' from command line to 'False'
[0.184s] Level 5:colcon.colcon_core.verb:set package 'laser' build argument 'ament_cmake_args' from command line to 'None'
[0.184s] Level 5:colcon.colcon_core.verb:set package 'laser' build argument 'catkin_cmake_args' from command line to 'None'
[0.184s] Level 5:colcon.colcon_core.verb:set package 'laser' build argument 'catkin_skip_building_tests' from command line to 'False'
[0.184s] DEBUG:colcon.colcon_core.verb:Building package 'laser' with the following arguments: {'ament_cmake_args': None, 'build_base': '/home/furry/Desktop/gazebo_simulation/src/build/laser', 'catkin_cmake_args': None, 'catkin_skip_building_tests': False, 'cmake_args': None, 'cmake_clean_cache': False, 'cmake_clean_first': False, 'cmake_force_configure': False, 'cmake_target': None, 'cmake_target_skip_unavailable': False, 'install_base': '/home/furry/Desktop/gazebo_simulation/src/install/laser', 'merge_install': False, 'path': '/home/furry/Desktop/gazebo_simulation/src/laser', 'symlink_install': False, 'test_result_base': None}
[0.185s] Level 5:colcon.colcon_core.verb:set package 'my_robot_description' build argument 'cmake_args' from command line to 'None'
[0.185s] Level 5:colcon.colcon_core.verb:set package 'my_robot_description' build argument 'cmake_target' from command line to 'None'
[0.185s] Level 5:colcon.colcon_core.verb:set package 'my_robot_description' build argument 'cmake_target_skip_unavailable' from command line to 'False'
[0.185s] Level 5:colcon.colcon_core.verb:set package 'my_robot_description' build argument 'cmake_clean_cache' from command line to 'False'
[0.185s] Level 5:colcon.colcon_core.verb:set package 'my_robot_description' build argument 'cmake_clean_first' from command line to 'False'
[0.185s] Level 5:colcon.colcon_core.verb:set package 'my_robot_description' build argument 'cmake_force_configure' from command line to 'False'
[0.185s] Level 5:colcon.colcon_core.verb:set package 'my_robot_description' build argument 'ament_cmake_args' from command line to 'None'
[0.185s] Level 5:colcon.colcon_core.verb:set package 'my_robot_description' build argument 'catkin_cmake_args' from command line to 'None'
[0.185s] Level 5:colcon.colcon_core.verb:set package 'my_robot_description' build argument 'catkin_skip_building_tests' from command line to 'False'
[0.185s] DEBUG:colcon.colcon_core.verb:Building package 'my_robot_description' with the following arguments: {'ament_cmake_args': None, 'build_base': '/home/furry/Desktop/gazebo_simulation/src/build/my_robot_description', 'catkin_cmake_args': None, 'catkin_skip_building_tests': False, 'cmake_args': None, 'cmake_clean_cache': False, 'cmake_clean_first': False, 'cmake_force_configure': False, 'cmake_target': None, 'cmake_target_skip_unavailable': False, 'install_base': '/home/furry/Desktop/gazebo_simulation/src/install/my_robot_description', 'merge_install': False, 'path': '/home/furry/Desktop/gazebo_simulation/src/my_robot_description', 'symlink_install': False, 'test_result_base': None}
[0.185s] Level 5:colcon.colcon_core.verb:set package 'myrobot_controller' build argument 'cmake_args' from command line to 'None'
[0.185s] Level 5:colcon.colcon_core.verb:set package 'myrobot_controller' build argument 'cmake_target' from command line to 'None'
[0.185s] Level 5:colcon.colcon_core.verb:set package 'myrobot_controller' build argument 'cmake_target_skip_unavailable' from command line to 'False'
[0.185s] Level 5:colcon.colcon_core.verb:set package 'myrobot_controller' build argument 'cmake_clean_cache' from command line to 'False'
[0.185s] Level 5:colcon.colcon_core.verb:set package 'myrobot_controller' build argument 'cmake_clean_first' from command line to 'False'
[0.185s] Level 5:colcon.colcon_core.verb:set package 'myrobot_controller' build argument 'cmake_force_configure' from command line to 'False'
[0.185s] Level 5:colcon.colcon_core.verb:set package 'myrobot_controller' build argument 'ament_cmake_args' from command line to 'None'
[0.185s] Level 5:colcon.colcon_core.verb:set package 'myrobot_controller' build argument 'catkin_cmake_args' from command line to 'None'
[0.185s] Level 5:colcon.colcon_core.verb:set package 'myrobot_controller' build argument 'catkin_skip_building_tests' from command line to 'False'
[0.185s] DEBUG:colcon.colcon_core.verb:Building package 'myrobot_controller' with the following arguments: {'ament_cmake_args': None, 'build_base': '/home/furry/Desktop/gazebo_simulation/src/build/myrobot_controller', 'catkin_cmake_args': None, 'catkin_skip_building_tests': False, 'cmake_args': None, 'cmake_clean_cache': False, 'cmake_clean_first': False, 'cmake_force_configure': False, 'cmake_target': None, 'cmake_target_skip_unavailable': False, 'install_base': '/home/furry/Desktop/gazebo_simulation/src/install/myrobot_controller', 'merge_install': False, 'path': '/home/furry/Desktop/gazebo_simulation/src/myrobot_controller', 'symlink_install': False, 'test_result_base': None}
[0.185s] Level 5:colcon.colcon_core.verb:set package 'my_robot_bringup' build argument 'cmake_args' from command line to 'None'
[0.185s] Level 5:colcon.colcon_core.verb:set package 'my_robot_bringup' build argument 'cmake_target' from command line to 'None'
[0.185s] Level 5:colcon.colcon_core.verb:set package 'my_robot_bringup' build argument 'cmake_target_skip_unavailable' from command line to 'False'
[0.185s] Level 5:colcon.colcon_core.verb:set package 'my_robot_bringup' build argument 'cmake_clean_cache' from command line to 'False'
[0.185s] Level 5:colcon.colcon_core.verb:set package 'my_robot_bringup' build argument 'cmake_clean_first' from command line to 'False'
[0.185s] Level 5:colcon.colcon_core.verb:set package 'my_robot_bringup' build argument 'cmake_force_configure' from command line to 'False'
[0.185s] Level 5:colcon.colcon_core.verb:set package 'my_robot_bringup' build argument 'ament_cmake_args' from command line to 'None'
[0.185s] Level 5:colcon.colcon_core.verb:set package 'my_robot_bringup' build argument 'catkin_cmake_args' from command line to 'None'
[0.185s] Level 5:colcon.colcon_core.verb:set package 'my_robot_bringup' build argument 'catkin_skip_building_tests' from command line to 'False'
[0.185s] DEBUG:colcon.colcon_core.verb:Building package 'my_robot_bringup' with the following arguments: {'ament_cmake_args': None, 'build_base': '/home/furry/Desktop/gazebo_simulation/src/build/my_robot_bringup', 'catkin_cmake_args': None, 'catkin_skip_building_tests': False, 'cmake_args': None, 'cmake_clean_cache': False, 'cmake_clean_first': False, 'cmake_force_configure': False, 'cmake_target': None, 'cmake_target_skip_unavailable': False, 'install_base': '/home/furry/Desktop/gazebo_simulation/src/install/my_robot_bringup', 'merge_install': False, 'path': '/home/furry/Desktop/gazebo_simulation/src/my_robot_bringup', 'symlink_install': False, 'test_result_base': None}
[0.185s] INFO:colcon.colcon_core.executor:Executing jobs using 'parallel' executor
[0.186s] DEBUG:colcon.colcon_parallel_executor.executor.parallel:run_until_complete
[0.186s] INFO:colcon.colcon_ros.task.ament_cmake.build:Building ROS package in '/home/furry/Desktop/gazebo_simulation/src/my_robot_description' with build type 'ament_cmake'
[0.186s] INFO:colcon.colcon_cmake.task.cmake.build:Building CMake package in '/home/furry/Desktop/gazebo_simulation/src/my_robot_description'
[0.187s] INFO:colcon.colcon_core.plugin_system:Skipping extension 'colcon_core.shell.bat': Not used on non-Windows systems
[0.187s] INFO:colcon.colcon_core.shell:Skip shell extension 'powershell' for command environment: Not usable outside of PowerShell
[0.187s] DEBUG:colcon.colcon_core.shell:Skip shell extension 'dsv' for command environment
[0.189s] INFO:colcon.colcon_ros.task.ament_python.build:Building ROS package in '/home/furry/Desktop/gazebo_simulation/src/laser' with build type 'ament_python'
[0.189s] Level 1:colcon.colcon_core.shell:create_environment_hook('laser', 'ament_prefix_path')
[0.189s] INFO:colcon.colcon_core.shell:Creating environment hook '/home/furry/Desktop/gazebo_simulation/src/install/laser/share/laser/hook/ament_prefix_path.ps1'
[0.190s] INFO:colcon.colcon_core.shell:Creating environment descriptor '/home/furry/Desktop/gazebo_simulation/src/install/laser/share/laser/hook/ament_prefix_path.dsv'
[0.190s] INFO:colcon.colcon_core.shell:Creating environment hook '/home/furry/Desktop/gazebo_simulation/src/install/laser/share/laser/hook/ament_prefix_path.sh'
[0.190s] INFO:colcon.colcon_core.shell:Skip shell extension 'powershell' for command environment: Not usable outside of PowerShell
[0.190s] DEBUG:colcon.colcon_core.shell:Skip shell extension 'dsv' for command environment
[0.192s] INFO:colcon.colcon_ros.task.ament_cmake.build:Building ROS package in '/home/furry/Desktop/gazebo_simulation/src/myrobot_controller' with build type 'ament_cmake'
[0.192s] INFO:colcon.colcon_cmake.task.cmake.build:Building CMake package in '/home/furry/Desktop/gazebo_simulation/src/myrobot_controller'
[0.192s] INFO:colcon.colcon_core.shell:Skip shell extension 'powershell' for command environment: Not usable outside of PowerShell
[0.192s] DEBUG:colcon.colcon_core.shell:Skip shell extension 'dsv' for command environment
[0.197s] DEBUG:colcon.colcon_core.event_handler.log_command:Invoking command in '/home/furry/Desktop/gazebo_simulation/src/build/my_robot_description': CMAKE_PREFIX_PATH=${CMAKE_PREFIX_PATH}:/opt/ros/humble /usr/bin/cmake --build /home/furry/Desktop/gazebo_simulation/src/build/my_robot_description -- -j24 -l24
[0.333s] INFO:colcon.colcon_core.task.python.build:Building Python package in '/home/furry/Desktop/gazebo_simulation/src/laser'
[0.334s] INFO:colcon.colcon_core.shell:Skip shell extension 'powershell' for command environment: Not usable outside of PowerShell
[0.334s] DEBUG:colcon.colcon_core.shell:Skip shell extension 'dsv' for command environment
[0.339s] DEBUG:colcon.colcon_core.event_handler.log_command:Invoking command in '/home/furry/Desktop/gazebo_simulation/src/build/myrobot_controller': CMAKE_PREFIX_PATH=${CMAKE_PREFIX_PATH}:/opt/ros/humble /usr/bin/cmake --build /home/furry/Desktop/gazebo_simulation/src/build/myrobot_controller -- -j24 -l24
[0.339s] DEBUG:colcon.colcon_core.event_handler.log_command:Invoked command in '/home/furry/Desktop/gazebo_simulation/src/build/my_robot_description' returned '0': CMAKE_PREFIX_PATH=${CMAKE_PREFIX_PATH}:/opt/ros/humble /usr/bin/cmake --build /home/furry/Desktop/gazebo_simulation/src/build/my_robot_description -- -j24 -l24
[0.346s] DEBUG:colcon.colcon_core.event_handler.log_command:Invoking command in '/home/furry/Desktop/gazebo_simulation/src/build/my_robot_description': CMAKE_PREFIX_PATH=${CMAKE_PREFIX_PATH}:/opt/ros/humble /usr/bin/cmake --install /home/furry/Desktop/gazebo_simulation/src/build/my_robot_description
[0.353s] Level 1:colcon.colcon_core.environment:create_environment_scripts_only(my_robot_description)
[0.354s] DEBUG:colcon.colcon_core.event_handler.log_command:Invoked command in '/home/furry/Desktop/gazebo_simulation/src/build/my_robot_description' returned '0': CMAKE_PREFIX_PATH=${CMAKE_PREFIX_PATH}:/opt/ros/humble /usr/bin/cmake --install /home/furry/Desktop/gazebo_simulation/src/build/my_robot_description
[0.355s] Level 1:colcon.colcon_core.environment:checking '/home/furry/Desktop/gazebo_simulation/src/install/my_robot_description' for CMake module files
[0.355s] Level 1:colcon.colcon_core.environment:checking '/home/furry/Desktop/gazebo_simulation/src/install/my_robot_description' for CMake config files
[0.355s] Level 1:colcon.colcon_core.shell:create_environment_hook('my_robot_description', 'cmake_prefix_path')
[0.355s] INFO:colcon.colcon_core.shell:Creating environment hook '/home/furry/Desktop/gazebo_simulation/src/install/my_robot_description/share/my_robot_description/hook/cmake_prefix_path.ps1'
[0.356s] INFO:colcon.colcon_core.shell:Creating environment descriptor '/home/furry/Desktop/gazebo_simulation/src/install/my_robot_description/share/my_robot_description/hook/cmake_prefix_path.dsv'
[0.356s] INFO:colcon.colcon_core.shell:Creating environment hook '/home/furry/Desktop/gazebo_simulation/src/install/my_robot_description/share/my_robot_description/hook/cmake_prefix_path.sh'
[0.356s] Level 1:colcon.colcon_core.environment:checking '/home/furry/Desktop/gazebo_simulation/src/install/my_robot_description/bin'
[0.356s] Level 1:colcon.colcon_core.environment:checking '/home/furry/Desktop/gazebo_simulation/src/install/my_robot_description/lib/pkgconfig/my_robot_description.pc'
[0.356s] Level 1:colcon.colcon_core.environment:checking '/home/furry/Desktop/gazebo_simulation/src/install/my_robot_description/lib/python3.10/site-packages'
[0.356s] Level 1:colcon.colcon_core.environment:checking '/home/furry/Desktop/gazebo_simulation/src/install/my_robot_description/bin'
[0.357s] INFO:colcon.colcon_core.shell:Creating package script '/home/furry/Desktop/gazebo_simulation/src/install/my_robot_description/share/my_robot_description/package.ps1'
[0.357s] INFO:colcon.colcon_core.shell:Creating package descriptor '/home/furry/Desktop/gazebo_simulation/src/install/my_robot_description/share/my_robot_description/package.dsv'
[0.357s] INFO:colcon.colcon_core.shell:Creating package script '/home/furry/Desktop/gazebo_simulation/src/install/my_robot_description/share/my_robot_description/package.sh'
[0.358s] INFO:colcon.colcon_core.shell:Creating package script '/home/furry/Desktop/gazebo_simulation/src/install/my_robot_description/share/my_robot_description/package.bash'
[0.358s] INFO:colcon.colcon_core.shell:Creating package script '/home/furry/Desktop/gazebo_simulation/src/install/my_robot_description/share/my_robot_description/package.zsh'
[0.358s] Level 1:colcon.colcon_core.environment:create_file_with_runtime_dependencies(/home/furry/Desktop/gazebo_simulation/src/install/my_robot_description/share/colcon-core/packages/my_robot_description)
[0.359s] Level 1:colcon.colcon_core.environment:create_environment_scripts_only(my_robot_description)
[0.359s] Level 1:colcon.colcon_core.environment:checking '/home/furry/Desktop/gazebo_simulation/src/install/my_robot_description' for CMake module files
[0.359s] Level 1:colcon.colcon_core.environment:checking '/home/furry/Desktop/gazebo_simulation/src/install/my_robot_description' for CMake config files
[0.359s] Level 1:colcon.colcon_core.shell:create_environment_hook('my_robot_description', 'cmake_prefix_path')
[0.359s] INFO:colcon.colcon_core.shell:Creating environment hook '/home/furry/Desktop/gazebo_simulation/src/install/my_robot_description/share/my_robot_description/hook/cmake_prefix_path.ps1'
[0.360s] INFO:colcon.colcon_core.shell:Creating environment descriptor '/home/furry/Desktop/gazebo_simulation/src/install/my_robot_description/share/my_robot_description/hook/cmake_prefix_path.dsv'
[0.360s] INFO:colcon.colcon_core.shell:Creating environment hook '/home/furry/Desktop/gazebo_simulation/src/install/my_robot_description/share/my_robot_description/hook/cmake_prefix_path.sh'
[0.360s] Level 1:colcon.colcon_core.environment:checking '/home/furry/Desktop/gazebo_simulation/src/install/my_robot_description/bin'
[0.360s] Level 1:colcon.colcon_core.environment:checking '/home/furry/Desktop/gazebo_simulation/src/install/my_robot_description/lib/pkgconfig/my_robot_description.pc'
[0.360s] Level 1:colcon.colcon_core.environment:checking '/home/furry/Desktop/gazebo_simulation/src/install/my_robot_description/lib/python3.10/site-packages'
[0.360s] Level 1:colcon.colcon_core.environment:checking '/home/furry/Desktop/gazebo_simulation/src/install/my_robot_description/bin'
[0.361s] INFO:colcon.colcon_core.shell:Creating package script '/home/furry/Desktop/gazebo_simulation/src/install/my_robot_description/share/my_robot_description/package.ps1'
[0.361s] INFO:colcon.colcon_core.shell:Creating package descriptor '/home/furry/Desktop/gazebo_simulation/src/install/my_robot_description/share/my_robot_description/package.dsv'
[0.361s] INFO:colcon.colcon_core.shell:Creating package script '/home/furry/Desktop/gazebo_simulation/src/install/my_robot_description/share/my_robot_description/package.sh'
[0.361s] INFO:colcon.colcon_core.shell:Creating package script '/home/furry/Desktop/gazebo_simulation/src/install/my_robot_description/share/my_robot_description/package.bash'
[0.362s] INFO:colcon.colcon_core.shell:Creating package script '/home/furry/Desktop/gazebo_simulation/src/install/my_robot_description/share/my_robot_description/package.zsh'
[0.362s] Level 1:colcon.colcon_core.environment:create_file_with_runtime_dependencies(/home/furry/Desktop/gazebo_simulation/src/install/my_robot_description/share/colcon-core/packages/my_robot_description)
[0.362s] INFO:colcon.colcon_ros.task.ament_cmake.build:Building ROS package in '/home/furry/Desktop/gazebo_simulation/src/my_robot_bringup' with build type 'ament_cmake'
[0.362s] INFO:colcon.colcon_cmake.task.cmake.build:Building CMake package in '/home/furry/Desktop/gazebo_simulation/src/my_robot_bringup'
[0.362s] INFO:colcon.colcon_core.shell:Skip shell extension 'powershell' for command environment: Not usable outside of PowerShell
[0.362s] DEBUG:colcon.colcon_core.shell:Skip shell extension 'dsv' for command environment
[0.369s] DEBUG:colcon.colcon_core.event_handler.log_command:Invoking command in '/home/furry/Desktop/gazebo_simulation/src/build/my_robot_bringup': AMENT_PREFIX_PATH=/home/furry/Desktop/gazebo_simulation/src/install/my_robot_description:${AMENT_PREFIX_PATH} CMAKE_PREFIX_PATH=/home/furry/Desktop/gazebo_simulation/src/install/my_robot_description:/home/furry/Desktop/gazebo_simulation/install/myrobot_controller:/home/furry/Desktop/gazebo_simulation/install/my_robot_bringup:/home/furry/Desktop/gazebo_simulation/install/my_robot_description:/opt/ros/humble /usr/bin/cmake --build /home/furry/Desktop/gazebo_simulation/src/build/my_robot_bringup -- -j24 -l24
[0.396s] DEBUG:colcon.colcon_core.event_handler.log_command:Invoked command in '/home/furry/Desktop/gazebo_simulation/src/build/my_robot_bringup' returned '0': AMENT_PREFIX_PATH=/home/furry/Desktop/gazebo_simulation/src/install/my_robot_description:${AMENT_PREFIX_PATH} CMAKE_PREFIX_PATH=/home/furry/Desktop/gazebo_simulation/src/install/my_robot_description:/home/furry/Desktop/gazebo_simulation/install/myrobot_controller:/home/furry/Desktop/gazebo_simulation/install/my_robot_bringup:/home/furry/Desktop/gazebo_simulation/install/my_robot_description:/opt/ros/humble /usr/bin/cmake --build /home/furry/Desktop/gazebo_simulation/src/build/my_robot_bringup -- -j24 -l24
[0.397s] DEBUG:colcon.colcon_core.event_handler.log_command:Invoking command in '/home/furry/Desktop/gazebo_simulation/src/build/my_robot_bringup': AMENT_PREFIX_PATH=/home/furry/Desktop/gazebo_simulation/src/install/my_robot_description:${AMENT_PREFIX_PATH} CMAKE_PREFIX_PATH=/home/furry/Desktop/gazebo_simulation/src/install/my_robot_description:/home/furry/Desktop/gazebo_simulation/install/myrobot_controller:/home/furry/Desktop/gazebo_simulation/install/my_robot_bringup:/home/furry/Desktop/gazebo_simulation/install/my_robot_description:/opt/ros/humble /usr/bin/cmake --install /home/furry/Desktop/gazebo_simulation/src/build/my_robot_bringup
[0.403s] Level 1:colcon.colcon_core.environment:create_environment_scripts_only(my_robot_bringup)
[0.404s] Level 1:colcon.colcon_core.environment:checking '/home/furry/Desktop/gazebo_simulation/src/install/my_robot_bringup' for CMake module files
[0.404s] DEBUG:colcon.colcon_core.event_handler.log_command:Invoked command in '/home/furry/Desktop/gazebo_simulation/src/build/my_robot_bringup' returned '0': AMENT_PREFIX_PATH=/home/furry/Desktop/gazebo_simulation/src/install/my_robot_description:${AMENT_PREFIX_PATH} CMAKE_PREFIX_PATH=/home/furry/Desktop/gazebo_simulation/src/install/my_robot_description:/home/furry/Desktop/gazebo_simulation/install/myrobot_controller:/home/furry/Desktop/gazebo_simulation/install/my_robot_bringup:/home/furry/Desktop/gazebo_simulation/install/my_robot_description:/opt/ros/humble /usr/bin/cmake --install /home/furry/Desktop/gazebo_simulation/src/build/my_robot_bringup
[0.404s] Level 1:colcon.colcon_core.environment:checking '/home/furry/Desktop/gazebo_simulation/src/install/my_robot_bringup' for CMake config files
[0.404s] Level 1:colcon.colcon_core.shell:create_environment_hook('my_robot_bringup', 'cmake_prefix_path')
[0.404s] INFO:colcon.colcon_core.shell:Creating environment hook '/home/furry/Desktop/gazebo_simulation/src/install/my_robot_bringup/share/my_robot_bringup/hook/cmake_prefix_path.ps1'
[0.404s] INFO:colcon.colcon_core.shell:Creating environment descriptor '/home/furry/Desktop/gazebo_simulation/src/install/my_robot_bringup/share/my_robot_bringup/hook/cmake_prefix_path.dsv'
[0.405s] INFO:colcon.colcon_core.shell:Creating environment hook '/home/furry/Desktop/gazebo_simulation/src/install/my_robot_bringup/share/my_robot_bringup/hook/cmake_prefix_path.sh'
[0.405s] Level 1:colcon.colcon_core.environment:checking '/home/furry/Desktop/gazebo_simulation/src/install/my_robot_bringup/bin'
[0.405s] Level 1:colcon.colcon_core.environment:checking '/home/furry/Desktop/gazebo_simulation/src/install/my_robot_bringup/lib/pkgconfig/my_robot_bringup.pc'
[0.405s] Level 1:colcon.colcon_core.environment:checking '/home/furry/Desktop/gazebo_simulation/src/install/my_robot_bringup/lib/python3.10/site-packages'
[0.405s] Level 1:colcon.colcon_core.environment:checking '/home/furry/Desktop/gazebo_simulation/src/install/my_robot_bringup/bin'
[0.405s] INFO:colcon.colcon_core.shell:Creating package script '/home/furry/Desktop/gazebo_simulation/src/install/my_robot_bringup/share/my_robot_bringup/package.ps1'
[0.406s] INFO:colcon.colcon_core.shell:Creating package descriptor '/home/furry/Desktop/gazebo_simulation/src/install/my_robot_bringup/share/my_robot_bringup/package.dsv'
[0.406s] INFO:colcon.colcon_core.shell:Creating package script '/home/furry/Desktop/gazebo_simulation/src/install/my_robot_bringup/share/my_robot_bringup/package.sh'
[0.406s] INFO:colcon.colcon_core.shell:Creating package script '/home/furry/Desktop/gazebo_simulation/src/install/my_robot_bringup/share/my_robot_bringup/package.bash'
[0.406s] INFO:colcon.colcon_core.shell:Creating package script '/home/furry/Desktop/gazebo_simulation/src/install/my_robot_bringup/share/my_robot_bringup/package.zsh'
[0.406s] Level 1:colcon.colcon_core.environment:create_file_with_runtime_dependencies(/home/furry/Desktop/gazebo_simulation/src/install/my_robot_bringup/share/colcon-core/packages/my_robot_bringup)
[0.407s] Level 1:colcon.colcon_core.environment:create_environment_scripts_only(my_robot_bringup)
[0.407s] Level 1:colcon.colcon_core.environment:checking '/home/furry/Desktop/gazebo_simulation/src/install/my_robot_bringup' for CMake module files
[0.407s] Level 1:colcon.colcon_core.environment:checking '/home/furry/Desktop/gazebo_simulation/src/install/my_robot_bringup' for CMake config files
[0.407s] Level 1:colcon.colcon_core.shell:create_environment_hook('my_robot_bringup', 'cmake_prefix_path')
[0.407s] INFO:colcon.colcon_core.shell:Creating environment hook '/home/furry/Desktop/gazebo_simulation/src/install/my_robot_bringup/share/my_robot_bringup/hook/cmake_prefix_path.ps1'
[0.407s] INFO:colcon.colcon_core.shell:Creating environment descriptor '/home/furry/Desktop/gazebo_simulation/src/install/my_robot_bringup/share/my_robot_bringup/hook/cmake_prefix_path.dsv'
[0.407s] INFO:colcon.colcon_core.shell:Creating environment hook '/home/furry/Desktop/gazebo_simulation/src/install/my_robot_bringup/share/my_robot_bringup/hook/cmake_prefix_path.sh'
[0.408s] Level 1:colcon.colcon_core.environment:checking '/home/furry/Desktop/gazebo_simulation/src/install/my_robot_bringup/bin'
[0.408s] Level 1:colcon.colcon_core.environment:checking '/home/furry/Desktop/gazebo_simulation/src/install/my_robot_bringup/lib/pkgconfig/my_robot_bringup.pc'
[0.408s] Level 1:colcon.colcon_core.environment:checking '/home/furry/Desktop/gazebo_simulation/src/install/my_robot_bringup/lib/python3.10/site-packages'
[0.408s] Level 1:colcon.colcon_core.environment:checking '/home/furry/Desktop/gazebo_simulation/src/install/my_robot_bringup/bin'
[0.408s] INFO:colcon.colcon_core.shell:Creating package script '/home/furry/Desktop/gazebo_simulation/src/install/my_robot_bringup/share/my_robot_bringup/package.ps1'
[0.408s] INFO:colcon.colcon_core.shell:Creating package descriptor '/home/furry/Desktop/gazebo_simulation/src/install/my_robot_bringup/share/my_robot_bringup/package.dsv'
[0.409s] INFO:colcon.colcon_core.shell:Creating package script '/home/furry/Desktop/gazebo_simulation/src/install/my_robot_bringup/share/my_robot_bringup/package.sh'
[0.409s] INFO:colcon.colcon_core.shell:Creating package script '/home/furry/Desktop/gazebo_simulation/src/install/my_robot_bringup/share/my_robot_bringup/package.bash'
[0.409s] INFO:colcon.colcon_core.shell:Creating package script '/home/furry/Desktop/gazebo_simulation/src/install/my_robot_bringup/share/my_robot_bringup/package.zsh'
[0.409s] Level 1:colcon.colcon_core.environment:create_file_with_runtime_dependencies(/home/furry/Desktop/gazebo_simulation/src/install/my_robot_bringup/share/colcon-core/packages/my_robot_bringup)
[0.530s] DEBUG:colcon.colcon_core.event_handler.log_command:Invoked command in '/home/furry/Desktop/gazebo_simulation/src/build/myrobot_controller' returned '0': CMAKE_PREFIX_PATH=${CMAKE_PREFIX_PATH}:/opt/ros/humble /usr/bin/cmake --build /home/furry/Desktop/gazebo_simulation/src/build/myrobot_controller -- -j24 -l24
[0.531s] DEBUG:colcon.colcon_core.event_handler.log_command:Invoking command in '/home/furry/Desktop/gazebo_simulation/src/build/myrobot_controller': CMAKE_PREFIX_PATH=${CMAKE_PREFIX_PATH}:/opt/ros/humble /usr/bin/cmake --install /home/furry/Desktop/gazebo_simulation/src/build/myrobot_controller
[0.549s] DEBUG:colcon.colcon_core.event_handler.log_command:Invoking command in '/home/furry/Desktop/gazebo_simulation/src/laser': PYTHONPATH=/home/furry/Desktop/gazebo_simulation/src/build/laser/prefix_override:/usr/lib/python3/dist-packages/colcon_core/task/python/colcon_distutils_commands:/home/furry/Desktop/gazebo_simulation/src/install/laser/lib/python3.10/site-packages:${PYTHONPATH} /usr/bin/python3 -W ignore:setup.py install is deprecated -W ignore:easy_install command is deprecated setup.py egg_info --egg-base ../build/laser build --build-base /home/furry/Desktop/gazebo_simulation/src/build/laser/build install --record /home/furry/Desktop/gazebo_simulation/src/build/laser/install.log --single-version-externally-managed install_data
[0.561s] Level 1:colcon.colcon_core.environment:create_environment_scripts_only(myrobot_controller)
[0.561s] Level 1:colcon.colcon_core.environment:checking '/home/furry/Desktop/gazebo_simulation/src/install/myrobot_controller' for CMake module files
[0.561s] DEBUG:colcon.colcon_core.event_handler.log_command:Invoked command in '/home/furry/Desktop/gazebo_simulation/src/build/myrobot_controller' returned '0': CMAKE_PREFIX_PATH=${CMAKE_PREFIX_PATH}:/opt/ros/humble /usr/bin/cmake --install /home/furry/Desktop/gazebo_simulation/src/build/myrobot_controller
[0.561s] Level 1:colcon.colcon_core.environment:checking '/home/furry/Desktop/gazebo_simulation/src/install/myrobot_controller' for CMake config files
[0.561s] Level 1:colcon.colcon_core.shell:create_environment_hook('myrobot_controller', 'cmake_prefix_path')
[0.561s] INFO:colcon.colcon_core.shell:Creating environment hook '/home/furry/Desktop/gazebo_simulation/src/install/myrobot_controller/share/myrobot_controller/hook/cmake_prefix_path.ps1'
[0.562s] INFO:colcon.colcon_core.shell:Creating environment descriptor '/home/furry/Desktop/gazebo_simulation/src/install/myrobot_controller/share/myrobot_controller/hook/cmake_prefix_path.dsv'
[0.562s] INFO:colcon.colcon_core.shell:Creating environment hook '/home/furry/Desktop/gazebo_simulation/src/install/myrobot_controller/share/myrobot_controller/hook/cmake_prefix_path.sh'
[0.562s] Level 1:colcon.colcon_core.environment:checking '/home/furry/Desktop/gazebo_simulation/src/install/myrobot_controller/lib'
[0.562s] Level 1:colcon.colcon_core.environment:checking '/home/furry/Desktop/gazebo_simulation/src/install/myrobot_controller/bin'
[0.562s] Level 1:colcon.colcon_core.environment:checking '/home/furry/Desktop/gazebo_simulation/src/install/myrobot_controller/lib/pkgconfig/myrobot_controller.pc'
[0.563s] Level 1:colcon.colcon_core.environment:checking '/home/furry/Desktop/gazebo_simulation/src/install/myrobot_controller/lib/python3.10/site-packages'
[0.563s] Level 1:colcon.colcon_core.environment:checking '/home/furry/Desktop/gazebo_simulation/src/install/myrobot_controller/bin'
[0.563s] INFO:colcon.colcon_core.shell:Creating package script '/home/furry/Desktop/gazebo_simulation/src/install/myrobot_controller/share/myrobot_controller/package.ps1'
[0.563s] INFO:colcon.colcon_core.shell:Creating package descriptor '/home/furry/Desktop/gazebo_simulation/src/install/myrobot_controller/share/myrobot_controller/package.dsv'
[0.563s] INFO:colcon.colcon_core.shell:Creating package script '/home/furry/Desktop/gazebo_simulation/src/install/myrobot_controller/share/myrobot_controller/package.sh'
[0.564s] INFO:colcon.colcon_core.shell:Creating package script '/home/furry/Desktop/gazebo_simulation/src/install/myrobot_controller/share/myrobot_controller/package.bash'
[0.564s] INFO:colcon.colcon_core.shell:Creating package script '/home/furry/Desktop/gazebo_simulation/src/install/myrobot_controller/share/myrobot_controller/package.zsh'
[0.564s] Level 1:colcon.colcon_core.environment:create_file_with_runtime_dependencies(/home/furry/Desktop/gazebo_simulation/src/install/myrobot_controller/share/colcon-core/packages/myrobot_controller)
[0.564s] Level 1:colcon.colcon_core.environment:create_environment_scripts_only(myrobot_controller)
[0.564s] Level 1:colcon.colcon_core.environment:checking '/home/furry/Desktop/gazebo_simulation/src/install/myrobot_controller' for CMake module files
[0.565s] Level 1:colcon.colcon_core.environment:checking '/home/furry/Desktop/gazebo_simulation/src/install/myrobot_controller' for CMake config files
[0.565s] Level 1:colcon.colcon_core.shell:create_environment_hook('myrobot_controller', 'cmake_prefix_path')
[0.565s] INFO:colcon.colcon_core.shell:Creating environment hook '/home/furry/Desktop/gazebo_simulation/src/install/myrobot_controller/share/myrobot_controller/hook/cmake_prefix_path.ps1'
[0.565s] INFO:colcon.colcon_core.shell:Creating environment descriptor '/home/furry/Desktop/gazebo_simulation/src/install/myrobot_controller/share/myrobot_controller/hook/cmake_prefix_path.dsv'
[0.565s] INFO:colcon.colcon_core.shell:Creating environment hook '/home/furry/Desktop/gazebo_simulation/src/install/myrobot_controller/share/myrobot_controller/hook/cmake_prefix_path.sh'
[0.565s] Level 1:colcon.colcon_core.environment:checking '/home/furry/Desktop/gazebo_simulation/src/install/myrobot_controller/lib'
[0.565s] Level 1:colcon.colcon_core.environment:checking '/home/furry/Desktop/gazebo_simulation/src/install/myrobot_controller/bin'
[0.565s] Level 1:colcon.colcon_core.environment:checking '/home/furry/Desktop/gazebo_simulation/src/install/myrobot_controller/lib/pkgconfig/myrobot_controller.pc'
[0.566s] Level 1:colcon.colcon_core.environment:checking '/home/furry/Desktop/gazebo_simulation/src/install/myrobot_controller/lib/python3.10/site-packages'
[0.566s] Level 1:colcon.colcon_core.environment:checking '/home/furry/Desktop/gazebo_simulation/src/install/myrobot_controller/bin'
[0.566s] INFO:colcon.colcon_core.shell:Creating package script '/home/furry/Desktop/gazebo_simulation/src/install/myrobot_controller/share/myrobot_controller/package.ps1'
[0.566s] INFO:colcon.colcon_core.shell:Creating package descriptor '/home/furry/Desktop/gazebo_simulation/src/install/myrobot_controller/share/myrobot_controller/package.dsv'
[0.566s] INFO:colcon.colcon_core.shell:Creating package script '/home/furry/Desktop/gazebo_simulation/src/install/myrobot_controller/share/myrobot_controller/package.sh'
[0.567s] INFO:colcon.colcon_core.shell:Creating package script '/home/furry/Desktop/gazebo_simulation/src/install/myrobot_controller/share/myrobot_controller/package.bash'
[0.567s] INFO:colcon.colcon_core.shell:Creating package script '/home/furry/Desktop/gazebo_simulation/src/install/myrobot_controller/share/myrobot_controller/package.zsh'
[0.567s] Level 1:colcon.colcon_core.environment:create_file_with_runtime_dependencies(/home/furry/Desktop/gazebo_simulation/src/install/myrobot_controller/share/colcon-core/packages/myrobot_controller)
[0.697s] Level 1:colcon.colcon_core.environment:checking '/home/furry/Desktop/gazebo_simulation/src/install/laser' for CMake module files
[0.697s] DEBUG:colcon.colcon_core.event_handler.log_command:Invoked command in '/home/furry/Desktop/gazebo_simulation/src/laser' returned '0': PYTHONPATH=/home/furry/Desktop/gazebo_simulation/src/build/laser/prefix_override:/usr/lib/python3/dist-packages/colcon_core/task/python/colcon_distutils_commands:/home/furry/Desktop/gazebo_simulation/src/install/laser/lib/python3.10/site-packages:${PYTHONPATH} /usr/bin/python3 -W ignore:setup.py install is deprecated -W ignore:easy_install command is deprecated setup.py egg_info --egg-base ../build/laser build --build-base /home/furry/Desktop/gazebo_simulation/src/build/laser/build install --record /home/furry/Desktop/gazebo_simulation/src/build/laser/install.log --single-version-externally-managed install_data
[0.698s] Level 1:colcon.colcon_core.environment:checking '/home/furry/Desktop/gazebo_simulation/src/install/laser' for CMake config files
[0.698s] Level 1:colcon.colcon_core.environment:checking '/home/furry/Desktop/gazebo_simulation/src/install/laser/lib'
[0.698s] Level 1:colcon.colcon_core.environment:checking '/home/furry/Desktop/gazebo_simulation/src/install/laser/bin'
[0.698s] Level 1:colcon.colcon_core.environment:checking '/home/furry/Desktop/gazebo_simulation/src/install/laser/lib/pkgconfig/laser.pc'
[0.698s] Level 1:colcon.colcon_core.environment:checking '/home/furry/Desktop/gazebo_simulation/src/install/laser/lib/python3.10/site-packages'
[0.698s] Level 1:colcon.colcon_core.shell:create_environment_hook('laser', 'pythonpath')
[0.698s] INFO:colcon.colcon_core.shell:Creating environment hook '/home/furry/Desktop/gazebo_simulation/src/install/laser/share/laser/hook/pythonpath.ps1'
[0.699s] INFO:colcon.colcon_core.shell:Creating environment descriptor '/home/furry/Desktop/gazebo_simulation/src/install/laser/share/laser/hook/pythonpath.dsv'
[0.699s] INFO:colcon.colcon_core.shell:Creating environment hook '/home/furry/Desktop/gazebo_simulation/src/install/laser/share/laser/hook/pythonpath.sh'
[0.699s] Level 1:colcon.colcon_core.environment:checking '/home/furry/Desktop/gazebo_simulation/src/install/laser/bin'
[0.699s] Level 1:colcon.colcon_core.environment:create_environment_scripts_only(laser)
[0.699s] INFO:colcon.colcon_core.shell:Creating package script '/home/furry/Desktop/gazebo_simulation/src/install/laser/share/laser/package.ps1'
[0.700s] INFO:colcon.colcon_core.shell:Creating package descriptor '/home/furry/Desktop/gazebo_simulation/src/install/laser/share/laser/package.dsv'
[0.700s] INFO:colcon.colcon_core.shell:Creating package script '/home/furry/Desktop/gazebo_simulation/src/install/laser/share/laser/package.sh'
[0.700s] INFO:colcon.colcon_core.shell:Creating package script '/home/furry/Desktop/gazebo_simulation/src/install/laser/share/laser/package.bash'
[0.700s] INFO:colcon.colcon_core.shell:Creating package script '/home/furry/Desktop/gazebo_simulation/src/install/laser/share/laser/package.zsh'
[0.700s] Level 1:colcon.colcon_core.environment:create_file_with_runtime_dependencies(/home/furry/Desktop/gazebo_simulation/src/install/laser/share/colcon-core/packages/laser)
[0.700s] DEBUG:colcon.colcon_parallel_executor.executor.parallel:closing loop
[0.701s] DEBUG:colcon.colcon_parallel_executor.executor.parallel:loop closed
[0.701s] DEBUG:colcon.colcon_parallel_executor.executor.parallel:run_until_complete finished with '0'
[0.701s] DEBUG:colcon.colcon_core.event_reactor:joining thread
[0.704s] INFO:colcon.colcon_core.plugin_system:Skipping extension 'colcon_notification.desktop_notification.terminal_notifier': Not used on non-Darwin systems
[0.704s] INFO:colcon.colcon_core.plugin_system:Skipping extension 'colcon_notification.desktop_notification.win32': Not used on non-Windows systems
[0.704s] INFO:colcon.colcon_notification.desktop_notification:Sending desktop notification using 'notify2'
[0.711s] DEBUG:colcon.colcon_core.event_reactor:joined thread
[0.711s] INFO:colcon.colcon_core.shell:Creating prefix script '/home/furry/Desktop/gazebo_simulation/src/install/local_setup.ps1'
[0.712s] INFO:colcon.colcon_core.shell:Creating prefix util module '/home/furry/Desktop/gazebo_simulation/src/install/_local_setup_util_ps1.py'
[0.712s] INFO:colcon.colcon_core.shell:Creating prefix chain script '/home/furry/Desktop/gazebo_simulation/src/install/setup.ps1'
[0.713s] INFO:colcon.colcon_core.shell:Creating prefix script '/home/furry/Desktop/gazebo_simulation/src/install/local_setup.sh'
[0.713s] INFO:colcon.colcon_core.shell:Creating prefix util module '/home/furry/Desktop/gazebo_simulation/src/install/_local_setup_util_sh.py'
[0.714s] INFO:colcon.colcon_core.shell:Creating prefix chain script '/home/furry/Desktop/gazebo_simulation/src/install/setup.sh'
[0.714s] INFO:colcon.colcon_core.shell:Creating prefix script '/home/furry/Desktop/gazebo_simulation/src/install/local_setup.bash'
[0.714s] INFO:colcon.colcon_core.shell:Creating prefix chain script '/home/furry/Desktop/gazebo_simulation/src/install/setup.bash'
[0.715s] INFO:colcon.colcon_core.shell:Creating prefix script '/home/furry/Desktop/gazebo_simulation/src/install/local_setup.zsh'
[0.715s] INFO:colcon.colcon_core.shell:Creating prefix chain script '/home/furry/Desktop/gazebo_simulation/src/install/setup.zsh'
