running egg_info
writing ../../build/laser/laser.egg-info/PKG-INFO
writing dependency_links to ../../build/laser/laser.egg-info/dependency_links.txt
writing entry points to ../../build/laser/laser.egg-info/entry_points.txt
writing requirements to ../../build/laser/laser.egg-info/requires.txt
writing top-level names to ../../build/laser/laser.egg-info/top_level.txt
reading manifest file '../../build/laser/laser.egg-info/SOURCES.txt'
writing manifest file '../../build/laser/laser.egg-info/SOURCES.txt'
running build
running build_py
copying laser/laser.py -> /home/furry/Desktop/gazebo_simulation/build/laser/build/lib/laser
running install
running install_lib
copying /home/furry/Desktop/gazebo_simulation/build/laser/build/lib/laser/laser.py -> /home/furry/Desktop/gazebo_simulation/install/laser/lib/python3.10/site-packages/laser
byte-compiling /home/furry/Desktop/gazebo_simulation/install/laser/lib/python3.10/site-packages/laser/laser.py to laser.cpython-310.pyc
running install_data
running install_egg_info
removing '/home/furry/Desktop/gazebo_simulation/install/laser/lib/python3.10/site-packages/laser-0.0.0-py3.10.egg-info' (and everything under it)
Copying ../../build/laser/laser.egg-info to /home/furry/Desktop/gazebo_simulation/install/laser/lib/python3.10/site-packages/laser-0.0.0-py3.10.egg-info
running install_scripts
Installing laser script to /home/furry/Desktop/gazebo_simulation/install/laser/lib/laser
writing list of installed files to '/home/furry/Desktop/gazebo_simulation/build/laser/install.log'
