[0.147s] Invoking command in '/home/furry/Desktop/gazebo_simulation/build/myrobot_controller': CMAKE_PREFIX_PATH=${CMAKE_PREFIX_PATH}:/home/furry/Desktop/gazebo_simulation/install/laser:/opt/ros/humble /usr/bin/cmake /home/furry/Desktop/gazebo_simulation/src/myrobot_controller -DAMENT_CMAKE_SYMLINK_INSTALL=1 -DCMAKE_INSTALL_PREFIX=/home/furry/Desktop/gazebo_simulation/install/myrobot_controller
[0.183s] -- The C compiler identification is GNU 11.4.0
[0.220s] -- The CXX compiler identification is GNU 11.4.0
[0.225s] -- Detecting C compiler ABI info
[0.270s] -- Detecting C compiler ABI info - done
[0.275s] -- Check for working C compiler: /usr/bin/cc - skipped
[0.275s] -- Detecting C compile features
[0.275s] -- Detecting C compile features - done
[0.277s] -- Detecting CXX compiler ABI info
[0.332s] -- Detecting CXX compiler ABI info - done
[0.339s] -- Check for working CXX compiler: /usr/bin/c++ - skipped
[0.339s] -- Detecting CXX compile features
[0.339s] -- Detecting CXX compile features - done
[0.341s] -- Found ament_cmake: 1.3.11 (/opt/ros/humble/share/ament_cmake/cmake)
[0.447s] -- Found Python3: /usr/bin/python3 (found version "3.10.12") found components: Interpreter 
[0.490s] -- Override CMake install command with custom implementation using symlinks instead of copying resources
[0.505s] -- Found rclpy: 3.3.15 (/opt/ros/humble/share/rclpy/cmake)
[0.506s] -- Found std_msgs: 4.2.4 (/opt/ros/humble/share/std_msgs/cmake)
[0.528s] -- Found rosidl_generator_c: 3.1.6 (/opt/ros/humble/share/rosidl_generator_c/cmake)
[0.530s] -- Found rosidl_adapter: 3.1.6 (/opt/ros/humble/share/rosidl_adapter/cmake)
[0.535s] -- Found rosidl_generator_cpp: 3.1.6 (/opt/ros/humble/share/rosidl_generator_cpp/cmake)
[0.542s] -- Using all available rosidl_typesupport_c: rosidl_typesupport_fastrtps_c;rosidl_typesupport_introspection_c
[0.551s] -- Using all available rosidl_typesupport_cpp: rosidl_typesupport_fastrtps_cpp;rosidl_typesupport_introspection_cpp
[0.566s] -- Found geometry_msgs: 4.2.4 (/opt/ros/humble/share/geometry_msgs/cmake)
[0.575s] -- Found rclcpp: 16.0.11 (/opt/ros/humble/share/rclcpp/cmake)
[0.596s] -- Found rmw_implementation_cmake: 6.1.2 (/opt/ros/humble/share/rmw_implementation_cmake/cmake)
[0.598s] -- Found rmw_fastrtps_cpp: 6.2.7 (/opt/ros/humble/share/rmw_fastrtps_cpp/cmake)
[0.657s] -- Found OpenSSL: /usr/lib/x86_64-linux-gnu/libcrypto.so (found version "3.0.2")  
[0.675s] -- Found FastRTPS: /opt/ros/humble/include  
[0.700s] -- Using RMW implementation 'rmw_fastrtps_cpp' as default
[0.705s] -- Looking for pthread.h
[0.762s] -- Looking for pthread.h - found
[0.762s] -- Performing Test CMAKE_HAVE_LIBC_PTHREAD
[0.814s] -- Performing Test CMAKE_HAVE_LIBC_PTHREAD - Success
[0.815s] -- Found Threads: TRUE  
[0.899s] -- Found ament_lint_auto: 0.12.11 (/opt/ros/humble/share/ament_lint_auto/cmake)
[0.954s] -- Added test 'cppcheck' to perform static code analysis on C / C++ code
[0.955s] -- Configured cppcheck include dirs: /home/furry/Desktop/gazebo_simulation/src/myrobot_controller/include
[0.955s] -- Configured cppcheck exclude dirs and/or files: 
[0.955s] -- Added test 'flake8' to check Python code syntax and style conventions
[0.955s] -- Added test 'lint_cmake' to check CMake code style
[0.956s] -- Added test 'pep257' to check Python code against some of the docstring style conventions in PEP 257
[0.956s] -- Added test 'uncrustify' to check C / C++ code style
[0.956s] -- Configured uncrustify additional arguments: 
[0.957s] -- Added test 'xmllint' to check XML markup files
[0.958s] -- Configuring done
[0.963s] -- Generating done
[0.966s] -- Build files have been written to: /home/furry/Desktop/gazebo_simulation/build/myrobot_controller
[0.973s] Invoked command in '/home/furry/Desktop/gazebo_simulation/build/myrobot_controller' returned '0': CMAKE_PREFIX_PATH=${CMAKE_PREFIX_PATH}:/home/furry/Desktop/gazebo_simulation/install/laser:/opt/ros/humble /usr/bin/cmake /home/furry/Desktop/gazebo_simulation/src/myrobot_controller -DAMENT_CMAKE_SYMLINK_INSTALL=1 -DCMAKE_INSTALL_PREFIX=/home/furry/Desktop/gazebo_simulation/install/myrobot_controller
[0.975s] Invoking command in '/home/furry/Desktop/gazebo_simulation/build/myrobot_controller': CMAKE_PREFIX_PATH=${CMAKE_PREFIX_PATH}:/home/furry/Desktop/gazebo_simulation/install/laser:/opt/ros/humble /usr/bin/cmake --build /home/furry/Desktop/gazebo_simulation/build/myrobot_controller -- -j24 -l24
[1.010s] [ 50%] [32mBuilding CXX object CMakeFiles/simple_controller.dir/src/simple_controller.cpp.o[0m
[1.020s] [ 50%] Built target ament_cmake_python_symlink_myrobot_controller
[1.163s] running egg_info
[1.163s] creating myrobot_controller.egg-info
[1.163s] writing myrobot_controller.egg-info/PKG-INFO
[1.163s] writing dependency_links to myrobot_controller.egg-info/dependency_links.txt
[1.164s] writing top-level names to myrobot_controller.egg-info/top_level.txt
[1.164s] writing manifest file 'myrobot_controller.egg-info/SOURCES.txt'
[1.165s] reading manifest file 'myrobot_controller.egg-info/SOURCES.txt'
[1.165s] writing manifest file 'myrobot_controller.egg-info/SOURCES.txt'
[1.185s] [ 50%] Built target ament_cmake_python_build_myrobot_controller_egg
[6.304s] [100%] [32m[1mLinking CXX executable simple_controller[0m
[6.540s] [100%] Built target simple_controller
[6.577s] Invoked command in '/home/furry/Desktop/gazebo_simulation/build/myrobot_controller' returned '0': CMAKE_PREFIX_PATH=${CMAKE_PREFIX_PATH}:/home/furry/Desktop/gazebo_simulation/install/laser:/opt/ros/humble /usr/bin/cmake --build /home/furry/Desktop/gazebo_simulation/build/myrobot_controller -- -j24 -l24
[6.579s] Invoking command in '/home/furry/Desktop/gazebo_simulation/build/myrobot_controller': CMAKE_PREFIX_PATH=${CMAKE_PREFIX_PATH}:/home/furry/Desktop/gazebo_simulation/install/laser:/opt/ros/humble /usr/bin/cmake --install /home/furry/Desktop/gazebo_simulation/build/myrobot_controller
[6.587s] -- Install configuration: ""
[6.587s] -- Execute custom install script
[6.587s] -- Symlinking: /home/furry/Desktop/gazebo_simulation/install/myrobot_controller/share/myrobot_controller/environment/pythonpath.sh
[6.598s] -- Symlinking: /home/furry/Desktop/gazebo_simulation/install/myrobot_controller/share/myrobot_controller/environment/pythonpath.dsv
[6.607s] -- Symlinking: /home/furry/Desktop/gazebo_simulation/install/myrobot_controller/local/lib/python3.10/dist-packages/myrobot_controller-0.0.0-py3.10.egg-info/PKG-INFO
[6.615s] -- Symlinking: /home/furry/Desktop/gazebo_simulation/install/myrobot_controller/local/lib/python3.10/dist-packages/myrobot_controller-0.0.0-py3.10.egg-info/SOURCES.txt
[6.623s] -- Symlinking: /home/furry/Desktop/gazebo_simulation/install/myrobot_controller/local/lib/python3.10/dist-packages/myrobot_controller-0.0.0-py3.10.egg-info/dependency_links.txt
[6.632s] -- Symlinking: /home/furry/Desktop/gazebo_simulation/install/myrobot_controller/local/lib/python3.10/dist-packages/myrobot_controller-0.0.0-py3.10.egg-info/top_level.txt
[6.640s] -- Symlinking: /home/furry/Desktop/gazebo_simulation/install/myrobot_controller/local/lib/python3.10/dist-packages/myrobot_controller/__init__.py
[6.648s] -- Symlinking: /home/furry/Desktop/gazebo_simulation/install/myrobot_controller/local/lib/python3.10/dist-packages/myrobot_controller/read_imu_yaw.py
[6.656s] -- Symlinking: /home/furry/Desktop/gazebo_simulation/install/myrobot_controller/local/lib/python3.10/dist-packages/myrobot_controller/read_laser copy.py
[6.664s] -- Symlinking: /home/furry/Desktop/gazebo_simulation/install/myrobot_controller/local/lib/python3.10/dist-packages/myrobot_controller/read_laser.py
[6.672s] -- Symlinking: /home/furry/Desktop/gazebo_simulation/install/myrobot_controller/local/lib/python3.10/dist-packages/myrobot_controller/simple_controller.py
[6.680s] -- Symlinking: /home/furry/Desktop/gazebo_simulation/install/myrobot_controller/local/lib/python3.10/dist-packages/myrobot_controller/test_cmd.py
[6.693s] -- Symlinking: /home/furry/Desktop/gazebo_simulation/install/myrobot_controller/include/include/myrobot_controller/simple_controller.hpp
[6.701s] -- Symlinking: /home/furry/Desktop/gazebo_simulation/install/myrobot_controller/lib/myrobot_controller/simple_controller
[6.706s] -- Symlinking: /home/furry/Desktop/gazebo_simulation/install/myrobot_controller/share/myrobot_controller/config/joy_config.yaml
[6.712s] -- Symlinking: /home/furry/Desktop/gazebo_simulation/install/myrobot_controller/share/myrobot_controller/config/joy_teleop.yaml
[6.718s] -- Symlinking: /home/furry/Desktop/gazebo_simulation/install/myrobot_controller/share/myrobot_controller/config/myrobot_controllers.yaml
[6.731s] -- Symlinking: /home/furry/Desktop/gazebo_simulation/install/myrobot_controller/share/myrobot_controller/launch/controller.launch.py
[6.741s] -- Symlinking: /home/furry/Desktop/gazebo_simulation/install/myrobot_controller/share/myrobot_controller/launch/joystick_teleop.launch.py
[6.750s] -- Symlinking: /home/furry/Desktop/gazebo_simulation/install/myrobot_controller/lib/myrobot_controller/simple_controller.py
[6.758s] -- Symlinking: /home/furry/Desktop/gazebo_simulation/install/myrobot_controller/share/ament_index/resource_index/package_run_dependencies/myrobot_controller
[6.768s] -- Symlinking: /home/furry/Desktop/gazebo_simulation/install/myrobot_controller/share/ament_index/resource_index/parent_prefix_path/myrobot_controller
[6.778s] -- Symlinking: /home/furry/Desktop/gazebo_simulation/install/myrobot_controller/share/myrobot_controller/environment/ament_prefix_path.sh
[6.788s] -- Symlinking: /home/furry/Desktop/gazebo_simulation/install/myrobot_controller/share/myrobot_controller/environment/ament_prefix_path.dsv
[6.796s] -- Symlinking: /home/furry/Desktop/gazebo_simulation/install/myrobot_controller/share/myrobot_controller/environment/path.sh
[6.803s] -- Symlinking: /home/furry/Desktop/gazebo_simulation/install/myrobot_controller/share/myrobot_controller/environment/path.dsv
[6.811s] -- Symlinking: /home/furry/Desktop/gazebo_simulation/install/myrobot_controller/share/myrobot_controller/local_setup.bash
[6.817s] -- Symlinking: /home/furry/Desktop/gazebo_simulation/install/myrobot_controller/share/myrobot_controller/local_setup.sh
[6.825s] -- Symlinking: /home/furry/Desktop/gazebo_simulation/install/myrobot_controller/share/myrobot_controller/local_setup.zsh
[6.831s] -- Symlinking: /home/furry/Desktop/gazebo_simulation/install/myrobot_controller/share/myrobot_controller/local_setup.dsv
[6.837s] -- Symlinking: /home/furry/Desktop/gazebo_simulation/install/myrobot_controller/share/myrobot_controller/package.dsv
[6.845s] -- Symlinking: /home/furry/Desktop/gazebo_simulation/install/myrobot_controller/share/ament_index/resource_index/packages/myrobot_controller
[6.853s] -- Symlinking: /home/furry/Desktop/gazebo_simulation/install/myrobot_controller/share/myrobot_controller/cmake/myrobot_controllerConfig.cmake
[6.860s] -- Symlinking: /home/furry/Desktop/gazebo_simulation/install/myrobot_controller/share/myrobot_controller/cmake/myrobot_controllerConfig-version.cmake
[6.870s] -- Symlinking: /home/furry/Desktop/gazebo_simulation/install/myrobot_controller/share/myrobot_controller/package.xml
[6.904s] Listing '/home/furry/Desktop/gazebo_simulation/install/myrobot_controller/local/lib/python3.10/dist-packages/myrobot_controller'...
[6.909s] Invoked command in '/home/furry/Desktop/gazebo_simulation/build/myrobot_controller' returned '0': CMAKE_PREFIX_PATH=${CMAKE_PREFIX_PATH}:/home/furry/Desktop/gazebo_simulation/install/laser:/opt/ros/humble /usr/bin/cmake --install /home/furry/Desktop/gazebo_simulation/build/myrobot_controller
