[0.355s] Invoking command in '/home/furry/Desktop/gazebo_simulation/src/laser': PYTHONPATH=/home/furry/Desktop/gazebo_simulation/src/build/laser/prefix_override:/usr/lib/python3/dist-packages/colcon_core/task/python/colcon_distutils_commands:/home/furry/Desktop/gazebo_simulation/src/install/laser/lib/python3.10/site-packages:${PYTHONPATH} /usr/bin/python3 -W ignore:setup.py install is deprecated -W ignore:easy_install command is deprecated setup.py egg_info --egg-base ../build/laser build --build-base /home/furry/Desktop/gazebo_simulation/src/build/laser/build install --record /home/furry/Desktop/gazebo_simulation/src/build/laser/install.log --single-version-externally-managed install_data
[0.470s] running egg_info
[0.470s] writing ../build/laser/laser.egg-info/PKG-INFO
[0.470s] writing dependency_links to ../build/laser/laser.egg-info/dependency_links.txt
[0.470s] writing entry points to ../build/laser/laser.egg-info/entry_points.txt
[0.470s] writing requirements to ../build/laser/laser.egg-info/requires.txt
[0.470s] writing top-level names to ../build/laser/laser.egg-info/top_level.txt
[0.471s] reading manifest file '../build/laser/laser.egg-info/SOURCES.txt'
[0.472s] writing manifest file '../build/laser/laser.egg-info/SOURCES.txt'
[0.472s] running build
[0.472s] running build_py
[0.472s] running install
[0.472s] running install_lib
[0.473s] running install_data
[0.473s] running install_egg_info
[0.474s] removing '/home/furry/Desktop/gazebo_simulation/src/install/laser/lib/python3.10/site-packages/laser-0.0.0-py3.10.egg-info' (and everything under it)
[0.474s] Copying ../build/laser/laser.egg-info to /home/furry/Desktop/gazebo_simulation/src/install/laser/lib/python3.10/site-packages/laser-0.0.0-py3.10.egg-info
[0.474s] running install_scripts
[0.488s] Installing laser script to /home/furry/Desktop/gazebo_simulation/src/install/laser/lib/laser
[0.488s] writing list of installed files to '/home/furry/Desktop/gazebo_simulation/src/build/laser/install.log'
[0.502s] Invoked command in '/home/furry/Desktop/gazebo_simulation/src/laser' returned '0': PYTHONPATH=/home/furry/Desktop/gazebo_simulation/src/build/laser/prefix_override:/usr/lib/python3/dist-packages/colcon_core/task/python/colcon_distutils_commands:/home/furry/Desktop/gazebo_simulation/src/install/laser/lib/python3.10/site-packages:${PYTHONPATH} /usr/bin/python3 -W ignore:setup.py install is deprecated -W ignore:easy_install command is deprecated setup.py egg_info --egg-base ../build/laser build --build-base /home/furry/Desktop/gazebo_simulation/src/build/laser/build install --record /home/furry/Desktop/gazebo_simulation/src/build/laser/install.log --single-version-externally-managed install_data
