[0.056s] DEBUG:colcon:Command line arguments: ['/usr/bin/colcon', 'build']
[0.056s] DEBUG:colcon:Parsed command line arguments: Namespace(log_base=None, log_level=None, verb_name='build', build_base='build', install_base='install', merge_install=False, symlink_install=False, test_result_base=None, continue_on_error=False, executor='parallel', parallel_workers=24, event_handlers=None, ignore_user_meta=False, metas=['./colcon.meta'], base_paths=['.'], packages_ignore=None, packages_ignore_regex=None, paths=None, packages_up_to=None, packages_up_to_regex=None, packages_above=None, packages_above_and_dependencies=None, packages_above_depth=None, packages_select_by_dep=None, packages_skip_by_dep=None, packages_skip_up_to=None, packages_select_build_failed=False, packages_skip_build_finished=False, packages_select_test_failures=False, packages_skip_test_passed=False, packages_select=None, packages_skip=None, packages_select_regex=None, packages_skip_regex=None, packages_start=None, packages_end=None, allow_overriding=[], cmake_args=None, cmake_target=None, cmake_target_skip_unavailable=False, cmake_clean_cache=False, cmake_clean_first=False, cmake_force_configure=False, ament_cmake_args=None, catkin_cmake_args=None, catkin_skip_building_tests=False, verb_parser=<colcon_defaults.argument_parser.defaults.DefaultArgumentsDecorator object at 0x7d8d8981b8b0>, verb_extension=<colcon_core.verb.build.BuildVerb object at 0x7d8d899513c0>, main=<bound method BuildVerb.main of <colcon_core.verb.build.BuildVerb object at 0x7d8d899513c0>>)
[0.135s] Level 1:colcon.colcon_core.package_discovery:discover_packages(colcon_meta) check parameters
[0.135s] Level 1:colcon.colcon_core.package_discovery:discover_packages(recursive) check parameters
[0.135s] Level 1:colcon.colcon_core.package_discovery:discover_packages(ignore) check parameters
[0.135s] Level 1:colcon.colcon_core.package_discovery:discover_packages(path) check parameters
[0.135s] Level 1:colcon.colcon_core.package_discovery:discover_packages(colcon_meta) discover
[0.135s] Level 1:colcon.colcon_core.package_discovery:discover_packages(recursive) discover
[0.135s] INFO:colcon.colcon_core.package_discovery:Crawling recursively for packages in '/home/furry/Desktop/gazebo_simulation'
[0.135s] Level 1:colcon.colcon_core.package_identification:_identify(.) by extensions ['ignore', 'ignore_ament_install']
[0.135s] Level 1:colcon.colcon_core.package_identification:_identify(.) by extension 'ignore'
[0.135s] Level 1:colcon.colcon_core.package_identification:_identify(.) by extension 'ignore_ament_install'
[0.135s] Level 1:colcon.colcon_core.package_identification:_identify(.) by extensions ['colcon_pkg']
[0.135s] Level 1:colcon.colcon_core.package_identification:_identify(.) by extension 'colcon_pkg'
[0.135s] Level 1:colcon.colcon_core.package_identification:_identify(.) by extensions ['colcon_meta']
[0.135s] Level 1:colcon.colcon_core.package_identification:_identify(.) by extension 'colcon_meta'
[0.136s] Level 1:colcon.colcon_core.package_identification:_identify(.) by extensions ['ros']
[0.136s] Level 1:colcon.colcon_core.package_identification:_identify(.) by extension 'ros'
[0.142s] Level 1:colcon.colcon_core.package_identification:_identify(.) by extensions ['cmake', 'python']
[0.142s] Level 1:colcon.colcon_core.package_identification:_identify(.) by extension 'cmake'
[0.142s] Level 1:colcon.colcon_core.package_identification:_identify(.) by extension 'python'
[0.142s] Level 1:colcon.colcon_core.package_identification:_identify(.) by extensions ['python_setup_py']
[0.142s] Level 1:colcon.colcon_core.package_identification:_identify(.) by extension 'python_setup_py'
[0.143s] Level 1:colcon.colcon_core.package_identification:_identify(build) by extensions ['ignore', 'ignore_ament_install']
[0.143s] Level 1:colcon.colcon_core.package_identification:_identify(build) by extension 'ignore'
[0.143s] Level 1:colcon.colcon_core.package_identification:_identify(build) ignored
[0.143s] Level 1:colcon.colcon_core.package_identification:_identify(install) by extensions ['ignore', 'ignore_ament_install']
[0.143s] Level 1:colcon.colcon_core.package_identification:_identify(install) by extension 'ignore'
[0.143s] Level 1:colcon.colcon_core.package_identification:_identify(install) ignored
[0.143s] Level 1:colcon.colcon_core.package_identification:_identify(log) by extensions ['ignore', 'ignore_ament_install']
[0.143s] Level 1:colcon.colcon_core.package_identification:_identify(log) by extension 'ignore'
[0.143s] Level 1:colcon.colcon_core.package_identification:_identify(log) ignored
[0.143s] Level 1:colcon.colcon_core.package_identification:_identify(src) by extensions ['ignore', 'ignore_ament_install']
[0.143s] Level 1:colcon.colcon_core.package_identification:_identify(src) by extension 'ignore'
[0.143s] Level 1:colcon.colcon_core.package_identification:_identify(src) by extension 'ignore_ament_install'
[0.143s] Level 1:colcon.colcon_core.package_identification:_identify(src) by extensions ['colcon_pkg']
[0.143s] Level 1:colcon.colcon_core.package_identification:_identify(src) by extension 'colcon_pkg'
[0.143s] Level 1:colcon.colcon_core.package_identification:_identify(src) by extensions ['colcon_meta']
[0.143s] Level 1:colcon.colcon_core.package_identification:_identify(src) by extension 'colcon_meta'
[0.143s] Level 1:colcon.colcon_core.package_identification:_identify(src) by extensions ['ros']
[0.143s] Level 1:colcon.colcon_core.package_identification:_identify(src) by extension 'ros'
[0.143s] Level 1:colcon.colcon_core.package_identification:_identify(src) by extensions ['cmake', 'python']
[0.143s] Level 1:colcon.colcon_core.package_identification:_identify(src) by extension 'cmake'
[0.143s] Level 1:colcon.colcon_core.package_identification:_identify(src) by extension 'python'
[0.143s] Level 1:colcon.colcon_core.package_identification:_identify(src) by extensions ['python_setup_py']
[0.143s] Level 1:colcon.colcon_core.package_identification:_identify(src) by extension 'python_setup_py'
[0.143s] Level 1:colcon.colcon_core.package_identification:_identify(src/build) by extensions ['ignore', 'ignore_ament_install']
[0.143s] Level 1:colcon.colcon_core.package_identification:_identify(src/build) by extension 'ignore'
[0.143s] Level 1:colcon.colcon_core.package_identification:_identify(src/build) ignored
[0.143s] Level 1:colcon.colcon_core.package_identification:_identify(src/install) by extensions ['ignore', 'ignore_ament_install']
[0.143s] Level 1:colcon.colcon_core.package_identification:_identify(src/install) by extension 'ignore'
[0.143s] Level 1:colcon.colcon_core.package_identification:_identify(src/install) ignored
[0.143s] Level 1:colcon.colcon_core.package_identification:_identify(src/laser) by extensions ['ignore', 'ignore_ament_install']
[0.143s] Level 1:colcon.colcon_core.package_identification:_identify(src/laser) by extension 'ignore'
[0.143s] Level 1:colcon.colcon_core.package_identification:_identify(src/laser) by extension 'ignore_ament_install'
[0.144s] Level 1:colcon.colcon_core.package_identification:_identify(src/laser) by extensions ['colcon_pkg']
[0.144s] Level 1:colcon.colcon_core.package_identification:_identify(src/laser) by extension 'colcon_pkg'
[0.144s] Level 1:colcon.colcon_core.package_identification:_identify(src/laser) by extensions ['colcon_meta']
[0.144s] Level 1:colcon.colcon_core.package_identification:_identify(src/laser) by extension 'colcon_meta'
[0.144s] Level 1:colcon.colcon_core.package_identification:_identify(src/laser) by extensions ['ros']
[0.144s] Level 1:colcon.colcon_core.package_identification:_identify(src/laser) by extension 'ros'
[0.145s] DEBUG:colcon.colcon_core.package_identification:Package 'src/laser' with type 'ros.ament_python' and name 'laser'
[0.145s] Level 1:colcon.colcon_core.package_identification:_identify(src/log) by extensions ['ignore', 'ignore_ament_install']
[0.145s] Level 1:colcon.colcon_core.package_identification:_identify(src/log) by extension 'ignore'
[0.145s] Level 1:colcon.colcon_core.package_identification:_identify(src/log) ignored
[0.145s] Level 1:colcon.colcon_core.package_identification:_identify(src/my_robot_bringup) by extensions ['ignore', 'ignore_ament_install']
[0.145s] Level 1:colcon.colcon_core.package_identification:_identify(src/my_robot_bringup) by extension 'ignore'
[0.145s] Level 1:colcon.colcon_core.package_identification:_identify(src/my_robot_bringup) by extension 'ignore_ament_install'
[0.145s] Level 1:colcon.colcon_core.package_identification:_identify(src/my_robot_bringup) by extensions ['colcon_pkg']
[0.145s] Level 1:colcon.colcon_core.package_identification:_identify(src/my_robot_bringup) by extension 'colcon_pkg'
[0.145s] Level 1:colcon.colcon_core.package_identification:_identify(src/my_robot_bringup) by extensions ['colcon_meta']
[0.145s] Level 1:colcon.colcon_core.package_identification:_identify(src/my_robot_bringup) by extension 'colcon_meta'
[0.145s] Level 1:colcon.colcon_core.package_identification:_identify(src/my_robot_bringup) by extensions ['ros']
[0.145s] Level 1:colcon.colcon_core.package_identification:_identify(src/my_robot_bringup) by extension 'ros'
[0.146s] DEBUG:colcon.colcon_core.package_identification:Package 'src/my_robot_bringup' with type 'ros.ament_cmake' and name 'my_robot_bringup'
[0.146s] Level 1:colcon.colcon_core.package_identification:_identify(src/my_robot_description) by extensions ['ignore', 'ignore_ament_install']
[0.146s] Level 1:colcon.colcon_core.package_identification:_identify(src/my_robot_description) by extension 'ignore'
[0.146s] Level 1:colcon.colcon_core.package_identification:_identify(src/my_robot_description) by extension 'ignore_ament_install'
[0.146s] Level 1:colcon.colcon_core.package_identification:_identify(src/my_robot_description) by extensions ['colcon_pkg']
[0.146s] Level 1:colcon.colcon_core.package_identification:_identify(src/my_robot_description) by extension 'colcon_pkg'
[0.146s] Level 1:colcon.colcon_core.package_identification:_identify(src/my_robot_description) by extensions ['colcon_meta']
[0.146s] Level 1:colcon.colcon_core.package_identification:_identify(src/my_robot_description) by extension 'colcon_meta'
[0.146s] Level 1:colcon.colcon_core.package_identification:_identify(src/my_robot_description) by extensions ['ros']
[0.146s] Level 1:colcon.colcon_core.package_identification:_identify(src/my_robot_description) by extension 'ros'
[0.146s] DEBUG:colcon.colcon_core.package_identification:Package 'src/my_robot_description' with type 'ros.ament_cmake' and name 'my_robot_description'
[0.146s] Level 1:colcon.colcon_core.package_identification:_identify(src/myrobot_controller) by extensions ['ignore', 'ignore_ament_install']
[0.146s] Level 1:colcon.colcon_core.package_identification:_identify(src/myrobot_controller) by extension 'ignore'
[0.146s] Level 1:colcon.colcon_core.package_identification:_identify(src/myrobot_controller) by extension 'ignore_ament_install'
[0.146s] Level 1:colcon.colcon_core.package_identification:_identify(src/myrobot_controller) by extensions ['colcon_pkg']
[0.146s] Level 1:colcon.colcon_core.package_identification:_identify(src/myrobot_controller) by extension 'colcon_pkg'
[0.146s] Level 1:colcon.colcon_core.package_identification:_identify(src/myrobot_controller) by extensions ['colcon_meta']
[0.146s] Level 1:colcon.colcon_core.package_identification:_identify(src/myrobot_controller) by extension 'colcon_meta'
[0.146s] Level 1:colcon.colcon_core.package_identification:_identify(src/myrobot_controller) by extensions ['ros']
[0.146s] Level 1:colcon.colcon_core.package_identification:_identify(src/myrobot_controller) by extension 'ros'
[0.147s] DEBUG:colcon.colcon_core.package_identification:Package 'src/myrobot_controller' with type 'ros.ament_cmake' and name 'myrobot_controller'
[0.147s] Level 1:colcon.colcon_core.package_discovery:discover_packages(recursive) using defaults
[0.147s] Level 1:colcon.colcon_core.package_discovery:discover_packages(ignore) discover
[0.147s] Level 1:colcon.colcon_core.package_discovery:discover_packages(ignore) using defaults
[0.147s] Level 1:colcon.colcon_core.package_discovery:discover_packages(path) discover
[0.147s] Level 1:colcon.colcon_core.package_discovery:discover_packages(path) using defaults
[0.158s] Level 1:colcon.colcon_core.package_discovery:discover_packages(prefix_path) check parameters
[0.158s] Level 1:colcon.colcon_core.package_discovery:discover_packages(prefix_path) discover
[0.159s] DEBUG:colcon.colcon_installed_package_information.package_discovery:Found 4 installed packages in /home/furry/Desktop/gazebo_simulation/install
[0.160s] DEBUG:colcon.colcon_installed_package_information.package_discovery:Found 282 installed packages in /opt/ros/humble
[0.166s] Level 1:colcon.colcon_core.package_discovery:discover_packages(prefix_path) using defaults
[0.184s] Level 5:colcon.colcon_core.verb:set package 'laser' build argument 'cmake_args' from command line to 'None'
[0.184s] Level 5:colcon.colcon_core.verb:set package 'laser' build argument 'cmake_target' from command line to 'None'
[0.184s] Level 5:colcon.colcon_core.verb:set package 'laser' build argument 'cmake_target_skip_unavailable' from command line to 'False'
[0.184s] Level 5:colcon.colcon_core.verb:set package 'laser' build argument 'cmake_clean_cache' from command line to 'False'
[0.184s] Level 5:colcon.colcon_core.verb:set package 'laser' build argument 'cmake_clean_first' from command line to 'False'
[0.184s] Level 5:colcon.colcon_core.verb:set package 'laser' build argument 'cmake_force_configure' from command line to 'False'
[0.184s] Level 5:colcon.colcon_core.verb:set package 'laser' build argument 'ament_cmake_args' from command line to 'None'
[0.184s] Level 5:colcon.colcon_core.verb:set package 'laser' build argument 'catkin_cmake_args' from command line to 'None'
[0.184s] Level 5:colcon.colcon_core.verb:set package 'laser' build argument 'catkin_skip_building_tests' from command line to 'False'
[0.184s] DEBUG:colcon.colcon_core.verb:Building package 'laser' with the following arguments: {'ament_cmake_args': None, 'build_base': '/home/furry/Desktop/gazebo_simulation/build/laser', 'catkin_cmake_args': None, 'catkin_skip_building_tests': False, 'cmake_args': None, 'cmake_clean_cache': False, 'cmake_clean_first': False, 'cmake_force_configure': False, 'cmake_target': None, 'cmake_target_skip_unavailable': False, 'install_base': '/home/furry/Desktop/gazebo_simulation/install/laser', 'merge_install': False, 'path': '/home/furry/Desktop/gazebo_simulation/src/laser', 'symlink_install': False, 'test_result_base': None}
[0.184s] Level 5:colcon.colcon_core.verb:set package 'my_robot_description' build argument 'cmake_args' from command line to 'None'
[0.184s] Level 5:colcon.colcon_core.verb:set package 'my_robot_description' build argument 'cmake_target' from command line to 'None'
[0.184s] Level 5:colcon.colcon_core.verb:set package 'my_robot_description' build argument 'cmake_target_skip_unavailable' from command line to 'False'
[0.184s] Level 5:colcon.colcon_core.verb:set package 'my_robot_description' build argument 'cmake_clean_cache' from command line to 'False'
[0.184s] Level 5:colcon.colcon_core.verb:set package 'my_robot_description' build argument 'cmake_clean_first' from command line to 'False'
[0.184s] Level 5:colcon.colcon_core.verb:set package 'my_robot_description' build argument 'cmake_force_configure' from command line to 'False'
[0.184s] Level 5:colcon.colcon_core.verb:set package 'my_robot_description' build argument 'ament_cmake_args' from command line to 'None'
[0.184s] Level 5:colcon.colcon_core.verb:set package 'my_robot_description' build argument 'catkin_cmake_args' from command line to 'None'
[0.184s] Level 5:colcon.colcon_core.verb:set package 'my_robot_description' build argument 'catkin_skip_building_tests' from command line to 'False'
[0.184s] DEBUG:colcon.colcon_core.verb:Building package 'my_robot_description' with the following arguments: {'ament_cmake_args': None, 'build_base': '/home/furry/Desktop/gazebo_simulation/build/my_robot_description', 'catkin_cmake_args': None, 'catkin_skip_building_tests': False, 'cmake_args': None, 'cmake_clean_cache': False, 'cmake_clean_first': False, 'cmake_force_configure': False, 'cmake_target': None, 'cmake_target_skip_unavailable': False, 'install_base': '/home/furry/Desktop/gazebo_simulation/install/my_robot_description', 'merge_install': False, 'path': '/home/furry/Desktop/gazebo_simulation/src/my_robot_description', 'symlink_install': False, 'test_result_base': None}
[0.185s] Level 5:colcon.colcon_core.verb:set package 'myrobot_controller' build argument 'cmake_args' from command line to 'None'
[0.185s] Level 5:colcon.colcon_core.verb:set package 'myrobot_controller' build argument 'cmake_target' from command line to 'None'
[0.185s] Level 5:colcon.colcon_core.verb:set package 'myrobot_controller' build argument 'cmake_target_skip_unavailable' from command line to 'False'
[0.185s] Level 5:colcon.colcon_core.verb:set package 'myrobot_controller' build argument 'cmake_clean_cache' from command line to 'False'
[0.185s] Level 5:colcon.colcon_core.verb:set package 'myrobot_controller' build argument 'cmake_clean_first' from command line to 'False'
[0.185s] Level 5:colcon.colcon_core.verb:set package 'myrobot_controller' build argument 'cmake_force_configure' from command line to 'False'
[0.185s] Level 5:colcon.colcon_core.verb:set package 'myrobot_controller' build argument 'ament_cmake_args' from command line to 'None'
[0.185s] Level 5:colcon.colcon_core.verb:set package 'myrobot_controller' build argument 'catkin_cmake_args' from command line to 'None'
[0.185s] Level 5:colcon.colcon_core.verb:set package 'myrobot_controller' build argument 'catkin_skip_building_tests' from command line to 'False'
[0.185s] DEBUG:colcon.colcon_core.verb:Building package 'myrobot_controller' with the following arguments: {'ament_cmake_args': None, 'build_base': '/home/furry/Desktop/gazebo_simulation/build/myrobot_controller', 'catkin_cmake_args': None, 'catkin_skip_building_tests': False, 'cmake_args': None, 'cmake_clean_cache': False, 'cmake_clean_first': False, 'cmake_force_configure': False, 'cmake_target': None, 'cmake_target_skip_unavailable': False, 'install_base': '/home/furry/Desktop/gazebo_simulation/install/myrobot_controller', 'merge_install': False, 'path': '/home/furry/Desktop/gazebo_simulation/src/myrobot_controller', 'symlink_install': False, 'test_result_base': None}
[0.185s] Level 5:colcon.colcon_core.verb:set package 'my_robot_bringup' build argument 'cmake_args' from command line to 'None'
[0.185s] Level 5:colcon.colcon_core.verb:set package 'my_robot_bringup' build argument 'cmake_target' from command line to 'None'
[0.185s] Level 5:colcon.colcon_core.verb:set package 'my_robot_bringup' build argument 'cmake_target_skip_unavailable' from command line to 'False'
[0.185s] Level 5:colcon.colcon_core.verb:set package 'my_robot_bringup' build argument 'cmake_clean_cache' from command line to 'False'
[0.185s] Level 5:colcon.colcon_core.verb:set package 'my_robot_bringup' build argument 'cmake_clean_first' from command line to 'False'
[0.185s] Level 5:colcon.colcon_core.verb:set package 'my_robot_bringup' build argument 'cmake_force_configure' from command line to 'False'
[0.185s] Level 5:colcon.colcon_core.verb:set package 'my_robot_bringup' build argument 'ament_cmake_args' from command line to 'None'
[0.185s] Level 5:colcon.colcon_core.verb:set package 'my_robot_bringup' build argument 'catkin_cmake_args' from command line to 'None'
[0.185s] Level 5:colcon.colcon_core.verb:set package 'my_robot_bringup' build argument 'catkin_skip_building_tests' from command line to 'False'
[0.185s] DEBUG:colcon.colcon_core.verb:Building package 'my_robot_bringup' with the following arguments: {'ament_cmake_args': None, 'build_base': '/home/furry/Desktop/gazebo_simulation/build/my_robot_bringup', 'catkin_cmake_args': None, 'catkin_skip_building_tests': False, 'cmake_args': None, 'cmake_clean_cache': False, 'cmake_clean_first': False, 'cmake_force_configure': False, 'cmake_target': None, 'cmake_target_skip_unavailable': False, 'install_base': '/home/furry/Desktop/gazebo_simulation/install/my_robot_bringup', 'merge_install': False, 'path': '/home/furry/Desktop/gazebo_simulation/src/my_robot_bringup', 'symlink_install': False, 'test_result_base': None}
[0.185s] INFO:colcon.colcon_core.executor:Executing jobs using 'parallel' executor
[0.186s] DEBUG:colcon.colcon_parallel_executor.executor.parallel:run_until_complete
[0.186s] INFO:colcon.colcon_ros.task.ament_cmake.build:Building ROS package in '/home/furry/Desktop/gazebo_simulation/src/my_robot_description' with build type 'ament_cmake'
[0.186s] INFO:colcon.colcon_cmake.task.cmake.build:Building CMake package in '/home/furry/Desktop/gazebo_simulation/src/my_robot_description'
[0.188s] INFO:colcon.colcon_core.plugin_system:Skipping extension 'colcon_core.shell.bat': Not used on non-Windows systems
[0.188s] INFO:colcon.colcon_core.shell:Skip shell extension 'powershell' for command environment: Not usable outside of PowerShell
[0.188s] DEBUG:colcon.colcon_core.shell:Skip shell extension 'dsv' for command environment
[0.190s] INFO:colcon.colcon_ros.task.ament_python.build:Building ROS package in '/home/furry/Desktop/gazebo_simulation/src/laser' with build type 'ament_python'
[0.190s] Level 1:colcon.colcon_core.shell:create_environment_hook('laser', 'ament_prefix_path')
[0.190s] INFO:colcon.colcon_core.shell:Creating environment hook '/home/furry/Desktop/gazebo_simulation/install/laser/share/laser/hook/ament_prefix_path.ps1'
[0.191s] INFO:colcon.colcon_core.shell:Creating environment descriptor '/home/furry/Desktop/gazebo_simulation/install/laser/share/laser/hook/ament_prefix_path.dsv'
[0.191s] INFO:colcon.colcon_core.shell:Creating environment hook '/home/furry/Desktop/gazebo_simulation/install/laser/share/laser/hook/ament_prefix_path.sh'
[0.191s] INFO:colcon.colcon_core.shell:Skip shell extension 'powershell' for command environment: Not usable outside of PowerShell
[0.191s] DEBUG:colcon.colcon_core.shell:Skip shell extension 'dsv' for command environment
[0.193s] INFO:colcon.colcon_ros.task.ament_cmake.build:Building ROS package in '/home/furry/Desktop/gazebo_simulation/src/myrobot_controller' with build type 'ament_cmake'
[0.193s] INFO:colcon.colcon_cmake.task.cmake.build:Building CMake package in '/home/furry/Desktop/gazebo_simulation/src/myrobot_controller'
[0.193s] INFO:colcon.colcon_core.shell:Skip shell extension 'powershell' for command environment: Not usable outside of PowerShell
[0.193s] DEBUG:colcon.colcon_core.shell:Skip shell extension 'dsv' for command environment
[0.199s] DEBUG:colcon.colcon_core.event_handler.log_command:Invoking command in '/home/furry/Desktop/gazebo_simulation/build/my_robot_description': CMAKE_PREFIX_PATH=${CMAKE_PREFIX_PATH}:/home/furry/Desktop/gazebo_simulation/install/laser:/opt/ros/humble /usr/bin/cmake --build /home/furry/Desktop/gazebo_simulation/build/my_robot_description -- -j24 -l24
[0.348s] INFO:colcon.colcon_core.task.python.build:Building Python package in '/home/furry/Desktop/gazebo_simulation/src/laser'
[0.349s] INFO:colcon.colcon_core.shell:Skip shell extension 'powershell' for command environment: Not usable outside of PowerShell
[0.349s] DEBUG:colcon.colcon_core.shell:Skip shell extension 'dsv' for command environment
[0.354s] DEBUG:colcon.colcon_core.event_handler.log_command:Invoking command in '/home/furry/Desktop/gazebo_simulation/build/myrobot_controller': CMAKE_PREFIX_PATH=${CMAKE_PREFIX_PATH}:/home/furry/Desktop/gazebo_simulation/install/laser:/opt/ros/humble /usr/bin/cmake --build /home/furry/Desktop/gazebo_simulation/build/myrobot_controller -- -j24 -l24
[0.354s] DEBUG:colcon.colcon_core.event_handler.log_command:Invoked command in '/home/furry/Desktop/gazebo_simulation/build/my_robot_description' returned '0': CMAKE_PREFIX_PATH=${CMAKE_PREFIX_PATH}:/home/furry/Desktop/gazebo_simulation/install/laser:/opt/ros/humble /usr/bin/cmake --build /home/furry/Desktop/gazebo_simulation/build/my_robot_description -- -j24 -l24
[0.361s] DEBUG:colcon.colcon_core.event_handler.log_command:Invoking command in '/home/furry/Desktop/gazebo_simulation/build/my_robot_description': CMAKE_PREFIX_PATH=${CMAKE_PREFIX_PATH}:/home/furry/Desktop/gazebo_simulation/install/laser:/opt/ros/humble /usr/bin/cmake --install /home/furry/Desktop/gazebo_simulation/build/my_robot_description
[0.372s] Level 1:colcon.colcon_core.environment:create_environment_scripts_only(my_robot_description)
[0.372s] DEBUG:colcon.colcon_core.event_handler.log_command:Invoked command in '/home/furry/Desktop/gazebo_simulation/build/my_robot_description' returned '0': CMAKE_PREFIX_PATH=${CMAKE_PREFIX_PATH}:/home/furry/Desktop/gazebo_simulation/install/laser:/opt/ros/humble /usr/bin/cmake --install /home/furry/Desktop/gazebo_simulation/build/my_robot_description
[0.375s] Level 1:colcon.colcon_core.environment:checking '/home/furry/Desktop/gazebo_simulation/install/my_robot_description' for CMake module files
[0.375s] Level 1:colcon.colcon_core.environment:checking '/home/furry/Desktop/gazebo_simulation/install/my_robot_description' for CMake config files
[0.376s] Level 1:colcon.colcon_core.shell:create_environment_hook('my_robot_description', 'cmake_prefix_path')
[0.376s] INFO:colcon.colcon_core.shell:Creating environment hook '/home/furry/Desktop/gazebo_simulation/install/my_robot_description/share/my_robot_description/hook/cmake_prefix_path.ps1'
[0.377s] INFO:colcon.colcon_core.shell:Creating environment descriptor '/home/furry/Desktop/gazebo_simulation/install/my_robot_description/share/my_robot_description/hook/cmake_prefix_path.dsv'
[0.377s] INFO:colcon.colcon_core.shell:Creating environment hook '/home/furry/Desktop/gazebo_simulation/install/my_robot_description/share/my_robot_description/hook/cmake_prefix_path.sh'
[0.378s] Level 1:colcon.colcon_core.environment:checking '/home/furry/Desktop/gazebo_simulation/install/my_robot_description/bin'
[0.378s] Level 1:colcon.colcon_core.environment:checking '/home/furry/Desktop/gazebo_simulation/install/my_robot_description/lib/pkgconfig/my_robot_description.pc'
[0.378s] Level 1:colcon.colcon_core.environment:checking '/home/furry/Desktop/gazebo_simulation/install/my_robot_description/lib/python3.10/site-packages'
[0.378s] Level 1:colcon.colcon_core.environment:checking '/home/furry/Desktop/gazebo_simulation/install/my_robot_description/bin'
[0.379s] INFO:colcon.colcon_core.shell:Creating package script '/home/furry/Desktop/gazebo_simulation/install/my_robot_description/share/my_robot_description/package.ps1'
[0.379s] INFO:colcon.colcon_core.shell:Creating package descriptor '/home/furry/Desktop/gazebo_simulation/install/my_robot_description/share/my_robot_description/package.dsv'
[0.380s] INFO:colcon.colcon_core.shell:Creating package script '/home/furry/Desktop/gazebo_simulation/install/my_robot_description/share/my_robot_description/package.sh'
[0.381s] INFO:colcon.colcon_core.shell:Creating package script '/home/furry/Desktop/gazebo_simulation/install/my_robot_description/share/my_robot_description/package.bash'
[0.381s] INFO:colcon.colcon_core.shell:Creating package script '/home/furry/Desktop/gazebo_simulation/install/my_robot_description/share/my_robot_description/package.zsh'
[0.382s] Level 1:colcon.colcon_core.environment:create_file_with_runtime_dependencies(/home/furry/Desktop/gazebo_simulation/install/my_robot_description/share/colcon-core/packages/my_robot_description)
[0.383s] Level 1:colcon.colcon_core.environment:create_environment_scripts_only(my_robot_description)
[0.383s] Level 1:colcon.colcon_core.environment:checking '/home/furry/Desktop/gazebo_simulation/install/my_robot_description' for CMake module files
[0.384s] Level 1:colcon.colcon_core.environment:checking '/home/furry/Desktop/gazebo_simulation/install/my_robot_description' for CMake config files
[0.384s] Level 1:colcon.colcon_core.shell:create_environment_hook('my_robot_description', 'cmake_prefix_path')
[0.384s] INFO:colcon.colcon_core.shell:Creating environment hook '/home/furry/Desktop/gazebo_simulation/install/my_robot_description/share/my_robot_description/hook/cmake_prefix_path.ps1'
[0.385s] INFO:colcon.colcon_core.shell:Creating environment descriptor '/home/furry/Desktop/gazebo_simulation/install/my_robot_description/share/my_robot_description/hook/cmake_prefix_path.dsv'
[0.385s] INFO:colcon.colcon_core.shell:Creating environment hook '/home/furry/Desktop/gazebo_simulation/install/my_robot_description/share/my_robot_description/hook/cmake_prefix_path.sh'
[0.386s] Level 1:colcon.colcon_core.environment:checking '/home/furry/Desktop/gazebo_simulation/install/my_robot_description/bin'
[0.386s] Level 1:colcon.colcon_core.environment:checking '/home/furry/Desktop/gazebo_simulation/install/my_robot_description/lib/pkgconfig/my_robot_description.pc'
[0.386s] Level 1:colcon.colcon_core.environment:checking '/home/furry/Desktop/gazebo_simulation/install/my_robot_description/lib/python3.10/site-packages'
[0.386s] Level 1:colcon.colcon_core.environment:checking '/home/furry/Desktop/gazebo_simulation/install/my_robot_description/bin'
[0.386s] INFO:colcon.colcon_core.shell:Creating package script '/home/furry/Desktop/gazebo_simulation/install/my_robot_description/share/my_robot_description/package.ps1'
[0.387s] INFO:colcon.colcon_core.shell:Creating package descriptor '/home/furry/Desktop/gazebo_simulation/install/my_robot_description/share/my_robot_description/package.dsv'
[0.387s] INFO:colcon.colcon_core.shell:Creating package script '/home/furry/Desktop/gazebo_simulation/install/my_robot_description/share/my_robot_description/package.sh'
[0.387s] INFO:colcon.colcon_core.shell:Creating package script '/home/furry/Desktop/gazebo_simulation/install/my_robot_description/share/my_robot_description/package.bash'
[0.387s] INFO:colcon.colcon_core.shell:Creating package script '/home/furry/Desktop/gazebo_simulation/install/my_robot_description/share/my_robot_description/package.zsh'
[0.387s] Level 1:colcon.colcon_core.environment:create_file_with_runtime_dependencies(/home/furry/Desktop/gazebo_simulation/install/my_robot_description/share/colcon-core/packages/my_robot_description)
[0.388s] INFO:colcon.colcon_ros.task.ament_cmake.build:Building ROS package in '/home/furry/Desktop/gazebo_simulation/src/my_robot_bringup' with build type 'ament_cmake'
[0.388s] INFO:colcon.colcon_cmake.task.cmake.build:Building CMake package in '/home/furry/Desktop/gazebo_simulation/src/my_robot_bringup'
[0.388s] INFO:colcon.colcon_core.shell:Skip shell extension 'powershell' for command environment: Not usable outside of PowerShell
[0.388s] DEBUG:colcon.colcon_core.shell:Skip shell extension 'dsv' for command environment
[0.393s] DEBUG:colcon.colcon_core.event_handler.log_command:Invoking command in '/home/furry/Desktop/gazebo_simulation/build/my_robot_bringup': CMAKE_PREFIX_PATH=/home/furry/Desktop/gazebo_simulation/install/my_robot_description:/home/furry/Desktop/gazebo_simulation/install/myrobot_controller:/home/furry/Desktop/gazebo_simulation/install/my_robot_bringup:/home/furry/Desktop/gazebo_simulation/install/laser:/opt/ros/humble /usr/bin/cmake --build /home/furry/Desktop/gazebo_simulation/build/my_robot_bringup -- -j24 -l24
[0.417s] DEBUG:colcon.colcon_core.event_handler.log_command:Invoked command in '/home/furry/Desktop/gazebo_simulation/build/my_robot_bringup' returned '0': CMAKE_PREFIX_PATH=/home/furry/Desktop/gazebo_simulation/install/my_robot_description:/home/furry/Desktop/gazebo_simulation/install/myrobot_controller:/home/furry/Desktop/gazebo_simulation/install/my_robot_bringup:/home/furry/Desktop/gazebo_simulation/install/laser:/opt/ros/humble /usr/bin/cmake --build /home/furry/Desktop/gazebo_simulation/build/my_robot_bringup -- -j24 -l24
[0.418s] DEBUG:colcon.colcon_core.event_handler.log_command:Invoking command in '/home/furry/Desktop/gazebo_simulation/build/my_robot_bringup': CMAKE_PREFIX_PATH=/home/furry/Desktop/gazebo_simulation/install/my_robot_description:/home/furry/Desktop/gazebo_simulation/install/myrobot_controller:/home/furry/Desktop/gazebo_simulation/install/my_robot_bringup:/home/furry/Desktop/gazebo_simulation/install/laser:/opt/ros/humble /usr/bin/cmake --install /home/furry/Desktop/gazebo_simulation/build/my_robot_bringup
[0.424s] Level 1:colcon.colcon_core.environment:create_environment_scripts_only(my_robot_bringup)
[0.425s] Level 1:colcon.colcon_core.environment:checking '/home/furry/Desktop/gazebo_simulation/install/my_robot_bringup' for CMake module files
[0.425s] DEBUG:colcon.colcon_core.event_handler.log_command:Invoked command in '/home/furry/Desktop/gazebo_simulation/build/my_robot_bringup' returned '0': CMAKE_PREFIX_PATH=/home/furry/Desktop/gazebo_simulation/install/my_robot_description:/home/furry/Desktop/gazebo_simulation/install/myrobot_controller:/home/furry/Desktop/gazebo_simulation/install/my_robot_bringup:/home/furry/Desktop/gazebo_simulation/install/laser:/opt/ros/humble /usr/bin/cmake --install /home/furry/Desktop/gazebo_simulation/build/my_robot_bringup
[0.425s] Level 1:colcon.colcon_core.environment:checking '/home/furry/Desktop/gazebo_simulation/install/my_robot_bringup' for CMake config files
[0.425s] Level 1:colcon.colcon_core.shell:create_environment_hook('my_robot_bringup', 'cmake_prefix_path')
[0.425s] INFO:colcon.colcon_core.shell:Creating environment hook '/home/furry/Desktop/gazebo_simulation/install/my_robot_bringup/share/my_robot_bringup/hook/cmake_prefix_path.ps1'
[0.426s] INFO:colcon.colcon_core.shell:Creating environment descriptor '/home/furry/Desktop/gazebo_simulation/install/my_robot_bringup/share/my_robot_bringup/hook/cmake_prefix_path.dsv'
[0.426s] INFO:colcon.colcon_core.shell:Creating environment hook '/home/furry/Desktop/gazebo_simulation/install/my_robot_bringup/share/my_robot_bringup/hook/cmake_prefix_path.sh'
[0.426s] Level 1:colcon.colcon_core.environment:checking '/home/furry/Desktop/gazebo_simulation/install/my_robot_bringup/bin'
[0.426s] Level 1:colcon.colcon_core.environment:checking '/home/furry/Desktop/gazebo_simulation/install/my_robot_bringup/lib/pkgconfig/my_robot_bringup.pc'
[0.426s] Level 1:colcon.colcon_core.environment:checking '/home/furry/Desktop/gazebo_simulation/install/my_robot_bringup/lib/python3.10/site-packages'
[0.426s] Level 1:colcon.colcon_core.environment:checking '/home/furry/Desktop/gazebo_simulation/install/my_robot_bringup/bin'
[0.427s] INFO:colcon.colcon_core.shell:Creating package script '/home/furry/Desktop/gazebo_simulation/install/my_robot_bringup/share/my_robot_bringup/package.ps1'
[0.427s] INFO:colcon.colcon_core.shell:Creating package descriptor '/home/furry/Desktop/gazebo_simulation/install/my_robot_bringup/share/my_robot_bringup/package.dsv'
[0.427s] INFO:colcon.colcon_core.shell:Creating package script '/home/furry/Desktop/gazebo_simulation/install/my_robot_bringup/share/my_robot_bringup/package.sh'
[0.427s] INFO:colcon.colcon_core.shell:Creating package script '/home/furry/Desktop/gazebo_simulation/install/my_robot_bringup/share/my_robot_bringup/package.bash'
[0.427s] INFO:colcon.colcon_core.shell:Creating package script '/home/furry/Desktop/gazebo_simulation/install/my_robot_bringup/share/my_robot_bringup/package.zsh'
[0.427s] Level 1:colcon.colcon_core.environment:create_file_with_runtime_dependencies(/home/furry/Desktop/gazebo_simulation/install/my_robot_bringup/share/colcon-core/packages/my_robot_bringup)
[0.428s] Level 1:colcon.colcon_core.environment:create_environment_scripts_only(my_robot_bringup)
[0.428s] Level 1:colcon.colcon_core.environment:checking '/home/furry/Desktop/gazebo_simulation/install/my_robot_bringup' for CMake module files
[0.428s] Level 1:colcon.colcon_core.environment:checking '/home/furry/Desktop/gazebo_simulation/install/my_robot_bringup' for CMake config files
[0.428s] Level 1:colcon.colcon_core.shell:create_environment_hook('my_robot_bringup', 'cmake_prefix_path')
[0.428s] INFO:colcon.colcon_core.shell:Creating environment hook '/home/furry/Desktop/gazebo_simulation/install/my_robot_bringup/share/my_robot_bringup/hook/cmake_prefix_path.ps1'
[0.428s] INFO:colcon.colcon_core.shell:Creating environment descriptor '/home/furry/Desktop/gazebo_simulation/install/my_robot_bringup/share/my_robot_bringup/hook/cmake_prefix_path.dsv'
[0.429s] INFO:colcon.colcon_core.shell:Creating environment hook '/home/furry/Desktop/gazebo_simulation/install/my_robot_bringup/share/my_robot_bringup/hook/cmake_prefix_path.sh'
[0.429s] Level 1:colcon.colcon_core.environment:checking '/home/furry/Desktop/gazebo_simulation/install/my_robot_bringup/bin'
[0.429s] Level 1:colcon.colcon_core.environment:checking '/home/furry/Desktop/gazebo_simulation/install/my_robot_bringup/lib/pkgconfig/my_robot_bringup.pc'
[0.429s] Level 1:colcon.colcon_core.environment:checking '/home/furry/Desktop/gazebo_simulation/install/my_robot_bringup/lib/python3.10/site-packages'
[0.429s] Level 1:colcon.colcon_core.environment:checking '/home/furry/Desktop/gazebo_simulation/install/my_robot_bringup/bin'
[0.429s] INFO:colcon.colcon_core.shell:Creating package script '/home/furry/Desktop/gazebo_simulation/install/my_robot_bringup/share/my_robot_bringup/package.ps1'
[0.430s] INFO:colcon.colcon_core.shell:Creating package descriptor '/home/furry/Desktop/gazebo_simulation/install/my_robot_bringup/share/my_robot_bringup/package.dsv'
[0.430s] INFO:colcon.colcon_core.shell:Creating package script '/home/furry/Desktop/gazebo_simulation/install/my_robot_bringup/share/my_robot_bringup/package.sh'
[0.430s] INFO:colcon.colcon_core.shell:Creating package script '/home/furry/Desktop/gazebo_simulation/install/my_robot_bringup/share/my_robot_bringup/package.bash'
[0.430s] INFO:colcon.colcon_core.shell:Creating package script '/home/furry/Desktop/gazebo_simulation/install/my_robot_bringup/share/my_robot_bringup/package.zsh'
[0.431s] Level 1:colcon.colcon_core.environment:create_file_with_runtime_dependencies(/home/furry/Desktop/gazebo_simulation/install/my_robot_bringup/share/colcon-core/packages/my_robot_bringup)
[0.547s] DEBUG:colcon.colcon_core.event_handler.log_command:Invoked command in '/home/furry/Desktop/gazebo_simulation/build/myrobot_controller' returned '0': CMAKE_PREFIX_PATH=${CMAKE_PREFIX_PATH}:/home/furry/Desktop/gazebo_simulation/install/laser:/opt/ros/humble /usr/bin/cmake --build /home/furry/Desktop/gazebo_simulation/build/myrobot_controller -- -j24 -l24
[0.548s] DEBUG:colcon.colcon_core.event_handler.log_command:Invoking command in '/home/furry/Desktop/gazebo_simulation/build/myrobot_controller': CMAKE_PREFIX_PATH=${CMAKE_PREFIX_PATH}:/home/furry/Desktop/gazebo_simulation/install/laser:/opt/ros/humble /usr/bin/cmake --install /home/furry/Desktop/gazebo_simulation/build/myrobot_controller
[0.565s] DEBUG:colcon.colcon_core.event_handler.log_command:Invoking command in '/home/furry/Desktop/gazebo_simulation/src/laser': PYTHONPATH=/home/furry/Desktop/gazebo_simulation/build/laser/prefix_override:/usr/lib/python3/dist-packages/colcon_core/task/python/colcon_distutils_commands:/home/furry/Desktop/gazebo_simulation/install/laser/lib/python3.10/site-packages:${PYTHONPATH} /usr/bin/python3 -W ignore:setup.py install is deprecated -W ignore:easy_install command is deprecated setup.py egg_info --egg-base ../../build/laser build --build-base /home/furry/Desktop/gazebo_simulation/build/laser/build install --record /home/furry/Desktop/gazebo_simulation/build/laser/install.log --single-version-externally-managed install_data
[0.579s] Level 1:colcon.colcon_core.environment:create_environment_scripts_only(myrobot_controller)
[0.579s] Level 1:colcon.colcon_core.environment:checking '/home/furry/Desktop/gazebo_simulation/install/myrobot_controller' for CMake module files
[0.580s] DEBUG:colcon.colcon_core.event_handler.log_command:Invoked command in '/home/furry/Desktop/gazebo_simulation/build/myrobot_controller' returned '0': CMAKE_PREFIX_PATH=${CMAKE_PREFIX_PATH}:/home/furry/Desktop/gazebo_simulation/install/laser:/opt/ros/humble /usr/bin/cmake --install /home/furry/Desktop/gazebo_simulation/build/myrobot_controller
[0.580s] Level 1:colcon.colcon_core.environment:checking '/home/furry/Desktop/gazebo_simulation/install/myrobot_controller' for CMake config files
[0.580s] Level 1:colcon.colcon_core.shell:create_environment_hook('myrobot_controller', 'cmake_prefix_path')
[0.580s] INFO:colcon.colcon_core.shell:Creating environment hook '/home/furry/Desktop/gazebo_simulation/install/myrobot_controller/share/myrobot_controller/hook/cmake_prefix_path.ps1'
[0.580s] INFO:colcon.colcon_core.shell:Creating environment descriptor '/home/furry/Desktop/gazebo_simulation/install/myrobot_controller/share/myrobot_controller/hook/cmake_prefix_path.dsv'
[0.581s] INFO:colcon.colcon_core.shell:Creating environment hook '/home/furry/Desktop/gazebo_simulation/install/myrobot_controller/share/myrobot_controller/hook/cmake_prefix_path.sh'
[0.581s] Level 1:colcon.colcon_core.environment:checking '/home/furry/Desktop/gazebo_simulation/install/myrobot_controller/lib'
[0.581s] Level 1:colcon.colcon_core.environment:checking '/home/furry/Desktop/gazebo_simulation/install/myrobot_controller/bin'
[0.581s] Level 1:colcon.colcon_core.environment:checking '/home/furry/Desktop/gazebo_simulation/install/myrobot_controller/lib/pkgconfig/myrobot_controller.pc'
[0.581s] Level 1:colcon.colcon_core.environment:checking '/home/furry/Desktop/gazebo_simulation/install/myrobot_controller/lib/python3.10/site-packages'
[0.581s] Level 1:colcon.colcon_core.environment:checking '/home/furry/Desktop/gazebo_simulation/install/myrobot_controller/bin'
[0.581s] INFO:colcon.colcon_core.shell:Creating package script '/home/furry/Desktop/gazebo_simulation/install/myrobot_controller/share/myrobot_controller/package.ps1'
[0.582s] INFO:colcon.colcon_core.shell:Creating package descriptor '/home/furry/Desktop/gazebo_simulation/install/myrobot_controller/share/myrobot_controller/package.dsv'
[0.582s] INFO:colcon.colcon_core.shell:Creating package script '/home/furry/Desktop/gazebo_simulation/install/myrobot_controller/share/myrobot_controller/package.sh'
[0.582s] INFO:colcon.colcon_core.shell:Creating package script '/home/furry/Desktop/gazebo_simulation/install/myrobot_controller/share/myrobot_controller/package.bash'
[0.582s] INFO:colcon.colcon_core.shell:Creating package script '/home/furry/Desktop/gazebo_simulation/install/myrobot_controller/share/myrobot_controller/package.zsh'
[0.582s] Level 1:colcon.colcon_core.environment:create_file_with_runtime_dependencies(/home/furry/Desktop/gazebo_simulation/install/myrobot_controller/share/colcon-core/packages/myrobot_controller)
[0.583s] Level 1:colcon.colcon_core.environment:create_environment_scripts_only(myrobot_controller)
[0.583s] Level 1:colcon.colcon_core.environment:checking '/home/furry/Desktop/gazebo_simulation/install/myrobot_controller' for CMake module files
[0.583s] Level 1:colcon.colcon_core.environment:checking '/home/furry/Desktop/gazebo_simulation/install/myrobot_controller' for CMake config files
[0.583s] Level 1:colcon.colcon_core.shell:create_environment_hook('myrobot_controller', 'cmake_prefix_path')
[0.583s] INFO:colcon.colcon_core.shell:Creating environment hook '/home/furry/Desktop/gazebo_simulation/install/myrobot_controller/share/myrobot_controller/hook/cmake_prefix_path.ps1'
[0.583s] INFO:colcon.colcon_core.shell:Creating environment descriptor '/home/furry/Desktop/gazebo_simulation/install/myrobot_controller/share/myrobot_controller/hook/cmake_prefix_path.dsv'
[0.584s] INFO:colcon.colcon_core.shell:Creating environment hook '/home/furry/Desktop/gazebo_simulation/install/myrobot_controller/share/myrobot_controller/hook/cmake_prefix_path.sh'
[0.584s] Level 1:colcon.colcon_core.environment:checking '/home/furry/Desktop/gazebo_simulation/install/myrobot_controller/lib'
[0.584s] Level 1:colcon.colcon_core.environment:checking '/home/furry/Desktop/gazebo_simulation/install/myrobot_controller/bin'
[0.584s] Level 1:colcon.colcon_core.environment:checking '/home/furry/Desktop/gazebo_simulation/install/myrobot_controller/lib/pkgconfig/myrobot_controller.pc'
[0.584s] Level 1:colcon.colcon_core.environment:checking '/home/furry/Desktop/gazebo_simulation/install/myrobot_controller/lib/python3.10/site-packages'
[0.584s] Level 1:colcon.colcon_core.environment:checking '/home/furry/Desktop/gazebo_simulation/install/myrobot_controller/bin'
[0.584s] INFO:colcon.colcon_core.shell:Creating package script '/home/furry/Desktop/gazebo_simulation/install/myrobot_controller/share/myrobot_controller/package.ps1'
[0.585s] INFO:colcon.colcon_core.shell:Creating package descriptor '/home/furry/Desktop/gazebo_simulation/install/myrobot_controller/share/myrobot_controller/package.dsv'
[0.585s] INFO:colcon.colcon_core.shell:Creating package script '/home/furry/Desktop/gazebo_simulation/install/myrobot_controller/share/myrobot_controller/package.sh'
[0.585s] INFO:colcon.colcon_core.shell:Creating package script '/home/furry/Desktop/gazebo_simulation/install/myrobot_controller/share/myrobot_controller/package.bash'
[0.585s] INFO:colcon.colcon_core.shell:Creating package script '/home/furry/Desktop/gazebo_simulation/install/myrobot_controller/share/myrobot_controller/package.zsh'
[0.586s] Level 1:colcon.colcon_core.environment:create_file_with_runtime_dependencies(/home/furry/Desktop/gazebo_simulation/install/myrobot_controller/share/colcon-core/packages/myrobot_controller)
[0.724s] Level 1:colcon.colcon_core.environment:checking '/home/furry/Desktop/gazebo_simulation/install/laser' for CMake module files
[0.724s] DEBUG:colcon.colcon_core.event_handler.log_command:Invoked command in '/home/furry/Desktop/gazebo_simulation/src/laser' returned '0': PYTHONPATH=/home/furry/Desktop/gazebo_simulation/build/laser/prefix_override:/usr/lib/python3/dist-packages/colcon_core/task/python/colcon_distutils_commands:/home/furry/Desktop/gazebo_simulation/install/laser/lib/python3.10/site-packages:${PYTHONPATH} /usr/bin/python3 -W ignore:setup.py install is deprecated -W ignore:easy_install command is deprecated setup.py egg_info --egg-base ../../build/laser build --build-base /home/furry/Desktop/gazebo_simulation/build/laser/build install --record /home/furry/Desktop/gazebo_simulation/build/laser/install.log --single-version-externally-managed install_data
[0.724s] Level 1:colcon.colcon_core.environment:checking '/home/furry/Desktop/gazebo_simulation/install/laser' for CMake config files
[0.725s] Level 1:colcon.colcon_core.environment:checking '/home/furry/Desktop/gazebo_simulation/install/laser/lib'
[0.725s] Level 1:colcon.colcon_core.environment:checking '/home/furry/Desktop/gazebo_simulation/install/laser/bin'
[0.725s] Level 1:colcon.colcon_core.environment:checking '/home/furry/Desktop/gazebo_simulation/install/laser/lib/pkgconfig/laser.pc'
[0.725s] Level 1:colcon.colcon_core.environment:checking '/home/furry/Desktop/gazebo_simulation/install/laser/lib/python3.10/site-packages'
[0.725s] Level 1:colcon.colcon_core.shell:create_environment_hook('laser', 'pythonpath')
[0.725s] INFO:colcon.colcon_core.shell:Creating environment hook '/home/furry/Desktop/gazebo_simulation/install/laser/share/laser/hook/pythonpath.ps1'
[0.726s] INFO:colcon.colcon_core.shell:Creating environment descriptor '/home/furry/Desktop/gazebo_simulation/install/laser/share/laser/hook/pythonpath.dsv'
[0.726s] INFO:colcon.colcon_core.shell:Creating environment hook '/home/furry/Desktop/gazebo_simulation/install/laser/share/laser/hook/pythonpath.sh'
[0.726s] Level 1:colcon.colcon_core.environment:checking '/home/furry/Desktop/gazebo_simulation/install/laser/bin'
[0.726s] Level 1:colcon.colcon_core.environment:create_environment_scripts_only(laser)
[0.726s] INFO:colcon.colcon_core.shell:Creating package script '/home/furry/Desktop/gazebo_simulation/install/laser/share/laser/package.ps1'
[0.727s] INFO:colcon.colcon_core.shell:Creating package descriptor '/home/furry/Desktop/gazebo_simulation/install/laser/share/laser/package.dsv'
[0.727s] INFO:colcon.colcon_core.shell:Creating package script '/home/furry/Desktop/gazebo_simulation/install/laser/share/laser/package.sh'
[0.727s] INFO:colcon.colcon_core.shell:Creating package script '/home/furry/Desktop/gazebo_simulation/install/laser/share/laser/package.bash'
[0.727s] INFO:colcon.colcon_core.shell:Creating package script '/home/furry/Desktop/gazebo_simulation/install/laser/share/laser/package.zsh'
[0.727s] Level 1:colcon.colcon_core.environment:create_file_with_runtime_dependencies(/home/furry/Desktop/gazebo_simulation/install/laser/share/colcon-core/packages/laser)
[0.728s] DEBUG:colcon.colcon_parallel_executor.executor.parallel:closing loop
[0.728s] DEBUG:colcon.colcon_parallel_executor.executor.parallel:loop closed
[0.728s] DEBUG:colcon.colcon_parallel_executor.executor.parallel:run_until_complete finished with '0'
[0.728s] DEBUG:colcon.colcon_core.event_reactor:joining thread
[0.731s] INFO:colcon.colcon_core.plugin_system:Skipping extension 'colcon_notification.desktop_notification.terminal_notifier': Not used on non-Darwin systems
[0.731s] INFO:colcon.colcon_core.plugin_system:Skipping extension 'colcon_notification.desktop_notification.win32': Not used on non-Windows systems
[0.731s] INFO:colcon.colcon_notification.desktop_notification:Sending desktop notification using 'notify2'
[0.740s] DEBUG:colcon.colcon_core.event_reactor:joined thread
[0.741s] INFO:colcon.colcon_core.shell:Creating prefix script '/home/furry/Desktop/gazebo_simulation/install/local_setup.ps1'
[0.741s] INFO:colcon.colcon_core.shell:Creating prefix util module '/home/furry/Desktop/gazebo_simulation/install/_local_setup_util_ps1.py'
[0.742s] INFO:colcon.colcon_core.shell:Creating prefix chain script '/home/furry/Desktop/gazebo_simulation/install/setup.ps1'
[0.743s] INFO:colcon.colcon_core.shell:Creating prefix script '/home/furry/Desktop/gazebo_simulation/install/local_setup.sh'
[0.743s] INFO:colcon.colcon_core.shell:Creating prefix util module '/home/furry/Desktop/gazebo_simulation/install/_local_setup_util_sh.py'
[0.743s] INFO:colcon.colcon_core.shell:Creating prefix chain script '/home/furry/Desktop/gazebo_simulation/install/setup.sh'
[0.744s] INFO:colcon.colcon_core.shell:Creating prefix script '/home/furry/Desktop/gazebo_simulation/install/local_setup.bash'
[0.744s] INFO:colcon.colcon_core.shell:Creating prefix chain script '/home/furry/Desktop/gazebo_simulation/install/setup.bash'
[0.744s] INFO:colcon.colcon_core.shell:Creating prefix script '/home/furry/Desktop/gazebo_simulation/install/local_setup.zsh'
[0.745s] INFO:colcon.colcon_core.shell:Creating prefix chain script '/home/furry/Desktop/gazebo_simulation/install/setup.zsh'
