[0.010s] Invoking command in '/home/furry/Desktop/gazebo_simulation/build/my_robot_description': CMAKE_PREFIX_PATH=${CMAKE_PREFIX_PATH}:/home/furry/Desktop/gazebo_simulation/install/laser:/opt/ros/humble /usr/bin/cmake --build /home/furry/Desktop/gazebo_simulation/build/my_robot_description -- -j24 -l24
[0.146s] Invoked command in '/home/furry/Desktop/gazebo_simulation/build/my_robot_description' returned '0': CMAKE_PREFIX_PATH=${CMAKE_PREFIX_PATH}:/home/furry/Desktop/gazebo_simulation/install/laser:/opt/ros/humble /usr/bin/cmake --build /home/furry/Desktop/gazebo_simulation/build/my_robot_description -- -j24 -l24
[0.153s] Invoking command in '/home/furry/Desktop/gazebo_simulation/build/my_robot_description': CMAKE_PREFIX_PATH=${CMAKE_PREFIX_PATH}:/home/furry/Desktop/gazebo_simulation/install/laser:/opt/ros/humble /usr/bin/cmake --install /home/furry/Desktop/gazebo_simulation/build/my_robot_description
[0.156s] -- Install configuration: ""
[0.156s] -- Up-to-date: /home/furry/Desktop/gazebo_simulation/install/my_robot_description/share/my_robot_description//worlds
[0.156s] -- Up-to-date: /home/furry/Desktop/gazebo_simulation/install/my_robot_description/share/my_robot_description//worlds/new_vision.world
[0.157s] -- Up-to-date: /home/furry/Desktop/gazebo_simulation/install/my_robot_description/share/my_robot_description//worlds/robocon25.world
[0.157s] -- Up-to-date: /home/furry/Desktop/gazebo_simulation/install/my_robot_description/share/my_robot_description//worlds/basketball.world
[0.157s] -- Up-to-date: /home/furry/Desktop/gazebo_simulation/install/my_robot_description/share/my_robot_description//models
[0.157s] -- Up-to-date: /home/furry/Desktop/gazebo_simulation/install/my_robot_description/share/my_robot_description//models/model.config
[0.157s] -- Up-to-date: /home/furry/Desktop/gazebo_simulation/install/my_robot_description/share/my_robot_description//models/basketball
[0.157s] -- Up-to-date: /home/furry/Desktop/gazebo_simulation/install/my_robot_description/share/my_robot_description//models/basketball/model.config
[0.157s] -- Up-to-date: /home/furry/Desktop/gazebo_simulation/install/my_robot_description/share/my_robot_description//models/basketball/basketball.sdf
[0.157s] -- Up-to-date: /home/furry/Desktop/gazebo_simulation/install/my_robot_description/share/my_robot_description//models/basketball/model.dae
[0.157s] -- Up-to-date: /home/furry/Desktop/gazebo_simulation/install/my_robot_description/share/my_robot_description//models/robot.model
[0.157s] -- Up-to-date: /home/furry/Desktop/gazebo_simulation/install/my_robot_description/share/my_robot_description//models/RoboCon25_Field
[0.157s] -- Up-to-date: /home/furry/Desktop/gazebo_simulation/install/my_robot_description/share/my_robot_description//models/RoboCon25_Field/model.config
[0.157s] -- Up-to-date: /home/furry/Desktop/gazebo_simulation/install/my_robot_description/share/my_robot_description//models/RoboCon25_Field/model.sdf
[0.157s] -- Up-to-date: /home/furry/Desktop/gazebo_simulation/install/my_robot_description/share/my_robot_description//models/RoboCon25_Field/materials
[0.157s] -- Up-to-date: /home/furry/Desktop/gazebo_simulation/install/my_robot_description/share/my_robot_description//models/RoboCon25_Field/materials/textures
[0.157s] -- Up-to-date: /home/furry/Desktop/gazebo_simulation/install/my_robot_description/share/my_robot_description//models/RoboCon25_Field/materials/textures/lines.png
[0.157s] -- Up-to-date: /home/furry/Desktop/gazebo_simulation/install/my_robot_description/share/my_robot_description//models/RoboCon25_Field/materials/textures/carpet.jpg
[0.157s] -- Up-to-date: /home/furry/Desktop/gazebo_simulation/install/my_robot_description/share/my_robot_description//models/RoboCon25_Field/materials/scripts
[0.157s] -- Up-to-date: /home/furry/Desktop/gazebo_simulation/install/my_robot_description/share/my_robot_description//models/RoboCon25_Field/materials/scripts/robocon25_field.material
[0.157s] -- Up-to-date: /home/furry/Desktop/gazebo_simulation/install/my_robot_description/share/my_robot_description//models/hoopC
[0.157s] -- Up-to-date: /home/furry/Desktop/gazebo_simulation/install/my_robot_description/share/my_robot_description//models/hoopC/model.config
[0.157s] -- Up-to-date: /home/furry/Desktop/gazebo_simulation/install/my_robot_description/share/my_robot_description//models/hoopC/model.dae
[0.157s] -- Up-to-date: /home/furry/Desktop/gazebo_simulation/install/my_robot_description/share/my_robot_description//models/hoop2
[0.157s] -- Up-to-date: /home/furry/Desktop/gazebo_simulation/install/my_robot_description/share/my_robot_description//models/hoop2/model.config
[0.157s] -- Up-to-date: /home/furry/Desktop/gazebo_simulation/install/my_robot_description/share/my_robot_description//models/hoop2/model
[0.157s] -- Up-to-date: /home/furry/Desktop/gazebo_simulation/install/my_robot_description/share/my_robot_description//models/hoop2/model/model.config
[0.157s] -- Up-to-date: /home/furry/Desktop/gazebo_simulation/install/my_robot_description/share/my_robot_description//models/hoop2/model/BB2140.jpg
[0.158s] -- Up-to-date: /home/furry/Desktop/gazebo_simulation/install/my_robot_description/share/my_robot_description//models/hoop2/model.dae
[0.158s] -- Up-to-date: /home/furry/Desktop/gazebo_simulation/install/my_robot_description/share/my_robot_description//models/hoop2/hoop.sdf
[0.158s] -- Up-to-date: /home/furry/Desktop/gazebo_simulation/install/my_robot_description/share/my_robot_description//models/hoop1
[0.158s] -- Up-to-date: /home/furry/Desktop/gazebo_simulation/install/my_robot_description/share/my_robot_description//models/hoop1/model.config
[0.158s] -- Up-to-date: /home/furry/Desktop/gazebo_simulation/install/my_robot_description/share/my_robot_description//models/hoop1/model
[0.158s] -- Up-to-date: /home/furry/Desktop/gazebo_simulation/install/my_robot_description/share/my_robot_description//models/hoop1/model/model.config
[0.158s] -- Up-to-date: /home/furry/Desktop/gazebo_simulation/install/my_robot_description/share/my_robot_description//models/hoop1/model/BB2140.jpg
[0.158s] -- Up-to-date: /home/furry/Desktop/gazebo_simulation/install/my_robot_description/share/my_robot_description//models/hoop1/model.dae
[0.158s] -- Up-to-date: /home/furry/Desktop/gazebo_simulation/install/my_robot_description/share/my_robot_description//models/hoop1/hoop.sdf
[0.158s] -- Up-to-date: /home/furry/Desktop/gazebo_simulation/install/my_robot_description/share/my_robot_description//urdf
[0.158s] -- Up-to-date: /home/furry/Desktop/gazebo_simulation/install/my_robot_description/share/my_robot_description//urdf/plugin
[0.158s] -- Up-to-date: /home/furry/Desktop/gazebo_simulation/install/my_robot_description/share/my_robot_description//urdf/plugin/laser_plugin.xacro
[0.158s] -- Up-to-date: /home/furry/Desktop/gazebo_simulation/install/my_robot_description/share/my_robot_description//urdf/plugin/imu_plugin copy.xacro
[0.158s] -- Up-to-date: /home/furry/Desktop/gazebo_simulation/install/my_robot_description/share/my_robot_description//urdf/plugin/imu_plugin.xacro
[0.158s] -- Up-to-date: /home/furry/Desktop/gazebo_simulation/install/my_robot_description/share/my_robot_description//urdf/plugin/laser_plugin_single.xacro
[0.158s] -- Up-to-date: /home/furry/Desktop/gazebo_simulation/install/my_robot_description/share/my_robot_description//urdf/my_robot.urdf.xacro
[0.158s] -- Up-to-date: /home/furry/Desktop/gazebo_simulation/install/my_robot_description/share/my_robot_description//urdf/color.xacro
[0.158s] -- Up-to-date: /home/furry/Desktop/gazebo_simulation/install/my_robot_description/share/my_robot_description//urdf/common_inertia.xacro
[0.158s] -- Up-to-date: /home/furry/Desktop/gazebo_simulation/install/my_robot_description/share/my_robot_description//urdf/my_robot.urdf_bak.xacro
[0.158s] -- Up-to-date: /home/furry/Desktop/gazebo_simulation/install/my_robot_description/share/my_robot_description//urdf/actuator
[0.158s] -- Up-to-date: /home/furry/Desktop/gazebo_simulation/install/my_robot_description/share/my_robot_description//urdf/actuator/wheel.urdf.xacro
[0.158s] -- Up-to-date: /home/furry/Desktop/gazebo_simulation/install/my_robot_description/share/my_robot_description//urdf/sensor
[0.158s] -- Up-to-date: /home/furry/Desktop/gazebo_simulation/install/my_robot_description/share/my_robot_description//urdf/sensor/laser.urdf.xacro
[0.158s] -- Up-to-date: /home/furry/Desktop/gazebo_simulation/install/my_robot_description/share/my_robot_description//urdf/sensor/laser_single.urdf.xacro
[0.158s] -- Up-to-date: /home/furry/Desktop/gazebo_simulation/install/my_robot_description/share/my_robot_description//urdf/sensor/imu.urdf.xacro
[0.158s] -- Up-to-date: /home/furry/Desktop/gazebo_simulation/install/my_robot_description/share/my_robot_description//urdf/sensor/imu.urdf copy.xacro
[0.158s] -- Up-to-date: /home/furry/Desktop/gazebo_simulation/install/my_robot_description/share/my_robot_description//urdf/myrobot_ros2_control.xacro
[0.158s] -- Up-to-date: /home/furry/Desktop/gazebo_simulation/install/my_robot_description/share/my_robot_description//urdf/my_robot.urdf_bak1.xacro
[0.158s] -- Up-to-date: /home/furry/Desktop/gazebo_simulation/install/my_robot_description/share/my_robot_description//urdf/舵轮底盘0.csv
[0.158s] -- Up-to-date: /home/furry/Desktop/gazebo_simulation/install/my_robot_description/share/my_robot_description//urdf/my_robot.urdf1.xacro
[0.158s] -- Up-to-date: /home/furry/Desktop/gazebo_simulation/install/my_robot_description/share/my_robot_description//launch
[0.158s] -- Up-to-date: /home/furry/Desktop/gazebo_simulation/install/my_robot_description/share/my_robot_description//launch/load_world.launch.xml
[0.158s] -- Up-to-date: /home/furry/Desktop/gazebo_simulation/install/my_robot_description/share/my_robot_description//launch/display.launch.xml
[0.159s] -- Up-to-date: /home/furry/Desktop/gazebo_simulation/install/my_robot_description/share/my_robot_description//launch/control.launch.py
[0.159s] -- Up-to-date: /home/furry/Desktop/gazebo_simulation/install/my_robot_description/share/my_robot_description//launch/load_world.launch.py
[0.159s] -- Up-to-date: /home/furry/Desktop/gazebo_simulation/install/my_robot_description/share/my_robot_description//rviz
[0.159s] -- Up-to-date: /home/furry/Desktop/gazebo_simulation/install/my_robot_description/share/my_robot_description//rviz/urdf_config.rviz
[0.159s] -- Up-to-date: /home/furry/Desktop/gazebo_simulation/install/my_robot_description/share/my_robot_description//meshes
[0.159s] -- Up-to-date: /home/furry/Desktop/gazebo_simulation/install/my_robot_description/share/my_robot_description//meshes/wheel2_2.STL
[0.159s] -- Up-to-date: /home/furry/Desktop/gazebo_simulation/install/my_robot_description/share/my_robot_description//meshes/wheel3_3.STL
[0.159s] -- Up-to-date: /home/furry/Desktop/gazebo_simulation/install/my_robot_description/share/my_robot_description//meshes/wheel1.STL
[0.159s] -- Up-to-date: /home/furry/Desktop/gazebo_simulation/install/my_robot_description/share/my_robot_description//meshes/wheel2.STL
[0.159s] -- Up-to-date: /home/furry/Desktop/gazebo_simulation/install/my_robot_description/share/my_robot_description//meshes/base_link.STL
[0.159s] -- Up-to-date: /home/furry/Desktop/gazebo_simulation/install/my_robot_description/share/my_robot_description//meshes/wheel3.STL
[0.159s] -- Up-to-date: /home/furry/Desktop/gazebo_simulation/install/my_robot_description/share/my_robot_description//meshes/wheel1_1.STL
[0.159s] -- Up-to-date: /home/furry/Desktop/gazebo_simulation/install/my_robot_description/share/my_robot_description//config
[0.159s] -- Up-to-date: /home/furry/Desktop/gazebo_simulation/install/my_robot_description/share/my_robot_description//config/joint_names_舵轮底盘0.yaml
[0.159s] -- Up-to-date: /home/furry/Desktop/gazebo_simulation/install/my_robot_description/share/ament_index/resource_index/package_run_dependencies/my_robot_description
[0.159s] -- Up-to-date: /home/furry/Desktop/gazebo_simulation/install/my_robot_description/share/ament_index/resource_index/parent_prefix_path/my_robot_description
[0.159s] -- Up-to-date: /home/furry/Desktop/gazebo_simulation/install/my_robot_description/share/my_robot_description/environment/ament_prefix_path.sh
[0.159s] -- Up-to-date: /home/furry/Desktop/gazebo_simulation/install/my_robot_description/share/my_robot_description/environment/ament_prefix_path.dsv
[0.159s] -- Up-to-date: /home/furry/Desktop/gazebo_simulation/install/my_robot_description/share/my_robot_description/environment/path.sh
[0.159s] -- Up-to-date: /home/furry/Desktop/gazebo_simulation/install/my_robot_description/share/my_robot_description/environment/path.dsv
[0.159s] -- Up-to-date: /home/furry/Desktop/gazebo_simulation/install/my_robot_description/share/my_robot_description/local_setup.bash
[0.159s] -- Up-to-date: /home/furry/Desktop/gazebo_simulation/install/my_robot_description/share/my_robot_description/local_setup.sh
[0.159s] -- Up-to-date: /home/furry/Desktop/gazebo_simulation/install/my_robot_description/share/my_robot_description/local_setup.zsh
[0.159s] -- Up-to-date: /home/furry/Desktop/gazebo_simulation/install/my_robot_description/share/my_robot_description/local_setup.dsv
[0.159s] -- Installing: /home/furry/Desktop/gazebo_simulation/install/my_robot_description/share/my_robot_description/package.dsv
[0.159s] -- Up-to-date: /home/furry/Desktop/gazebo_simulation/install/my_robot_description/share/ament_index/resource_index/packages/my_robot_description
[0.159s] -- Up-to-date: /home/furry/Desktop/gazebo_simulation/install/my_robot_description/share/my_robot_description/cmake/my_robot_descriptionConfig.cmake
[0.159s] -- Up-to-date: /home/furry/Desktop/gazebo_simulation/install/my_robot_description/share/my_robot_description/cmake/my_robot_descriptionConfig-version.cmake
[0.159s] -- Up-to-date: /home/furry/Desktop/gazebo_simulation/install/my_robot_description/share/my_robot_description/package.xml
[0.160s] Invoked command in '/home/furry/Desktop/gazebo_simulation/build/my_robot_description' returned '0': CMAKE_PREFIX_PATH=${CMAKE_PREFIX_PATH}:/home/furry/Desktop/gazebo_simulation/install/laser:/opt/ros/humble /usr/bin/cmake --install /home/furry/Desktop/gazebo_simulation/build/my_robot_description
