[0.374s] Invoking command in '/home/furry/Desktop/gazebo_simulation/src/laser': PYTHONPATH=/home/furry/Desktop/gazebo_simulation/build/laser/prefix_override:/usr/lib/python3/dist-packages/colcon_core/task/python/colcon_distutils_commands:/home/furry/Desktop/gazebo_simulation/install/laser/lib/python3.10/site-packages:${PYTHONPATH} /usr/bin/python3 -W ignore:setup.py install is deprecated -W ignore:easy_install command is deprecated setup.py egg_info --egg-base ../../build/laser build --build-base /home/furry/Desktop/gazebo_simulation/build/laser/build install --record /home/furry/Desktop/gazebo_simulation/build/laser/install.log --single-version-externally-managed install_data
[0.506s] running egg_info
[0.506s] creating ../../build/laser/laser.egg-info
[0.506s] writing ../../build/laser/laser.egg-info/PKG-INFO
[0.506s] writing dependency_links to ../../build/laser/laser.egg-info/dependency_links.txt
[0.506s] writing entry points to ../../build/laser/laser.egg-info/entry_points.txt
[0.506s] writing requirements to ../../build/laser/laser.egg-info/requires.txt
[0.506s] writing top-level names to ../../build/laser/laser.egg-info/top_level.txt
[0.506s] writing manifest file '../../build/laser/laser.egg-info/SOURCES.txt'
[0.508s] reading manifest file '../../build/laser/laser.egg-info/SOURCES.txt'
[0.508s] writing manifest file '../../build/laser/laser.egg-info/SOURCES.txt'
[0.508s] running build
[0.508s] running build_py
[0.509s] creating /home/furry/Desktop/gazebo_simulation/build/laser/build
[0.509s] creating /home/furry/Desktop/gazebo_simulation/build/laser/build/lib
[0.509s] creating /home/furry/Desktop/gazebo_simulation/build/laser/build/lib/laser
[0.509s] copying laser/get.py -> /home/furry/Desktop/gazebo_simulation/build/laser/build/lib/laser
[0.509s] copying laser/laser.py -> /home/furry/Desktop/gazebo_simulation/build/laser/build/lib/laser
[0.509s] copying laser/__init__.py -> /home/furry/Desktop/gazebo_simulation/build/laser/build/lib/laser
[0.509s] running install
[0.509s] running install_lib
[0.509s] creating /home/furry/Desktop/gazebo_simulation/install/laser/lib/python3.10/site-packages/laser
[0.509s] copying /home/furry/Desktop/gazebo_simulation/build/laser/build/lib/laser/get.py -> /home/furry/Desktop/gazebo_simulation/install/laser/lib/python3.10/site-packages/laser
[0.509s] copying /home/furry/Desktop/gazebo_simulation/build/laser/build/lib/laser/laser.py -> /home/furry/Desktop/gazebo_simulation/install/laser/lib/python3.10/site-packages/laser
[0.509s] copying /home/furry/Desktop/gazebo_simulation/build/laser/build/lib/laser/__init__.py -> /home/furry/Desktop/gazebo_simulation/install/laser/lib/python3.10/site-packages/laser
[0.509s] byte-compiling /home/furry/Desktop/gazebo_simulation/install/laser/lib/python3.10/site-packages/laser/get.py to get.cpython-310.pyc
[0.510s] byte-compiling /home/furry/Desktop/gazebo_simulation/install/laser/lib/python3.10/site-packages/laser/laser.py to laser.cpython-310.pyc
[0.511s] byte-compiling /home/furry/Desktop/gazebo_simulation/install/laser/lib/python3.10/site-packages/laser/__init__.py to __init__.cpython-310.pyc
[0.512s] running install_data
[0.512s] creating /home/furry/Desktop/gazebo_simulation/install/laser/share/ament_index
[0.512s] creating /home/furry/Desktop/gazebo_simulation/install/laser/share/ament_index/resource_index
[0.512s] creating /home/furry/Desktop/gazebo_simulation/install/laser/share/ament_index/resource_index/packages
[0.512s] copying resource/laser -> /home/furry/Desktop/gazebo_simulation/install/laser/share/ament_index/resource_index/packages
[0.512s] copying package.xml -> /home/furry/Desktop/gazebo_simulation/install/laser/share/laser
[0.512s] running install_egg_info
[0.513s] Copying ../../build/laser/laser.egg-info to /home/furry/Desktop/gazebo_simulation/install/laser/lib/python3.10/site-packages/laser-0.0.0-py3.10.egg-info
[0.513s] running install_scripts
[0.525s] Installing laser script to /home/furry/Desktop/gazebo_simulation/install/laser/lib/laser
[0.526s] writing list of installed files to '/home/furry/Desktop/gazebo_simulation/build/laser/install.log'
[0.541s] Invoked command in '/home/furry/Desktop/gazebo_simulation/src/laser' returned '0': PYTHONPATH=/home/furry/Desktop/gazebo_simulation/build/laser/prefix_override:/usr/lib/python3/dist-packages/colcon_core/task/python/colcon_distutils_commands:/home/furry/Desktop/gazebo_simulation/install/laser/lib/python3.10/site-packages:${PYTHONPATH} /usr/bin/python3 -W ignore:setup.py install is deprecated -W ignore:easy_install command is deprecated setup.py egg_info --egg-base ../../build/laser build --build-base /home/furry/Desktop/gazebo_simulation/build/laser/build install --record /home/furry/Desktop/gazebo_simulation/build/laser/install.log --single-version-externally-managed install_data
