[0.005s] Invoking command in '/home/furry/Desktop/gazebo_simulation/src/build/my_robot_bringup': AMENT_PREFIX_PATH=/home/furry/Desktop/gazebo_simulation/src/install/my_robot_description:${AMENT_PREFIX_PATH} CMAKE_PREFIX_PATH=/home/furry/Desktop/gazebo_simulation/src/install/my_robot_description:/home/furry/Desktop/gazebo_simulation/install/myrobot_controller:/home/furry/Desktop/gazebo_simulation/install/my_robot_bringup:/home/furry/Desktop/gazebo_simulation/install/my_robot_description:/opt/ros/humble /usr/bin/cmake /home/furry/Desktop/gazebo_simulation/src/my_robot_bringup -DCMAKE_INSTALL_PREFIX=/home/furry/Desktop/gazebo_simulation/src/install/my_robot_bringup
[0.039s] -- The C compiler identification is GNU 11.4.0
[0.076s] -- The CXX compiler identification is GNU 11.4.0
[0.080s] -- Detecting C compiler ABI info
[0.129s] -- Detecting C compiler ABI info - done
[0.136s] -- Check for working C compiler: /usr/bin/cc - skipped
[0.136s] -- Detecting C compile features
[0.136s] -- Detecting C compile features - done
[0.138s] -- Detecting CXX compiler ABI info
[0.202s] -- Detecting CXX compiler ABI info - done
[0.206s] -- Check for working CXX compiler: /usr/bin/c++ - skipped
[0.207s] -- Detecting CXX compile features
[0.207s] -- Detecting CXX compile features - done
[0.208s] -- Found ament_cmake: 1.3.11 (/opt/ros/humble/share/ament_cmake/cmake)
[0.316s] -- Found Python3: /usr/bin/python3 (found version "3.10.12") found components: Interpreter 
[0.369s] -- Found rclpy: 3.3.15 (/opt/ros/humble/share/rclpy/cmake)
[0.411s] -- Configuring done
[0.412s] -- Generating done
[0.413s] -- Build files have been written to: /home/furry/Desktop/gazebo_simulation/src/build/my_robot_bringup
[0.417s] Invoked command in '/home/furry/Desktop/gazebo_simulation/src/build/my_robot_bringup' returned '0': AMENT_PREFIX_PATH=/home/furry/Desktop/gazebo_simulation/src/install/my_robot_description:${AMENT_PREFIX_PATH} CMAKE_PREFIX_PATH=/home/furry/Desktop/gazebo_simulation/src/install/my_robot_description:/home/furry/Desktop/gazebo_simulation/install/myrobot_controller:/home/furry/Desktop/gazebo_simulation/install/my_robot_bringup:/home/furry/Desktop/gazebo_simulation/install/my_robot_description:/opt/ros/humble /usr/bin/cmake /home/furry/Desktop/gazebo_simulation/src/my_robot_bringup -DCMAKE_INSTALL_PREFIX=/home/furry/Desktop/gazebo_simulation/src/install/my_robot_bringup
[0.417s] Invoking command in '/home/furry/Desktop/gazebo_simulation/src/build/my_robot_bringup': AMENT_PREFIX_PATH=/home/furry/Desktop/gazebo_simulation/src/install/my_robot_description:${AMENT_PREFIX_PATH} CMAKE_PREFIX_PATH=/home/furry/Desktop/gazebo_simulation/src/install/my_robot_description:/home/furry/Desktop/gazebo_simulation/install/myrobot_controller:/home/furry/Desktop/gazebo_simulation/install/my_robot_bringup:/home/furry/Desktop/gazebo_simulation/install/my_robot_description:/opt/ros/humble /usr/bin/cmake --build /home/furry/Desktop/gazebo_simulation/src/build/my_robot_bringup -- -j24 -l24
[0.442s] Invoked command in '/home/furry/Desktop/gazebo_simulation/src/build/my_robot_bringup' returned '0': AMENT_PREFIX_PATH=/home/furry/Desktop/gazebo_simulation/src/install/my_robot_description:${AMENT_PREFIX_PATH} CMAKE_PREFIX_PATH=/home/furry/Desktop/gazebo_simulation/src/install/my_robot_description:/home/furry/Desktop/gazebo_simulation/install/myrobot_controller:/home/furry/Desktop/gazebo_simulation/install/my_robot_bringup:/home/furry/Desktop/gazebo_simulation/install/my_robot_description:/opt/ros/humble /usr/bin/cmake --build /home/furry/Desktop/gazebo_simulation/src/build/my_robot_bringup -- -j24 -l24
[0.443s] Invoking command in '/home/furry/Desktop/gazebo_simulation/src/build/my_robot_bringup': AMENT_PREFIX_PATH=/home/furry/Desktop/gazebo_simulation/src/install/my_robot_description:${AMENT_PREFIX_PATH} CMAKE_PREFIX_PATH=/home/furry/Desktop/gazebo_simulation/src/install/my_robot_description:/home/furry/Desktop/gazebo_simulation/install/myrobot_controller:/home/furry/Desktop/gazebo_simulation/install/my_robot_bringup:/home/furry/Desktop/gazebo_simulation/install/my_robot_description:/opt/ros/humble /usr/bin/cmake --install /home/furry/Desktop/gazebo_simulation/src/build/my_robot_bringup
[0.450s] -- Install configuration: ""
[0.451s] -- Installing: /home/furry/Desktop/gazebo_simulation/src/install/my_robot_bringup/share/my_robot_bringup/launch
[0.451s] -- Installing: /home/furry/Desktop/gazebo_simulation/src/install/my_robot_bringup/share/my_robot_bringup/launch/my_robot_gazebo.launch.xml
[0.451s] -- Installing: /home/furry/Desktop/gazebo_simulation/src/install/my_robot_bringup/share/my_robot_bringup/launch/my_robot.launch.py
[0.451s] -- Installing: /home/furry/Desktop/gazebo_simulation/src/install/my_robot_bringup/share/my_robot_bringup/launch/wheel_test.launch.py
[0.451s] -- Installing: /home/furry/Desktop/gazebo_simulation/src/install/my_robot_bringup/share/my_robot_bringup/rviz
[0.451s] -- Installing: /home/furry/Desktop/gazebo_simulation/src/install/my_robot_bringup/share/my_robot_bringup/rviz/urdf_config.rviz
[0.451s] -- Installing: /home/furry/Desktop/gazebo_simulation/src/install/my_robot_bringup/share/my_robot_bringup/src
[0.451s] -- Installing: /home/furry/Desktop/gazebo_simulation/src/install/my_robot_bringup/share/my_robot_bringup/src/robot_controller.py
[0.451s] -- Installing: /home/furry/Desktop/gazebo_simulation/src/install/my_robot_bringup/share/ament_index/resource_index/package_run_dependencies/my_robot_bringup
[0.451s] -- Installing: /home/furry/Desktop/gazebo_simulation/src/install/my_robot_bringup/share/ament_index/resource_index/parent_prefix_path/my_robot_bringup
[0.451s] -- Installing: /home/furry/Desktop/gazebo_simulation/src/install/my_robot_bringup/share/my_robot_bringup/environment/ament_prefix_path.sh
[0.451s] -- Installing: /home/furry/Desktop/gazebo_simulation/src/install/my_robot_bringup/share/my_robot_bringup/environment/ament_prefix_path.dsv
[0.451s] -- Installing: /home/furry/Desktop/gazebo_simulation/src/install/my_robot_bringup/share/my_robot_bringup/environment/path.sh
[0.451s] -- Installing: /home/furry/Desktop/gazebo_simulation/src/install/my_robot_bringup/share/my_robot_bringup/environment/path.dsv
[0.451s] -- Installing: /home/furry/Desktop/gazebo_simulation/src/install/my_robot_bringup/share/my_robot_bringup/local_setup.bash
[0.451s] -- Installing: /home/furry/Desktop/gazebo_simulation/src/install/my_robot_bringup/share/my_robot_bringup/local_setup.sh
[0.452s] -- Installing: /home/furry/Desktop/gazebo_simulation/src/install/my_robot_bringup/share/my_robot_bringup/local_setup.zsh
[0.452s] -- Installing: /home/furry/Desktop/gazebo_simulation/src/install/my_robot_bringup/share/my_robot_bringup/local_setup.dsv
[0.452s] -- Installing: /home/furry/Desktop/gazebo_simulation/src/install/my_robot_bringup/share/my_robot_bringup/package.dsv
[0.452s] -- Installing: /home/furry/Desktop/gazebo_simulation/src/install/my_robot_bringup/share/ament_index/resource_index/packages/my_robot_bringup
[0.452s] -- Installing: /home/furry/Desktop/gazebo_simulation/src/install/my_robot_bringup/share/my_robot_bringup/cmake/my_robot_bringupConfig.cmake
[0.452s] -- Installing: /home/furry/Desktop/gazebo_simulation/src/install/my_robot_bringup/share/my_robot_bringup/cmake/my_robot_bringupConfig-version.cmake
[0.452s] -- Installing: /home/furry/Desktop/gazebo_simulation/src/install/my_robot_bringup/share/my_robot_bringup/package.xml
[0.453s] Invoked command in '/home/furry/Desktop/gazebo_simulation/src/build/my_robot_bringup' returned '0': AMENT_PREFIX_PATH=/home/furry/Desktop/gazebo_simulation/src/install/my_robot_description:${AMENT_PREFIX_PATH} CMAKE_PREFIX_PATH=/home/furry/Desktop/gazebo_simulation/src/install/my_robot_description:/home/furry/Desktop/gazebo_simulation/install/myrobot_controller:/home/furry/Desktop/gazebo_simulation/install/my_robot_bringup:/home/furry/Desktop/gazebo_simulation/install/my_robot_description:/opt/ros/humble /usr/bin/cmake --install /home/furry/Desktop/gazebo_simulation/src/build/my_robot_bringup
